[ 2018-01-19T09:59:12+08:00 ] ::1 /Database/
INFO: [ app_init ] --START--
INFO: Run Behavior\BuildLiteBehavior [ RunTime:0.000004s ]
INFO: [ app_init ] --END-- [ RunTime:0.000035s ]
INFO: [ app_begin ] --START--
INFO: Run Behavior\ReadHtmlCacheBehavior [ RunTime:0.001820s ]
INFO: [ app_begin ] --END-- [ RunTime:0.001841s ]
SQL: SHOW COLUMNS FROM `events` [ RunTime:0.0439s ]
SQL: SELECT * FROM `events` WHERE `status` = 1  [ RunTime:0.0004s ]
SQL: SHOW COLUMNS FROM `goods` [ RunTime:0.1428s ]
SQL: SELECT * FROM `goods` WHERE ( 1=1 AND id='2' ) LIMIT 1   [ RunTime:0.0005s ]
SQL: SELECT * FROM `goods` WHERE ( 1=1 AND id='3' ) LIMIT 1   [ RunTime:0.0003s ]
NOTIC: [2] Missing argument 1 for Think\Controller::show(), called in E:\UPUPW_AP7.0\htdocs\DataBase\Application\Home\Controller\IndexController.class.php on line 16 and defined E:\UPUPW_AP7.0\htdocs\DataBase\ThinkPHP\Library\Think\Controller.class.php 第 68 行.
NOTIC: [8] Undefined variable: content E:\UPUPW_AP7.0\htdocs\DataBase\ThinkPHP\Library\Think\Controller.class.php 第 69 行.
INFO: [ view_parse ] --START--
INFO: [ template_filter ] --START--
INFO: Run Behavior\ContentReplaceBehavior [ RunTime:0.000065s ]
INFO: [ template_filter ] --END-- [ RunTime:0.000109s ]
INFO: Run Behavior\ParseTemplateBehavior [ RunTime:0.064900s ]
INFO: [ view_parse ] --END-- [ RunTime:0.064936s ]
INFO: [ view_filter ] --START--
INFO: Run Behavior\WriteHtmlCacheBehavior [ RunTime:0.001633s ]
INFO: [ view_filter ] --END-- [ RunTime:0.001650s ]
INFO: [ app_end ] --START--
INFO: Run Behavior\ShowPageTraceBehavior [ RunTime:0.001904s ]
INFO: [ app_end ] --END-- [ RunTime:0.001920s ]

[ 2018-01-19T09:59:14+08:00 ] ::1 /Database/Home/Index/get_reward
INFO: [ app_init ] --START--
INFO: Run Behavior\BuildLiteBehavior [ RunTime:0.000007s ]
INFO: [ app_init ] --END-- [ RunTime:0.000039s ]
INFO: [ app_begin ] --START--
INFO: Run Behavior\ReadHtmlCacheBehavior [ RunTime:0.001171s ]
INFO: [ app_begin ] --END-- [ RunTime:0.001202s ]
SQL: SHOW COLUMNS FROM `user` [ RunTime:0.0562s ]
SQL: SHOW COLUMNS FROM `goods` [ RunTime:0.0042s ]
SQL: SELECT COUNT(*) AS tp_count FROM `user` LIMIT 1   [ RunTime:0.0002s ]
SQL: SELECT `user_nickname` FROM `user` WHERE `id` = 2 AND `user_rank` = 1 LIMIT 1   [ RunTime:0.0002s ]
SQL: SELECT COUNT(*) AS tp_count FROM `goods` LIMIT 1   [ RunTime:0.0002s ]
SQL: SELECT `good_name` FROM `goods` WHERE `id` = 1 LIMIT 1   [ RunTime:0.0002s ]

[ 2018-01-19T12:39:24+08:00 ] ::1 /DataBase/
INFO: [ app_init ] --START--
INFO: Run Behavior\BuildLiteBehavior [ RunTime:0.000006s ]
INFO: [ app_init ] --END-- [ RunTime:0.000033s ]
INFO: [ app_begin ] --START--
INFO: Run Behavior\ReadHtmlCacheBehavior [ RunTime:0.001142s ]
INFO: [ app_begin ] --END-- [ RunTime:0.001186s ]
SQL: SHOW COLUMNS FROM `events` [ RunTime:0.0072s ]
SQL: SELECT * FROM `events` WHERE `status` = 1  [ RunTime:0.0003s ]
SQL: SHOW COLUMNS FROM `goods` [ RunTime:0.0051s ]
SQL: SELECT * FROM `goods` WHERE ( 1=1 AND id='2' ) LIMIT 1   [ RunTime:0.0003s ]
SQL: SELECT * FROM `goods` WHERE ( 1=1 AND id='3' ) LIMIT 1   [ RunTime:0.0002s ]
NOTIC: [2] Missing argument 1 for Think\Controller::show(), called in E:\UPUPW_AP7.0\htdocs\DataBase\Application\Home\Controller\IndexController.class.php on line 16 and defined E:\UPUPW_AP7.0\htdocs\DataBase\ThinkPHP\Library\Think\Controller.class.php 第 68 行.
NOTIC: [8] Undefined variable: content E:\UPUPW_AP7.0\htdocs\DataBase\ThinkPHP\Library\Think\Controller.class.php 第 69 行.
INFO: [ view_parse ] --START--
INFO: [ template_filter ] --START--
INFO: Run Behavior\ContentReplaceBehavior [ RunTime:0.000070s ]
INFO: [ template_filter ] --END-- [ RunTime:0.000112s ]
INFO: Run Behavior\ParseTemplateBehavior [ RunTime:0.050307s ]
INFO: [ view_parse ] --END-- [ RunTime:0.050349s ]
INFO: [ view_filter ] --START--
INFO: Run Behavior\WriteHtmlCacheBehavior [ RunTime:0.001210s ]
INFO: [ view_filter ] --END-- [ RunTime:0.001250s ]
INFO: [ app_end ] --START--
INFO: Run Behavior\ShowPageTraceBehavior [ RunTime:0.001278s ]
INFO: [ app_end ] --END-- [ RunTime:0.001310s ]

[ 2018-01-19T12:42:02+08:00 ] ::1 /DataBase/
INFO: [ app_init ] --START--
INFO: Run Behavior\BuildLiteBehavior [ RunTime:0.000006s ]
INFO: [ app_init ] --END-- [ RunTime:0.000035s ]
INFO: [ app_begin ] --START--
INFO: Run Behavior\ReadHtmlCacheBehavior [ RunTime:0.001182s ]
INFO: [ app_begin ] --END-- [ RunTime:0.001210s ]
SQL: SHOW COLUMNS FROM `events` [ RunTime:0.0074s ]
SQL: SELECT * FROM `events` WHERE `status` = 1  [ RunTime:0.0003s ]
SQL: SHOW COLUMNS FROM `goods` [ RunTime:0.0053s ]
SQL: SELECT * FROM `goods` WHERE ( 1=1 AND id='2' ) LIMIT 1   [ RunTime:0.0003s ]
SQL: SELECT * FROM `goods` WHERE ( 1=1 AND id='3' ) LIMIT 1   [ RunTime:0.0002s ]
NOTIC: [2] Missing argument 1 for Think\Controller::show(), called in E:\UPUPW_AP7.0\htdocs\DataBase\Application\Home\Controller\IndexController.class.php on line 16 and defined E:\UPUPW_AP7.0\htdocs\DataBase\ThinkPHP\Library\Think\Controller.class.php 第 68 行.
NOTIC: [8] Undefined variable: content E:\UPUPW_AP7.0\htdocs\DataBase\ThinkPHP\Library\Think\Controller.class.php 第 69 行.
INFO: [ view_parse ] --START--
INFO: [ template_filter ] --START--
INFO: Run Behavior\ContentReplaceBehavior [ RunTime:0.000035s ]
INFO: [ template_filter ] --END-- [ RunTime:0.000058s ]
INFO: Run Behavior\ParseTemplateBehavior [ RunTime:0.007274s ]
INFO: [ view_parse ] --END-- [ RunTime:0.007301s ]
INFO: [ view_filter ] --START--
INFO: Run Behavior\WriteHtmlCacheBehavior [ RunTime:0.001184s ]
INFO: [ view_filter ] --END-- [ RunTime:0.001200s ]
INFO: [ app_end ] --START--
INFO: Run Behavior\ShowPageTraceBehavior [ RunTime:0.001229s ]
INFO: [ app_end ] --END-- [ RunTime:0.001249s ]

[ 2018-01-19T12:42:14+08:00 ] ::1 /DataBase/
INFO: [ app_init ] --START--
INFO: Run Behavior\BuildLiteBehavior [ RunTime:0.000005s ]
INFO: [ app_init ] --END-- [ RunTime:0.000027s ]
INFO: [ app_begin ] --START--
INFO: Run Behavior\ReadHtmlCacheBehavior [ RunTime:0.001132s ]
INFO: [ app_begin ] --END-- [ RunTime:0.001178s ]
SQL: SHOW COLUMNS FROM `events` [ RunTime:0.0072s ]
SQL: SELECT * FROM `events` WHERE `status` = 1  [ RunTime:0.0003s ]
SQL: SHOW COLUMNS FROM `goods` [ RunTime:0.0050s ]
SQL: SELECT * FROM `goods` WHERE ( 1=1 AND id='2' ) LIMIT 1   [ RunTime:0.0003s ]
SQL: SELECT * FROM `goods` WHERE ( 1=1 AND id='3' ) LIMIT 1   [ RunTime:0.0002s ]
NOTIC: [2] Missing argument 1 for Think\Controller::show(), called in E:\UPUPW_AP7.0\htdocs\DataBase\Application\Home\Controller\IndexController.class.php on line 16 and defined E:\UPUPW_AP7.0\htdocs\DataBase\ThinkPHP\Library\Think\Controller.class.php 第 68 行.
NOTIC: [8] Undefined variable: content E:\UPUPW_AP7.0\htdocs\DataBase\ThinkPHP\Library\Think\Controller.class.php 第 69 行.
INFO: [ view_parse ] --START--
INFO: [ template_filter ] --START--
INFO: Run Behavior\ContentReplaceBehavior [ RunTime:0.000041s ]
INFO: [ template_filter ] --END-- [ RunTime:0.000076s ]
INFO: Run Behavior\ParseTemplateBehavior [ RunTime:0.008030s ]
INFO: [ view_parse ] --END-- [ RunTime:0.008061s ]
INFO: [ view_filter ] --START--
INFO: Run Behavior\WriteHtmlCacheBehavior [ RunTime:0.001151s ]
INFO: [ view_filter ] --END-- [ RunTime:0.001185s ]
INFO: [ app_end ] --START--
INFO: Run Behavior\ShowPageTraceBehavior [ RunTime:0.001137s ]
INFO: [ app_end ] --END-- [ RunTime:0.001155s ]

[ 2018-01-19T12:43:46+08:00 ] ::1 /DataBase/
INFO: [ app_init ] --START--
INFO: Run Behavior\BuildLiteBehavior [ RunTime:0.000009s ]
INFO: [ app_init ] --END-- [ RunTime:0.000042s ]
INFO: [ app_begin ] --START--
INFO: Run Behavior\ReadHtmlCacheBehavior [ RunTime:0.002556s ]
INFO: [ app_begin ] --END-- [ RunTime:0.002601s ]
SQL: SHOW COLUMNS FROM `events` [ RunTime:0.0073s ]
SQL: SELECT * FROM `events` WHERE `status` = 1  [ RunTime:0.0003s ]
SQL: SHOW COLUMNS FROM `goods` [ RunTime:0.0051s ]
SQL: SELECT * FROM `goods` WHERE ( 1=1 AND id='2' ) LIMIT 1   [ RunTime:0.0003s ]
SQL: SELECT * FROM `goods` WHERE ( 1=1 AND id='3' ) LIMIT 1   [ RunTime:0.0002s ]
NOTIC: [2] Missing argument 1 for Think\Controller::show(), called in E:\UPUPW_AP7.0\htdocs\DataBase\Application\Home\Controller\IndexController.class.php on line 16 and defined E:\UPUPW_AP7.0\htdocs\DataBase\ThinkPHP\Library\Think\Controller.class.php 第 68 行.
NOTIC: [8] Undefined variable: content E:\UPUPW_AP7.0\htdocs\DataBase\ThinkPHP\Library\Think\Controller.class.php 第 69 行.
INFO: [ view_parse ] --START--
INFO: [ template_filter ] --START--
INFO: Run Behavior\ContentReplaceBehavior [ RunTime:0.000035s ]
INFO: [ template_filter ] --END-- [ RunTime:0.000056s ]
INFO: Run Behavior\ParseTemplateBehavior [ RunTime:0.007833s ]
INFO: [ view_parse ] --END-- [ RunTime:0.007863s ]
INFO: [ view_filter ] --START--
INFO: Run Behavior\WriteHtmlCacheBehavior [ RunTime:0.001184s ]
INFO: [ view_filter ] --END-- [ RunTime:0.001218s ]
INFO: [ app_end ] --START--
INFO: Run Behavior\ShowPageTraceBehavior [ RunTime:0.001947s ]
INFO: [ app_end ] --END-- [ RunTime:0.001992s ]

[ 2018-01-19T14:41:25+08:00 ] ::1 /Database/
INFO: [ app_init ] --START--
INFO: Run Behavior\BuildLiteBehavior [ RunTime:0.000006s ]
INFO: [ app_init ] --END-- [ RunTime:0.000027s ]
INFO: [ app_begin ] --START--
INFO: Run Behavior\ReadHtmlCacheBehavior [ RunTime:0.001411s ]
INFO: [ app_begin ] --END-- [ RunTime:0.001431s ]
SQL: SHOW COLUMNS FROM `events` [ RunTime:0.0177s ]
SQL: SELECT * FROM `events` WHERE `status` = 1  [ RunTime:0.0003s ]
SQL: SHOW COLUMNS FROM `goods` [ RunTime:0.0060s ]
SQL: SELECT * FROM `goods` WHERE ( 1=1 AND id='2' ) LIMIT 1   [ RunTime:0.0003s ]
SQL: SELECT * FROM `goods` WHERE ( 1=1 AND id='3' ) LIMIT 1   [ RunTime:0.0002s ]
NOTIC: [2] Missing argument 1 for Think\Controller::show(), called in E:\UPUPW_AP7.0\htdocs\DataBase\Application\Home\Controller\IndexController.class.php on line 16 and defined E:\UPUPW_AP7.0\htdocs\DataBase\ThinkPHP\Library\Think\Controller.class.php 第 68 行.
NOTIC: [8] Undefined variable: content E:\UPUPW_AP7.0\htdocs\DataBase\ThinkPHP\Library\Think\Controller.class.php 第 69 行.
INFO: [ view_parse ] --START--
INFO: [ template_filter ] --START--
INFO: Run Behavior\ContentReplaceBehavior [ RunTime:0.000072s ]
INFO: [ template_filter ] --END-- [ RunTime:0.000119s ]
INFO: Run Behavior\ParseTemplateBehavior [ RunTime:0.076643s ]
INFO: [ view_parse ] --END-- [ RunTime:0.076671s ]
INFO: [ view_filter ] --START--
INFO: Run Behavior\WriteHtmlCacheBehavior [ RunTime:0.001248s ]
INFO: [ view_filter ] --END-- [ RunTime:0.001265s ]
INFO: [ app_end ] --START--
INFO: Run Behavior\ShowPageTraceBehavior [ RunTime:0.001340s ]
INFO: [ app_end ] --END-- [ RunTime:0.001355s ]

[ 2018-01-19T14:41:26+08:00 ] ::1 /Database/Home/Index/get_reward
INFO: [ app_init ] --START--
INFO: Run Behavior\BuildLiteBehavior [ RunTime:0.000006s ]
INFO: [ app_init ] --END-- [ RunTime:0.000033s ]
INFO: [ app_begin ] --START--
INFO: Run Behavior\ReadHtmlCacheBehavior [ RunTime:0.001259s ]
INFO: [ app_begin ] --END-- [ RunTime:0.001281s ]
SQL: SHOW COLUMNS FROM `user` [ RunTime:0.0145s ]
SQL: SHOW COLUMNS FROM `goods` [ RunTime:0.0102s ]
SQL: SELECT COUNT(*) AS tp_count FROM `user` LIMIT 1   [ RunTime:0.0002s ]
SQL: SELECT `user_nickname` FROM `user` WHERE `id` = 2 AND `user_rank` = 1 LIMIT 1   [ RunTime:0.0002s ]
SQL: SELECT COUNT(*) AS tp_count FROM `goods` LIMIT 1   [ RunTime:0.0001s ]
SQL: SELECT `good_name` FROM `goods` WHERE `id` = 4 LIMIT 1   [ RunTime:0.0001s ]

[ 2018-01-19T14:41:39+08:00 ] ::1 /Database/Home/Index/get_reward
INFO: [ app_init ] --START--
INFO: Run Behavior\BuildLiteBehavior [ RunTime:0.000005s ]
INFO: [ app_init ] --END-- [ RunTime:0.000029s ]
INFO: [ app_begin ] --START--
INFO: Run Behavior\ReadHtmlCacheBehavior [ RunTime:0.001212s ]
INFO: [ app_begin ] --END-- [ RunTime:0.001239s ]
SQL: SHOW COLUMNS FROM `user` [ RunTime:0.0096s ]
SQL: SHOW COLUMNS FROM `goods` [ RunTime:0.0073s ]
SQL: SELECT COUNT(*) AS tp_count FROM `user` LIMIT 1   [ RunTime:0.0001s ]
SQL: SELECT `user_nickname` FROM `user` WHERE `id` = 2 AND `user_rank` = 1 LIMIT 1   [ RunTime:0.0001s ]
SQL: SELECT COUNT(*) AS tp_count FROM `goods` LIMIT 1   [ RunTime:0.0001s ]
SQL: SELECT `good_name` FROM `goods` WHERE `id` = 4 LIMIT 1   [ RunTime:0.0002s ]

[ 2018-01-19T14:41:52+08:00 ] ::1 /Database/Home/Index/get_reward
INFO: [ app_init ] --START--
INFO: Run Behavior\BuildLiteBehavior [ RunTime:0.000007s ]
INFO: [ app_init ] --END-- [ RunTime:0.000039s ]
INFO: [ app_begin ] --START--
INFO: Run Behavior\ReadHtmlCacheBehavior [ RunTime:0.001525s ]
INFO: [ app_begin ] --END-- [ RunTime:0.001557s ]
SQL: SHOW COLUMNS FROM `user` [ RunTime:0.0108s ]
SQL: SHOW COLUMNS FROM `goods` [ RunTime:0.0068s ]
SQL: SELECT COUNT(*) AS tp_count FROM `user` LIMIT 1   [ RunTime:0.0001s ]
SQL: SELECT `user_nickname` FROM `user` WHERE `id` = 2 AND `user_rank` = 1 LIMIT 1   [ RunTime:0.0001s ]
SQL: SELECT COUNT(*) AS tp_count FROM `goods` LIMIT 1   [ RunTime:0.0001s ]
SQL: SELECT `good_name` FROM `goods` WHERE `id` = 1 LIMIT 1   [ RunTime:0.0001s ]

[ 2018-01-19T14:42:05+08:00 ] ::1 /Database/Home/Index/get_reward
INFO: [ app_init ] --START--
INFO: Run Behavior\BuildLiteBehavior [ RunTime:0.000012s ]
INFO: [ app_init ] --END-- [ RunTime:0.000069s ]
INFO: [ app_begin ] --START--
INFO: Run Behavior\ReadHtmlCacheBehavior [ RunTime:0.003358s ]
INFO: [ app_begin ] --END-- [ RunTime:0.003411s ]
SQL: SHOW COLUMNS FROM `user` [ RunTime:0.0087s ]
SQL: SHOW COLUMNS FROM `goods` [ RunTime:0.0062s ]
SQL: SELECT COUNT(*) AS tp_count FROM `user` LIMIT 1   [ RunTime:0.0002s ]
SQL: SELECT `user_nickname` FROM `user` WHERE `id` = 2 AND `user_rank` = 1 LIMIT 1   [ RunTime:0.0002s ]
SQL: SELECT COUNT(*) AS tp_count FROM `goods` LIMIT 1   [ RunTime:0.0001s ]
SQL: SELECT `good_name` FROM `goods` WHERE `id` = 1 LIMIT 1   [ RunTime:0.0001s ]

[ 2018-01-19T14:42:18+08:00 ] ::1 /Database/Home/Index/get_reward
INFO: [ app_init ] --START--
INFO: Run Behavior\BuildLiteBehavior [ RunTime:0.000008s ]
INFO: [ app_init ] --END-- [ RunTime:0.000047s ]
INFO: [ app_begin ] --START--
INFO: Run Behavior\ReadHtmlCacheBehavior [ RunTime:0.001579s ]
INFO: [ app_begin ] --END-- [ RunTime:0.001607s ]
SQL: SHOW COLUMNS FROM `user` [ RunTime:0.0160s ]
SQL: SHOW COLUMNS FROM `goods` [ RunTime:0.0066s ]
SQL: SELECT COUNT(*) AS tp_count FROM `user` LIMIT 1   [ RunTime:0.0002s ]
SQL: SELECT `user_nickname` FROM `user` WHERE `id` = 2 AND `user_rank` = 1 LIMIT 1   [ RunTime:0.0002s ]
SQL: SELECT COUNT(*) AS tp_count FROM `goods` LIMIT 1   [ RunTime:0.0002s ]
SQL: SELECT `good_name` FROM `goods` WHERE `id` = 3 LIMIT 1   [ RunTime:0.0002s ]

[ 2018-01-19T14:42:31+08:00 ] ::1 /Database/Home/Index/get_reward
INFO: [ app_init ] --START--
INFO: Run Behavior\BuildLiteBehavior [ RunTime:0.000006s ]
INFO: [ app_init ] --END-- [ RunTime:0.000031s ]
INFO: [ app_begin ] --START--
INFO: Run Behavior\ReadHtmlCacheBehavior [ RunTime:0.001445s ]
INFO: [ app_begin ] --END-- [ RunTime:0.001466s ]
SQL: SHOW COLUMNS FROM `user` [ RunTime:0.0082s ]
SQL: SHOW COLUMNS FROM `goods` [ RunTime:0.0065s ]
SQL: SELECT COUNT(*) AS tp_count FROM `user` LIMIT 1   [ RunTime:0.0002s ]
SQL: SELECT `user_nickname` FROM `user` WHERE `id` = 2 AND `user_rank` = 1 LIMIT 1   [ RunTime:0.0004s ]
SQL: SELECT COUNT(*) AS tp_count FROM `goods` LIMIT 1   [ RunTime:0.0002s ]
SQL: SELECT `good_name` FROM `goods` WHERE `id` = 2 LIMIT 1   [ RunTime:0.0002s ]

[ 2018-01-19T14:42:45+08:00 ] ::1 /Database/Home/Index/get_reward
INFO: [ app_init ] --START--
INFO: Run Behavior\BuildLiteBehavior [ RunTime:0.000009s ]
INFO: [ app_init ] --END-- [ RunTime:0.000054s ]
INFO: [ app_begin ] --START--
INFO: Run Behavior\ReadHtmlCacheBehavior [ RunTime:0.002200s ]
INFO: [ app_begin ] --END-- [ RunTime:0.002236s ]
SQL: SHOW COLUMNS FROM `user` [ RunTime:0.0217s ]
SQL: SHOW COLUMNS FROM `goods` [ RunTime:0.0082s ]
SQL: SELECT COUNT(*) AS tp_count FROM `user` LIMIT 1   [ RunTime:0.0002s ]
SQL: SELECT `user_nickname` FROM `user` WHERE `id` = 2 AND `user_rank` = 1 LIMIT 1   [ RunTime:0.0002s ]
SQL: SELECT COUNT(*) AS tp_count FROM `goods` LIMIT 1   [ RunTime:0.0002s ]
SQL: SELECT `good_name` FROM `goods` WHERE `id` = 2 LIMIT 1   [ RunTime:0.0002s ]

[ 2018-01-19T14:42:57+08:00 ] ::1 /Database/Home/Index/get_reward
INFO: [ app_init ] --START--
INFO: Run Behavior\BuildLiteBehavior [ RunTime:0.000007s ]
INFO: [ app_init ] --END-- [ RunTime:0.000045s ]
INFO: [ app_begin ] --START--
INFO: Run Behavior\ReadHtmlCacheBehavior [ RunTime:0.001553s ]
INFO: [ app_begin ] --END-- [ RunTime:0.001586s ]
SQL: SHOW COLUMNS FROM `user` [ RunTime:0.0080s ]
SQL: SHOW COLUMNS FROM `goods` [ RunTime:0.0065s ]
SQL: SELECT COUNT(*) AS tp_count FROM `user` LIMIT 1   [ RunTime:0.0002s ]
SQL: SELECT `user_nickname` FROM `user` WHERE `id` = 2 AND `user_rank` = 1 LIMIT 1   [ RunTime:0.0002s ]
SQL: SELECT COUNT(*) AS tp_count FROM `goods` LIMIT 1   [ RunTime:0.0001s ]
SQL: SELECT `good_name` FROM `goods` WHERE `id` = 2 LIMIT 1   [ RunTime:0.0002s ]

[ 2018-01-19T14:43:10+08:00 ] ::1 /Database/Home/Index/get_reward
INFO: [ app_init ] --START--
INFO: Run Behavior\BuildLiteBehavior [ RunTime:0.000005s ]
INFO: [ app_init ] --END-- [ RunTime:0.000032s ]
INFO: [ app_begin ] --START--
INFO: Run Behavior\ReadHtmlCacheBehavior [ RunTime:0.001338s ]
INFO: [ app_begin ] --END-- [ RunTime:0.001364s ]
SQL: SHOW COLUMNS FROM `user` [ RunTime:0.0086s ]
SQL: SHOW COLUMNS FROM `goods` [ RunTime:0.0073s ]
SQL: SELECT COUNT(*) AS tp_count FROM `user` LIMIT 1   [ RunTime:0.0002s ]
SQL: SELECT `user_nickname` FROM `user` WHERE `id` = 2 AND `user_rank` = 1 LIMIT 1   [ RunTime:0.0002s ]
SQL: SELECT COUNT(*) AS tp_count FROM `goods` LIMIT 1   [ RunTime:0.0001s ]
SQL: SELECT `good_name` FROM `goods` WHERE `id` = 4 LIMIT 1   [ RunTime:0.0001s ]

[ 2018-01-19T14:43:23+08:00 ] ::1 /Database/Home/Index/get_reward
INFO: [ app_init ] --START--
INFO: Run Behavior\BuildLiteBehavior [ RunTime:0.000009s ]
INFO: [ app_init ] --END-- [ RunTime:0.000052s ]
INFO: [ app_begin ] --START--
INFO: Run Behavior\ReadHtmlCacheBehavior [ RunTime:0.002179s ]
INFO: [ app_begin ] --END-- [ RunTime:0.002211s ]
SQL: SHOW COLUMNS FROM `user` [ RunTime:0.0085s ]
SQL: SHOW COLUMNS FROM `goods` [ RunTime:0.0061s ]
SQL: SELECT COUNT(*) AS tp_count FROM `user` LIMIT 1   [ RunTime:0.0002s ]
SQL: SELECT `user_nickname` FROM `user` WHERE `id` = 2 AND `user_rank` = 1 LIMIT 1   [ RunTime:0.0003s ]
SQL: SELECT COUNT(*) AS tp_count FROM `goods` LIMIT 1   [ RunTime:0.0001s ]
SQL: SELECT `good_name` FROM `goods` WHERE `id` = 2 LIMIT 1   [ RunTime:0.0003s ]

[ 2018-01-19T14:43:36+08:00 ] ::1 /Database/Home/Index/get_reward
INFO: [ app_init ] --START--
INFO: Run Behavior\BuildLiteBehavior [ RunTime:0.000008s ]
INFO: [ app_init ] --END-- [ RunTime:0.000047s ]
INFO: [ app_begin ] --START--
INFO: Run Behavior\ReadHtmlCacheBehavior [ RunTime:0.001397s ]
INFO: [ app_begin ] --END-- [ RunTime:0.001422s ]
SQL: SHOW COLUMNS FROM `user` [ RunTime:0.0081s ]
SQL: SHOW COLUMNS FROM `goods` [ RunTime:0.0073s ]
SQL: SELECT COUNT(*) AS tp_count FROM `user` LIMIT 1   [ RunTime:0.0002s ]
SQL: SELECT `user_nickname` FROM `user` WHERE `id` = 2 AND `user_rank` = 1 LIMIT 1   [ RunTime:0.0002s ]
SQL: SELECT COUNT(*) AS tp_count FROM `goods` LIMIT 1   [ RunTime:0.0002s ]
SQL: SELECT `good_name` FROM `goods` WHERE `id` = 1 LIMIT 1   [ RunTime:0.0002s ]

[ 2018-01-19T14:43:49+08:00 ] ::1 /Database/Home/Index/get_reward
INFO: [ app_init ] --START--
INFO: Run Behavior\BuildLiteBehavior [ RunTime:0.000005s ]
INFO: [ app_init ] --END-- [ RunTime:0.000027s ]
INFO: [ app_begin ] --START--
INFO: Run Behavior\ReadHtmlCacheBehavior [ RunTime:0.001230s ]
INFO: [ app_begin ] --END-- [ RunTime:0.001247s ]
SQL: SHOW COLUMNS FROM `user` [ RunTime:0.0094s ]
SQL: SHOW COLUMNS FROM `goods` [ RunTime:0.0064s ]
SQL: SELECT COUNT(*) AS tp_count FROM `user` LIMIT 1   [ RunTime:0.0002s ]
SQL: SELECT `user_nickname` FROM `user` WHERE `id` = 2 AND `user_rank` = 1 LIMIT 1   [ RunTime:0.0002s ]
SQL: SELECT COUNT(*) AS tp_count FROM `goods` LIMIT 1   [ RunTime:0.0002s ]
SQL: SELECT `good_name` FROM `goods` WHERE `id` = 3 LIMIT 1   [ RunTime:0.0002s ]

[ 2018-01-19T14:44:02+08:00 ] ::1 /Database/Home/Index/get_reward
INFO: [ app_init ] --START--
INFO: Run Behavior\BuildLiteBehavior [ RunTime:0.000008s ]
INFO: [ app_init ] --END-- [ RunTime:0.000047s ]
INFO: [ app_begin ] --START--
INFO: Run Behavior\ReadHtmlCacheBehavior [ RunTime:0.002178s ]
INFO: [ app_begin ] --END-- [ RunTime:0.002209s ]
SQL: SHOW COLUMNS FROM `user` [ RunTime:0.0104s ]
SQL: SHOW COLUMNS FROM `goods` [ RunTime:0.0060s ]
SQL: SELECT COUNT(*) AS tp_count FROM `user` LIMIT 1   [ RunTime:0.0002s ]
SQL: SELECT `user_nickname` FROM `user` WHERE `id` = 2 AND `user_rank` = 1 LIMIT 1   [ RunTime:0.0002s ]
SQL: SELECT COUNT(*) AS tp_count FROM `goods` LIMIT 1   [ RunTime:0.0001s ]
SQL: SELECT `good_name` FROM `goods` WHERE `id` = 3 LIMIT 1   [ RunTime:0.0002s ]

[ 2018-01-19T14:44:16+08:00 ] ::1 /Database/Home/Index/get_reward
INFO: [ app_init ] --START--
INFO: Run Behavior\BuildLiteBehavior [ RunTime:0.000009s ]
INFO: [ app_init ] --END-- [ RunTime:0.000049s ]
INFO: [ app_begin ] --START--
INFO: Run Behavior\ReadHtmlCacheBehavior [ RunTime:0.001340s ]
INFO: [ app_begin ] --END-- [ RunTime:0.001363s ]
SQL: SHOW COLUMNS FROM `user` [ RunTime:0.2380s ]
SQL: SHOW COLUMNS FROM `goods` [ RunTime:0.0134s ]
SQL: SELECT COUNT(*) AS tp_count FROM `user` LIMIT 1   [ RunTime:0.0002s ]
SQL: SELECT `user_nickname` FROM `user` WHERE `id` = 2 AND `user_rank` = 1 LIMIT 1   [ RunTime:0.0003s ]
SQL: SELECT COUNT(*) AS tp_count FROM `goods` LIMIT 1   [ RunTime:0.0002s ]
SQL: SELECT `good_name` FROM `goods` WHERE `id` = 4 LIMIT 1   [ RunTime:0.0002s ]

[ 2018-01-19T14:44:28+08:00 ] ::1 /Database/Home/Index/get_reward
INFO: [ app_init ] --START--
INFO: Run Behavior\BuildLiteBehavior [ RunTime:0.000005s ]
INFO: [ app_init ] --END-- [ RunTime:0.000039s ]
INFO: [ app_begin ] --START--
INFO: Run Behavior\ReadHtmlCacheBehavior [ RunTime:0.001170s ]
INFO: [ app_begin ] --END-- [ RunTime:0.001188s ]
SQL: SHOW COLUMNS FROM `user` [ RunTime:0.0085s ]
SQL: SHOW COLUMNS FROM `goods` [ RunTime:0.0061s ]
SQL: SELECT COUNT(*) AS tp_count FROM `user` LIMIT 1   [ RunTime:0.0002s ]
SQL: SELECT `user_nickname` FROM `user` WHERE `id` = 2 AND `user_rank` = 1 LIMIT 1   [ RunTime:0.0002s ]
SQL: SELECT COUNT(*) AS tp_count FROM `goods` LIMIT 1   [ RunTime:0.0002s ]
SQL: SELECT `good_name` FROM `goods` WHERE `id` = 2 LIMIT 1   [ RunTime:0.0002s ]

[ 2018-01-19T14:44:41+08:00 ] ::1 /Database/Home/Index/get_reward
INFO: [ app_init ] --START--
INFO: Run Behavior\BuildLiteBehavior [ RunTime:0.000009s ]
INFO: [ app_init ] --END-- [ RunTime:0.000056s ]
INFO: [ app_begin ] --START--
INFO: Run Behavior\ReadHtmlCacheBehavior [ RunTime:0.001151s ]
INFO: [ app_begin ] --END-- [ RunTime:0.001170s ]
SQL: SHOW COLUMNS FROM `user` [ RunTime:0.0085s ]
SQL: SHOW COLUMNS FROM `goods` [ RunTime:0.0061s ]
SQL: SELECT COUNT(*) AS tp_count FROM `user` LIMIT 1   [ RunTime:0.0001s ]
SQL: SELECT `user_nickname` FROM `user` WHERE `id` = 2 AND `user_rank` = 1 LIMIT 1   [ RunTime:0.0001s ]
SQL: SELECT COUNT(*) AS tp_count FROM `goods` LIMIT 1   [ RunTime:0.0001s ]
SQL: SELECT `good_name` FROM `goods` WHERE `id` = 1 LIMIT 1   [ RunTime:0.0001s ]

[ 2018-01-19T14:44:54+08:00 ] ::1 /Database/Home/Index/get_reward
INFO: [ app_init ] --START--
INFO: Run Behavior\BuildLiteBehavior [ RunTime:0.000005s ]
INFO: [ app_init ] --END-- [ RunTime:0.000026s ]
INFO: [ app_begin ] --START--
INFO: Run Behavior\ReadHtmlCacheBehavior [ RunTime:0.001175s ]
INFO: [ app_begin ] --END-- [ RunTime:0.001192s ]
SQL: SHOW COLUMNS FROM `user` [ RunTime:0.0091s ]
SQL: SHOW COLUMNS FROM `goods` [ RunTime:0.0059s ]
SQL: SELECT COUNT(*) AS tp_count FROM `user` LIMIT 1   [ RunTime:0.0002s ]
SQL: SELECT `user_nickname` FROM `user` WHERE `id` = 2 AND `user_rank` = 1 LIMIT 1   [ RunTime:0.0002s ]
SQL: SELECT COUNT(*) AS tp_count FROM `goods` LIMIT 1   [ RunTime:0.0001s ]
SQL: SELECT `good_name` FROM `goods` WHERE `id` = 3 LIMIT 1   [ RunTime:0.0002s ]

[ 2018-01-19T14:45:09+08:00 ] ::1 /Database/Home/Index/get_reward
INFO: [ app_init ] --START--
INFO: Run Behavior\BuildLiteBehavior [ RunTime:0.000009s ]
INFO: [ app_init ] --END-- [ RunTime:0.000048s ]
INFO: [ app_begin ] --START--
INFO: Run Behavior\ReadHtmlCacheBehavior [ RunTime:0.002208s ]
INFO: [ app_begin ] --END-- [ RunTime:0.002249s ]
SQL: SHOW COLUMNS FROM `user` [ RunTime:0.0098s ]
SQL: SHOW COLUMNS FROM `goods` [ RunTime:0.0066s ]
SQL: SELECT COUNT(*) AS tp_count FROM `user` LIMIT 1   [ RunTime:0.0002s ]
SQL: SELECT `user_nickname` FROM `user` WHERE `id` = 2 AND `user_rank` = 1 LIMIT 1   [ RunTime:0.0003s ]
SQL: SELECT COUNT(*) AS tp_count FROM `goods` LIMIT 1   [ RunTime:0.0002s ]
SQL: SELECT `good_name` FROM `goods` WHERE `id` = 3 LIMIT 1   [ RunTime:0.0002s ]

[ 2018-01-19T14:45:21+08:00 ] ::1 /Database/Home/Index/get_reward
INFO: [ app_init ] --START--
INFO: Run Behavior\BuildLiteBehavior [ RunTime:0.000008s ]
INFO: [ app_init ] --END-- [ RunTime:0.000045s ]
INFO: [ app_begin ] --START--
INFO: Run Behavior\ReadHtmlCacheBehavior [ RunTime:0.001454s ]
INFO: [ app_begin ] --END-- [ RunTime:0.001479s ]
SQL: SHOW COLUMNS FROM `user` [ RunTime:0.0084s ]
SQL: SHOW COLUMNS FROM `goods` [ RunTime:0.0071s ]
SQL: SELECT COUNT(*) AS tp_count FROM `user` LIMIT 1   [ RunTime:0.0002s ]
SQL: SELECT `user_nickname` FROM `user` WHERE `id` = 2 AND `user_rank` = 1 LIMIT 1   [ RunTime:0.0002s ]
SQL: SELECT COUNT(*) AS tp_count FROM `goods` LIMIT 1   [ RunTime:0.0002s ]
SQL: SELECT `good_name` FROM `goods` WHERE `id` = 2 LIMIT 1   [ RunTime:0.0002s ]

[ 2018-01-19T14:45:34+08:00 ] ::1 /Database/Home/Index/get_reward
INFO: [ app_init ] --START--
INFO: Run Behavior\BuildLiteBehavior [ RunTime:0.000005s ]
INFO: [ app_init ] --END-- [ RunTime:0.000031s ]
INFO: [ app_begin ] --START--
INFO: Run Behavior\ReadHtmlCacheBehavior [ RunTime:0.001358s ]
INFO: [ app_begin ] --END-- [ RunTime:0.001381s ]
SQL: SHOW COLUMNS FROM `user` [ RunTime:0.0100s ]
SQL: SHOW COLUMNS FROM `goods` [ RunTime:0.0060s ]
SQL: SELECT COUNT(*) AS tp_count FROM `user` LIMIT 1   [ RunTime:0.0002s ]
SQL: SELECT `user_nickname` FROM `user` WHERE `id` = 2 AND `user_rank` = 1 LIMIT 1   [ RunTime:0.0002s ]
SQL: SELECT COUNT(*) AS tp_count FROM `goods` LIMIT 1   [ RunTime:0.0001s ]
SQL: SELECT `good_name` FROM `goods` WHERE `id` = 2 LIMIT 1   [ RunTime:0.0001s ]

[ 2018-01-19T14:45:48+08:00 ] ::1 /Database/Home/Index/get_reward
INFO: [ app_init ] --START--
INFO: Run Behavior\BuildLiteBehavior [ RunTime:0.000009s ]
INFO: [ app_init ] --END-- [ RunTime:0.000047s ]
INFO: [ app_begin ] --START--
INFO: Run Behavior\ReadHtmlCacheBehavior [ RunTime:0.002206s ]
INFO: [ app_begin ] --END-- [ RunTime:0.002241s ]
SQL: SHOW COLUMNS FROM `user` [ RunTime:0.0087s ]
SQL: SHOW COLUMNS FROM `goods` [ RunTime:0.0090s ]
SQL: SELECT COUNT(*) AS tp_count FROM `user` LIMIT 1   [ RunTime:0.0002s ]
SQL: SELECT `user_nickname` FROM `user` WHERE `id` = 2 AND `user_rank` = 1 LIMIT 1   [ RunTime:0.0001s ]
SQL: SELECT COUNT(*) AS tp_count FROM `goods` LIMIT 1   [ RunTime:0.0001s ]
SQL: SELECT `good_name` FROM `goods` WHERE `id` = 3 LIMIT 1   [ RunTime:0.0001s ]

[ 2018-01-19T14:46:00+08:00 ] ::1 /Database/Home/Index/get_reward
INFO: [ app_init ] --START--
INFO: Run Behavior\BuildLiteBehavior [ RunTime:0.000009s ]
INFO: [ app_init ] --END-- [ RunTime:0.000050s ]
INFO: [ app_begin ] --START--
INFO: Run Behavior\ReadHtmlCacheBehavior [ RunTime:0.001477s ]
INFO: [ app_begin ] --END-- [ RunTime:0.001503s ]
SQL: SHOW COLUMNS FROM `user` [ RunTime:0.0084s ]
SQL: SHOW COLUMNS FROM `goods` [ RunTime:0.0069s ]
SQL: SELECT COUNT(*) AS tp_count FROM `user` LIMIT 1   [ RunTime:0.0002s ]
SQL: SELECT `user_nickname` FROM `user` WHERE `id` = 2 AND `user_rank` = 1 LIMIT 1   [ RunTime:0.0002s ]
SQL: SELECT COUNT(*) AS tp_count FROM `goods` LIMIT 1   [ RunTime:0.0002s ]
SQL: SELECT `good_name` FROM `goods` WHERE `id` = 1 LIMIT 1   [ RunTime:0.0002s ]

[ 2018-01-19T14:46:13+08:00 ] ::1 /Database/Home/Index/get_reward
INFO: [ app_init ] --START--
INFO: Run Behavior\BuildLiteBehavior [ RunTime:0.000006s ]
INFO: [ app_init ] --END-- [ RunTime:0.000035s ]
INFO: [ app_begin ] --START--
INFO: Run Behavior\ReadHtmlCacheBehavior [ RunTime:0.001205s ]
INFO: [ app_begin ] --END-- [ RunTime:0.001224s ]
SQL: SHOW COLUMNS FROM `user` [ RunTime:0.0093s ]
SQL: SHOW COLUMNS FROM `goods` [ RunTime:0.0066s ]
SQL: SELECT COUNT(*) AS tp_count FROM `user` LIMIT 1   [ RunTime:0.0002s ]
SQL: SELECT `user_nickname` FROM `user` WHERE `id` = 2 AND `user_rank` = 1 LIMIT 1   [ RunTime:0.0002s ]
SQL: SELECT COUNT(*) AS tp_count FROM `goods` LIMIT 1   [ RunTime:0.0002s ]
SQL: SELECT `good_name` FROM `goods` WHERE `id` = 4 LIMIT 1   [ RunTime:0.0002s ]

[ 2018-01-19T14:46:27+08:00 ] ::1 /Database/Home/Index/get_reward
INFO: [ app_init ] --START--
INFO: Run Behavior\BuildLiteBehavior [ RunTime:0.000009s ]
INFO: [ app_init ] --END-- [ RunTime:0.000054s ]
INFO: [ app_begin ] --START--
INFO: Run Behavior\ReadHtmlCacheBehavior [ RunTime:0.002189s ]
INFO: [ app_begin ] --END-- [ RunTime:0.002223s ]
SQL: SHOW COLUMNS FROM `user` [ RunTime:0.0095s ]
SQL: SHOW COLUMNS FROM `goods` [ RunTime:0.0071s ]
SQL: SELECT COUNT(*) AS tp_count FROM `user` LIMIT 1   [ RunTime:0.0002s ]
SQL: SELECT `user_nickname` FROM `user` WHERE `id` = 2 AND `user_rank` = 1 LIMIT 1   [ RunTime:0.0002s ]
SQL: SELECT COUNT(*) AS tp_count FROM `goods` LIMIT 1   [ RunTime:0.0001s ]
SQL: SELECT `good_name` FROM `goods` WHERE `id` = 4 LIMIT 1   [ RunTime:0.0002s ]

[ 2018-01-19T14:46:39+08:00 ] ::1 /Database/Home/Index/get_reward
INFO: [ app_init ] --START--
INFO: Run Behavior\BuildLiteBehavior [ RunTime:0.000008s ]
INFO: [ app_init ] --END-- [ RunTime:0.000047s ]
INFO: [ app_begin ] --START--
INFO: Run Behavior\ReadHtmlCacheBehavior [ RunTime:0.001200s ]
INFO: [ app_begin ] --END-- [ RunTime:0.001218s ]
SQL: SHOW COLUMNS FROM `user` [ RunTime:0.0080s ]
SQL: SHOW COLUMNS FROM `goods` [ RunTime:0.0060s ]
SQL: SELECT COUNT(*) AS tp_count FROM `user` LIMIT 1   [ RunTime:0.0002s ]
SQL: SELECT `user_nickname` FROM `user` WHERE `id` = 2 AND `user_rank` = 1 LIMIT 1   [ RunTime:0.0002s ]
SQL: SELECT COUNT(*) AS tp_count FROM `goods` LIMIT 1   [ RunTime:0.0001s ]
SQL: SELECT `good_name` FROM `goods` WHERE `id` = 4 LIMIT 1   [ RunTime:0.0002s ]

[ 2018-01-19T14:46:52+08:00 ] ::1 /Database/Home/Index/get_reward
INFO: [ app_init ] --START--
INFO: Run Behavior\BuildLiteBehavior [ RunTime:0.000009s ]
INFO: [ app_init ] --END-- [ RunTime:0.000052s ]
INFO: [ app_begin ] --START--
INFO: Run Behavior\ReadHtmlCacheBehavior [ RunTime:0.001155s ]
INFO: [ app_begin ] --END-- [ RunTime:0.001173s ]
SQL: SHOW COLUMNS FROM `user` [ RunTime:0.0072s ]
SQL: SHOW COLUMNS FROM `goods` [ RunTime:0.0058s ]
SQL: SELECT COUNT(*) AS tp_count FROM `user` LIMIT 1   [ RunTime:0.0002s ]
SQL: SELECT `user_nickname` FROM `user` WHERE `id` = 2 AND `user_rank` = 1 LIMIT 1   [ RunTime:0.0002s ]
SQL: SELECT COUNT(*) AS tp_count FROM `goods` LIMIT 1   [ RunTime:0.0002s ]
SQL: SELECT `good_name` FROM `goods` WHERE `id` = 2 LIMIT 1   [ RunTime:0.0002s ]

[ 2018-01-19T14:47:05+08:00 ] ::1 /Database/Home/Index/get_reward
INFO: [ app_init ] --START--
INFO: Run Behavior\BuildLiteBehavior [ RunTime:0.000009s ]
INFO: [ app_init ] --END-- [ RunTime:0.000049s ]
INFO: [ app_begin ] --START--
INFO: Run Behavior\ReadHtmlCacheBehavior [ RunTime:0.002216s ]
INFO: [ app_begin ] --END-- [ RunTime:0.002251s ]
SQL: SHOW COLUMNS FROM `user` [ RunTime:0.0096s ]
SQL: SHOW COLUMNS FROM `goods` [ RunTime:0.0063s ]
SQL: SELECT COUNT(*) AS tp_count FROM `user` LIMIT 1   [ RunTime:0.0002s ]
SQL: SELECT `user_nickname` FROM `user` WHERE `id` = 2 AND `user_rank` = 1 LIMIT 1   [ RunTime:0.0002s ]
SQL: SELECT COUNT(*) AS tp_count FROM `goods` LIMIT 1   [ RunTime:0.0003s ]
SQL: SELECT `good_name` FROM `goods` WHERE `id` = 4 LIMIT 1   [ RunTime:0.0003s ]

[ 2018-01-19T14:47:18+08:00 ] ::1 /Database/Home/Index/get_reward
INFO: [ app_init ] --START--
INFO: Run Behavior\BuildLiteBehavior [ RunTime:0.000009s ]
INFO: [ app_init ] --END-- [ RunTime:0.000051s ]
INFO: [ app_begin ] --START--
INFO: Run Behavior\ReadHtmlCacheBehavior [ RunTime:0.001380s ]
INFO: [ app_begin ] --END-- [ RunTime:0.001405s ]
SQL: SHOW COLUMNS FROM `user` [ RunTime:0.0083s ]
SQL: SHOW COLUMNS FROM `goods` [ RunTime:0.0058s ]
SQL: SELECT COUNT(*) AS tp_count FROM `user` LIMIT 1   [ RunTime:0.0002s ]
SQL: SELECT `user_nickname` FROM `user` WHERE `id` = 2 AND `user_rank` = 1 LIMIT 1   [ RunTime:0.0001s ]
SQL: SELECT COUNT(*) AS tp_count FROM `goods` LIMIT 1   [ RunTime:0.0002s ]
SQL: SELECT `good_name` FROM `goods` WHERE `id` = 1 LIMIT 1   [ RunTime:0.0002s ]

[ 2018-01-19T14:47:31+08:00 ] ::1 /Database/Home/Index/get_reward
INFO: [ app_init ] --START--
INFO: Run Behavior\BuildLiteBehavior [ RunTime:0.000005s ]
INFO: [ app_init ] --END-- [ RunTime:0.000029s ]
INFO: [ app_begin ] --START--
INFO: Run Behavior\ReadHtmlCacheBehavior [ RunTime:0.001212s ]
INFO: [ app_begin ] --END-- [ RunTime:0.001230s ]
SQL: SHOW COLUMNS FROM `user` [ RunTime:0.0083s ]
SQL: SHOW COLUMNS FROM `goods` [ RunTime:0.0062s ]
SQL: SELECT COUNT(*) AS tp_count FROM `user` LIMIT 1   [ RunTime:0.0002s ]
SQL: SELECT `user_nickname` FROM `user` WHERE `id` = 2 AND `user_rank` = 1 LIMIT 1   [ RunTime:0.0002s ]
SQL: SELECT COUNT(*) AS tp_count FROM `goods` LIMIT 1   [ RunTime:0.0002s ]
SQL: SELECT `good_name` FROM `goods` WHERE `id` = 4 LIMIT 1   [ RunTime:0.0002s ]

[ 2018-01-19T14:47:44+08:00 ] ::1 /Database/Home/Index/get_reward
INFO: [ app_init ] --START--
INFO: Run Behavior\BuildLiteBehavior [ RunTime:0.000008s ]
INFO: [ app_init ] --END-- [ RunTime:0.000044s ]
INFO: [ app_begin ] --START--
INFO: Run Behavior\ReadHtmlCacheBehavior [ RunTime:0.002182s ]
INFO: [ app_begin ] --END-- [ RunTime:0.002216s ]
SQL: SHOW COLUMNS FROM `user` [ RunTime:0.0085s ]
SQL: SHOW COLUMNS FROM `goods` [ RunTime:0.0060s ]
SQL: SELECT COUNT(*) AS tp_count FROM `user` LIMIT 1   [ RunTime:0.0002s ]
SQL: SELECT `user_nickname` FROM `user` WHERE `id` = 2 AND `user_rank` = 1 LIMIT 1   [ RunTime:0.0002s ]
SQL: SELECT COUNT(*) AS tp_count FROM `goods` LIMIT 1   [ RunTime:0.0002s ]
SQL: SELECT `good_name` FROM `goods` WHERE `id` = 4 LIMIT 1   [ RunTime:0.0002s ]

[ 2018-01-19T14:47:57+08:00 ] ::1 /Database/Home/Index/get_reward
INFO: [ app_init ] --START--
INFO: Run Behavior\BuildLiteBehavior [ RunTime:0.000007s ]
INFO: [ app_init ] --END-- [ RunTime:0.000035s ]
INFO: [ app_begin ] --START--
INFO: Run Behavior\ReadHtmlCacheBehavior [ RunTime:0.001562s ]
INFO: [ app_begin ] --END-- [ RunTime:0.001585s ]
SQL: SHOW COLUMNS FROM `user` [ RunTime:0.0090s ]
SQL: SHOW COLUMNS FROM `goods` [ RunTime:0.0067s ]
SQL: SELECT COUNT(*) AS tp_count FROM `user` LIMIT 1   [ RunTime:0.0002s ]
SQL: SELECT `user_nickname` FROM `user` WHERE `id` = 2 AND `user_rank` = 1 LIMIT 1   [ RunTime:0.0002s ]
SQL: SELECT COUNT(*) AS tp_count FROM `goods` LIMIT 1   [ RunTime:0.0002s ]
SQL: SELECT `good_name` FROM `goods` WHERE `id` = 3 LIMIT 1   [ RunTime:0.0001s ]

[ 2018-01-19T14:48:10+08:00 ] ::1 /Database/Home/Index/get_reward
INFO: [ app_init ] --START--
INFO: Run Behavior\BuildLiteBehavior [ RunTime:0.000007s ]
INFO: [ app_init ] --END-- [ RunTime:0.000039s ]
INFO: [ app_begin ] --START--
INFO: Run Behavior\ReadHtmlCacheBehavior [ RunTime:0.001823s ]
INFO: [ app_begin ] --END-- [ RunTime:0.001852s ]
SQL: SHOW COLUMNS FROM `user` [ RunTime:0.0114s ]
SQL: SHOW COLUMNS FROM `goods` [ RunTime:0.0065s ]
SQL: SELECT COUNT(*) AS tp_count FROM `user` LIMIT 1   [ RunTime:0.0002s ]
SQL: SELECT `user_nickname` FROM `user` WHERE `id` = 2 AND `user_rank` = 1 LIMIT 1   [ RunTime:0.0002s ]
SQL: SELECT COUNT(*) AS tp_count FROM `goods` LIMIT 1   [ RunTime:0.0001s ]
SQL: SELECT `good_name` FROM `goods` WHERE `id` = 2 LIMIT 1   [ RunTime:0.0002s ]

[ 2018-01-19T14:48:23+08:00 ] ::1 /Database/Home/Index/get_reward
INFO: [ app_init ] --START--
INFO: Run Behavior\BuildLiteBehavior [ RunTime:0.000009s ]
INFO: [ app_init ] --END-- [ RunTime:0.000056s ]
INFO: [ app_begin ] --START--
INFO: Run Behavior\ReadHtmlCacheBehavior [ RunTime:0.002266s ]
INFO: [ app_begin ] --END-- [ RunTime:0.002310s ]
SQL: SHOW COLUMNS FROM `user` [ RunTime:0.0082s ]
SQL: SHOW COLUMNS FROM `goods` [ RunTime:0.0063s ]
SQL: SELECT COUNT(*) AS tp_count FROM `user` LIMIT 1   [ RunTime:0.0002s ]
SQL: SELECT `user_nickname` FROM `user` WHERE `id` = 2 AND `user_rank` = 1 LIMIT 1   [ RunTime:0.0002s ]
SQL: SELECT COUNT(*) AS tp_count FROM `goods` LIMIT 1   [ RunTime:0.0001s ]
SQL: SELECT `good_name` FROM `goods` WHERE `id` = 1 LIMIT 1   [ RunTime:0.0002s ]

[ 2018-01-19T14:48:36+08:00 ] ::1 /Database/Home/Index/get_reward
INFO: [ app_init ] --START--
INFO: Run Behavior\BuildLiteBehavior [ RunTime:0.000006s ]
INFO: [ app_init ] --END-- [ RunTime:0.000031s ]
INFO: [ app_begin ] --START--
INFO: Run Behavior\ReadHtmlCacheBehavior [ RunTime:0.001350s ]
INFO: [ app_begin ] --END-- [ RunTime:0.001371s ]
SQL: SHOW COLUMNS FROM `user` [ RunTime:0.0090s ]
SQL: SHOW COLUMNS FROM `goods` [ RunTime:0.0062s ]
SQL: SELECT COUNT(*) AS tp_count FROM `user` LIMIT 1   [ RunTime:0.0002s ]
SQL: SELECT `user_nickname` FROM `user` WHERE `id` = 2 AND `user_rank` = 1 LIMIT 1   [ RunTime:0.0002s ]
SQL: SELECT COUNT(*) AS tp_count FROM `goods` LIMIT 1   [ RunTime:0.0001s ]
SQL: SELECT `good_name` FROM `goods` WHERE `id` = 3 LIMIT 1   [ RunTime:0.0002s ]

[ 2018-01-19T14:48:49+08:00 ] ::1 /Database/Home/Index/get_reward
INFO: [ app_init ] --START--
INFO: Run Behavior\BuildLiteBehavior [ RunTime:0.000009s ]
INFO: [ app_init ] --END-- [ RunTime:0.000047s ]
INFO: [ app_begin ] --START--
INFO: Run Behavior\ReadHtmlCacheBehavior [ RunTime:0.001947s ]
INFO: [ app_begin ] --END-- [ RunTime:0.001982s ]
SQL: SHOW COLUMNS FROM `user` [ RunTime:0.0084s ]
SQL: SHOW COLUMNS FROM `goods` [ RunTime:0.0059s ]
SQL: SELECT COUNT(*) AS tp_count FROM `user` LIMIT 1   [ RunTime:0.0002s ]
SQL: SELECT `user_nickname` FROM `user` WHERE `id` = 2 AND `user_rank` = 1 LIMIT 1   [ RunTime:0.0002s ]
SQL: SELECT COUNT(*) AS tp_count FROM `goods` LIMIT 1   [ RunTime:0.0001s ]
SQL: SELECT `good_name` FROM `goods` WHERE `id` = 2 LIMIT 1   [ RunTime:0.0002s ]

[ 2018-01-19T14:49:02+08:00 ] ::1 /Database/Home/Index/get_reward
INFO: [ app_init ] --START--
INFO: Run Behavior\BuildLiteBehavior [ RunTime:0.000006s ]
INFO: [ app_init ] --END-- [ RunTime:0.000034s ]
INFO: [ app_begin ] --START--
INFO: Run Behavior\ReadHtmlCacheBehavior [ RunTime:0.001142s ]
INFO: [ app_begin ] --END-- [ RunTime:0.001159s ]
SQL: SHOW COLUMNS FROM `user` [ RunTime:0.0098s ]
SQL: SHOW COLUMNS FROM `goods` [ RunTime:0.0066s ]
SQL: SELECT COUNT(*) AS tp_count FROM `user` LIMIT 1   [ RunTime:0.0002s ]
SQL: SELECT `user_nickname` FROM `user` WHERE `id` = 2 AND `user_rank` = 1 LIMIT 1   [ RunTime:0.0002s ]
SQL: SELECT COUNT(*) AS tp_count FROM `goods` LIMIT 1   [ RunTime:0.0001s ]
SQL: SELECT `good_name` FROM `goods` WHERE `id` = 3 LIMIT 1   [ RunTime:0.0001s ]

[ 2018-01-19T14:49:15+08:00 ] ::1 /Database/Home/Index/get_reward
INFO: [ app_init ] --START--
INFO: Run Behavior\BuildLiteBehavior [ RunTime:0.000008s ]
INFO: [ app_init ] --END-- [ RunTime:0.000046s ]
INFO: [ app_begin ] --START--
INFO: Run Behavior\ReadHtmlCacheBehavior [ RunTime:0.001155s ]
INFO: [ app_begin ] --END-- [ RunTime:0.001172s ]
SQL: SHOW COLUMNS FROM `user` [ RunTime:0.0092s ]
SQL: SHOW COLUMNS FROM `goods` [ RunTime:0.0069s ]
SQL: SELECT COUNT(*) AS tp_count FROM `user` LIMIT 1   [ RunTime:0.0003s ]
SQL: SELECT `user_nickname` FROM `user` WHERE `id` = 2 AND `user_rank` = 1 LIMIT 1   [ RunTime:0.0002s ]
SQL: SELECT COUNT(*) AS tp_count FROM `goods` LIMIT 1   [ RunTime:0.0002s ]
SQL: SELECT `good_name` FROM `goods` WHERE `id` = 4 LIMIT 1   [ RunTime:0.0002s ]

[ 2018-01-19T14:49:29+08:00 ] ::1 /Database/Home/Index/get_reward
INFO: [ app_init ] --START--
INFO: Run Behavior\BuildLiteBehavior [ RunTime:0.000008s ]
INFO: [ app_init ] --END-- [ RunTime:0.000051s ]
INFO: [ app_begin ] --START--
INFO: Run Behavior\ReadHtmlCacheBehavior [ RunTime:0.001282s ]
INFO: [ app_begin ] --END-- [ RunTime:0.001347s ]
SQL: SHOW COLUMNS FROM `user` [ RunTime:0.0094s ]
SQL: SHOW COLUMNS FROM `goods` [ RunTime:0.0068s ]
SQL: SELECT COUNT(*) AS tp_count FROM `user` LIMIT 1   [ RunTime:0.0002s ]
SQL: SELECT `user_nickname` FROM `user` WHERE `id` = 2 AND `user_rank` = 1 LIMIT 1   [ RunTime:0.0002s ]
SQL: SELECT COUNT(*) AS tp_count FROM `goods` LIMIT 1   [ RunTime:0.0001s ]
SQL: SELECT `good_name` FROM `goods` WHERE `id` = 3 LIMIT 1   [ RunTime:0.0002s ]

[ 2018-01-19T14:49:43+08:00 ] ::1 /Database/Home/Index/get_reward
INFO: [ app_init ] --START--
INFO: Run Behavior\BuildLiteBehavior [ RunTime:0.000005s ]
INFO: [ app_init ] --END-- [ RunTime:0.000027s ]
INFO: [ app_begin ] --START--
INFO: Run Behavior\ReadHtmlCacheBehavior [ RunTime:0.001176s ]
INFO: [ app_begin ] --END-- [ RunTime:0.001192s ]
SQL: SHOW COLUMNS FROM `user` [ RunTime:0.0771s ]
SQL: SHOW COLUMNS FROM `goods` [ RunTime:0.0235s ]
SQL: SELECT COUNT(*) AS tp_count FROM `user` LIMIT 1   [ RunTime:0.0003s ]
SQL: SELECT `user_nickname` FROM `user` WHERE `id` = 2 AND `user_rank` = 1 LIMIT 1   [ RunTime:0.0004s ]
SQL: SELECT COUNT(*) AS tp_count FROM `goods` LIMIT 1   [ RunTime:0.0003s ]
SQL: SELECT `good_name` FROM `goods` WHERE `id` = 3 LIMIT 1   [ RunTime:0.0004s ]

[ 2018-01-19T14:49:56+08:00 ] ::1 /Database/Home/Index/get_reward
INFO: [ app_init ] --START--
INFO: Run Behavior\BuildLiteBehavior [ RunTime:0.000010s ]
INFO: [ app_init ] --END-- [ RunTime:0.000053s ]
INFO: [ app_begin ] --START--
INFO: Run Behavior\ReadHtmlCacheBehavior [ RunTime:0.001383s ]
INFO: [ app_begin ] --END-- [ RunTime:0.001414s ]
SQL: SHOW COLUMNS FROM `user` [ RunTime:0.0559s ]
SQL: SHOW COLUMNS FROM `goods` [ RunTime:0.0398s ]
SQL: SELECT COUNT(*) AS tp_count FROM `user` LIMIT 1   [ RunTime:0.0004s ]
SQL: SELECT `user_nickname` FROM `user` WHERE `id` = 2 AND `user_rank` = 1 LIMIT 1   [ RunTime:0.0005s ]
SQL: SELECT COUNT(*) AS tp_count FROM `goods` LIMIT 1   [ RunTime:0.0004s ]
SQL: SELECT `good_name` FROM `goods` WHERE `id` = 3 LIMIT 1   [ RunTime:0.0005s ]

[ 2018-01-19T14:50:08+08:00 ] ::1 /Database/Home/Index/get_reward
INFO: [ app_init ] --START--
INFO: Run Behavior\BuildLiteBehavior [ RunTime:0.000008s ]
INFO: [ app_init ] --END-- [ RunTime:0.000045s ]
INFO: [ app_begin ] --START--
INFO: Run Behavior\ReadHtmlCacheBehavior [ RunTime:0.002332s ]
INFO: [ app_begin ] --END-- [ RunTime:0.002357s ]
SQL: SHOW COLUMNS FROM `user` [ RunTime:0.0090s ]
SQL: SHOW COLUMNS FROM `goods` [ RunTime:0.0063s ]
SQL: SELECT COUNT(*) AS tp_count FROM `user` LIMIT 1   [ RunTime:0.0002s ]
SQL: SELECT `user_nickname` FROM `user` WHERE `id` = 2 AND `user_rank` = 1 LIMIT 1   [ RunTime:0.0002s ]
SQL: SELECT COUNT(*) AS tp_count FROM `goods` LIMIT 1   [ RunTime:0.0002s ]
SQL: SELECT `good_name` FROM `goods` WHERE `id` = 3 LIMIT 1   [ RunTime:0.0002s ]

[ 2018-01-19T14:50:21+08:00 ] ::1 /Database/Home/Index/get_reward
INFO: [ app_init ] --START--
INFO: Run Behavior\BuildLiteBehavior [ RunTime:0.000008s ]
INFO: [ app_init ] --END-- [ RunTime:0.000047s ]
INFO: [ app_begin ] --START--
INFO: Run Behavior\ReadHtmlCacheBehavior [ RunTime:0.001349s ]
INFO: [ app_begin ] --END-- [ RunTime:0.001375s ]
SQL: SHOW COLUMNS FROM `user` [ RunTime:0.0086s ]
SQL: SHOW COLUMNS FROM `goods` [ RunTime:0.0075s ]
SQL: SELECT COUNT(*) AS tp_count FROM `user` LIMIT 1   [ RunTime:0.0001s ]
SQL: SELECT `user_nickname` FROM `user` WHERE `id` = 2 AND `user_rank` = 1 LIMIT 1   [ RunTime:0.0002s ]
SQL: SELECT COUNT(*) AS tp_count FROM `goods` LIMIT 1   [ RunTime:0.0001s ]
SQL: SELECT `good_name` FROM `goods` WHERE `id` = 3 LIMIT 1   [ RunTime:0.0001s ]

[ 2018-01-19T14:50:34+08:00 ] ::1 /Database/Home/Index/get_reward
INFO: [ app_init ] --START--
INFO: Run Behavior\BuildLiteBehavior [ RunTime:0.000005s ]
INFO: [ app_init ] --END-- [ RunTime:0.000029s ]
INFO: [ app_begin ] --START--
INFO: Run Behavior\ReadHtmlCacheBehavior [ RunTime:0.001172s ]
INFO: [ app_begin ] --END-- [ RunTime:0.001190s ]
SQL: SHOW COLUMNS FROM `user` [ RunTime:0.0087s ]
SQL: SHOW COLUMNS FROM `goods` [ RunTime:0.0069s ]
SQL: SELECT COUNT(*) AS tp_count FROM `user` LIMIT 1   [ RunTime:0.0003s ]
SQL: SELECT `user_nickname` FROM `user` WHERE `id` = 2 AND `user_rank` = 1 LIMIT 1   [ RunTime:0.0004s ]
SQL: SELECT COUNT(*) AS tp_count FROM `goods` LIMIT 1   [ RunTime:0.0002s ]
SQL: SELECT `good_name` FROM `goods` WHERE `id` = 3 LIMIT 1   [ RunTime:0.0002s ]

[ 2018-01-19T14:50:48+08:00 ] ::1 /Database/Home/Index/get_reward
INFO: [ app_init ] --START--
INFO: Run Behavior\BuildLiteBehavior [ RunTime:0.000008s ]
INFO: [ app_init ] --END-- [ RunTime:0.000048s ]
INFO: [ app_begin ] --START--
INFO: Run Behavior\ReadHtmlCacheBehavior [ RunTime:0.002199s ]
INFO: [ app_begin ] --END-- [ RunTime:0.002236s ]
SQL: SHOW COLUMNS FROM `user` [ RunTime:0.1121s ]
SQL: SHOW COLUMNS FROM `goods` [ RunTime:0.0566s ]
SQL: SELECT COUNT(*) AS tp_count FROM `user` LIMIT 1   [ RunTime:0.0006s ]
SQL: SELECT `user_nickname` FROM `user` WHERE `id` = 2 AND `user_rank` = 1 LIMIT 1   [ RunTime:0.0005s ]
SQL: SELECT COUNT(*) AS tp_count FROM `goods` LIMIT 1   [ RunTime:0.0005s ]
SQL: SELECT `good_name` FROM `goods` WHERE `id` = 1 LIMIT 1   [ RunTime:0.0005s ]

[ 2018-01-19T14:51:00+08:00 ] ::1 /Database/Home/Index/get_reward
INFO: [ app_init ] --START--
INFO: Run Behavior\BuildLiteBehavior [ RunTime:0.000008s ]
INFO: [ app_init ] --END-- [ RunTime:0.000048s ]
INFO: [ app_begin ] --START--
INFO: Run Behavior\ReadHtmlCacheBehavior [ RunTime:0.001185s ]
INFO: [ app_begin ] --END-- [ RunTime:0.001202s ]
SQL: SHOW COLUMNS FROM `user` [ RunTime:0.0087s ]
SQL: SHOW COLUMNS FROM `goods` [ RunTime:0.0063s ]
SQL: SELECT COUNT(*) AS tp_count FROM `user` LIMIT 1   [ RunTime:0.0002s ]
SQL: SELECT `user_nickname` FROM `user` WHERE `id` = 2 AND `user_rank` = 1 LIMIT 1   [ RunTime:0.0003s ]
SQL: SELECT COUNT(*) AS tp_count FROM `goods` LIMIT 1   [ RunTime:0.0002s ]
SQL: SELECT `good_name` FROM `goods` WHERE `id` = 1 LIMIT 1   [ RunTime:0.0002s ]

[ 2018-01-19T14:51:13+08:00 ] ::1 /Database/Home/Index/get_reward
INFO: [ app_init ] --START--
INFO: Run Behavior\BuildLiteBehavior [ RunTime:0.000006s ]
INFO: [ app_init ] --END-- [ RunTime:0.000026s ]
INFO: [ app_begin ] --START--
INFO: Run Behavior\ReadHtmlCacheBehavior [ RunTime:0.001185s ]
INFO: [ app_begin ] --END-- [ RunTime:0.001208s ]
SQL: SHOW COLUMNS FROM `user` [ RunTime:0.0079s ]
SQL: SHOW COLUMNS FROM `goods` [ RunTime:0.0062s ]
SQL: SELECT COUNT(*) AS tp_count FROM `user` LIMIT 1   [ RunTime:0.0002s ]
SQL: SELECT `user_nickname` FROM `user` WHERE `id` = 2 AND `user_rank` = 1 LIMIT 1   [ RunTime:0.0002s ]
SQL: SELECT COUNT(*) AS tp_count FROM `goods` LIMIT 1   [ RunTime:0.0002s ]
SQL: SELECT `good_name` FROM `goods` WHERE `id` = 1 LIMIT 1   [ RunTime:0.0002s ]

[ 2018-01-19T14:51:26+08:00 ] ::1 /Database/Home/Index/get_reward
INFO: [ app_init ] --START--
INFO: Run Behavior\BuildLiteBehavior [ RunTime:0.000008s ]
INFO: [ app_init ] --END-- [ RunTime:0.000048s ]
INFO: [ app_begin ] --START--
INFO: Run Behavior\ReadHtmlCacheBehavior [ RunTime:0.002215s ]
INFO: [ app_begin ] --END-- [ RunTime:0.002249s ]
SQL: SHOW COLUMNS FROM `user` [ RunTime:0.0083s ]
SQL: SHOW COLUMNS FROM `goods` [ RunTime:0.0059s ]
SQL: SELECT COUNT(*) AS tp_count FROM `user` LIMIT 1   [ RunTime:0.0002s ]
SQL: SELECT `user_nickname` FROM `user` WHERE `id` = 2 AND `user_rank` = 1 LIMIT 1   [ RunTime:0.0002s ]
SQL: SELECT COUNT(*) AS tp_count FROM `goods` LIMIT 1   [ RunTime:0.0002s ]
SQL: SELECT `good_name` FROM `goods` WHERE `id` = 2 LIMIT 1   [ RunTime:0.0002s ]

[ 2018-01-19T14:51:40+08:00 ] ::1 /Database/Home/Index/get_reward
INFO: [ app_init ] --START--
INFO: Run Behavior\BuildLiteBehavior [ RunTime:0.000009s ]
INFO: [ app_init ] --END-- [ RunTime:0.000046s ]
INFO: [ app_begin ] --START--
INFO: Run Behavior\ReadHtmlCacheBehavior [ RunTime:0.001824s ]
INFO: [ app_begin ] --END-- [ RunTime:0.001848s ]
SQL: SHOW COLUMNS FROM `user` [ RunTime:0.0243s ]
SQL: SHOW COLUMNS FROM `goods` [ RunTime:0.0065s ]
SQL: SELECT COUNT(*) AS tp_count FROM `user` LIMIT 1   [ RunTime:0.0002s ]
SQL: SELECT `user_nickname` FROM `user` WHERE `id` = 2 AND `user_rank` = 1 LIMIT 1   [ RunTime:0.0002s ]
SQL: SELECT COUNT(*) AS tp_count FROM `goods` LIMIT 1   [ RunTime:0.0001s ]
SQL: SELECT `good_name` FROM `goods` WHERE `id` = 4 LIMIT 1   [ RunTime:0.0002s ]

[ 2018-01-19T14:51:53+08:00 ] ::1 /Database/Home/Index/get_reward
INFO: [ app_init ] --START--
INFO: Run Behavior\BuildLiteBehavior [ RunTime:0.000011s ]
INFO: [ app_init ] --END-- [ RunTime:0.000059s ]
INFO: [ app_begin ] --START--
INFO: Run Behavior\ReadHtmlCacheBehavior [ RunTime:0.002779s ]
INFO: [ app_begin ] --END-- [ RunTime:0.002821s ]
SQL: SHOW COLUMNS FROM `user` [ RunTime:0.0094s ]
SQL: SHOW COLUMNS FROM `goods` [ RunTime:0.0062s ]
SQL: SELECT COUNT(*) AS tp_count FROM `user` LIMIT 1   [ RunTime:0.0002s ]
SQL: SELECT `user_nickname` FROM `user` WHERE `id` = 2 AND `user_rank` = 1 LIMIT 1   [ RunTime:0.0002s ]
SQL: SELECT COUNT(*) AS tp_count FROM `goods` LIMIT 1   [ RunTime:0.0001s ]
SQL: SELECT `good_name` FROM `goods` WHERE `id` = 1 LIMIT 1   [ RunTime:0.0002s ]

[ 2018-01-19T14:52:05+08:00 ] ::1 /Database/Home/Index/get_reward
INFO: [ app_init ] --START--
INFO: Run Behavior\BuildLiteBehavior [ RunTime:0.000007s ]
INFO: [ app_init ] --END-- [ RunTime:0.000047s ]
INFO: [ app_begin ] --START--
INFO: Run Behavior\ReadHtmlCacheBehavior [ RunTime:0.002191s ]
INFO: [ app_begin ] --END-- [ RunTime:0.002225s ]
SQL: SHOW COLUMNS FROM `user` [ RunTime:0.0094s ]
SQL: SHOW COLUMNS FROM `goods` [ RunTime:0.0067s ]
SQL: SELECT COUNT(*) AS tp_count FROM `user` LIMIT 1   [ RunTime:0.0002s ]
SQL: SELECT `user_nickname` FROM `user` WHERE `id` = 2 AND `user_rank` = 1 LIMIT 1   [ RunTime:0.0002s ]
SQL: SELECT COUNT(*) AS tp_count FROM `goods` LIMIT 1   [ RunTime:0.0002s ]
SQL: SELECT `good_name` FROM `goods` WHERE `id` = 4 LIMIT 1   [ RunTime:0.0002s ]

[ 2018-01-19T14:52:18+08:00 ] ::1 /Database/Home/Index/get_reward
INFO: [ app_init ] --START--
INFO: Run Behavior\BuildLiteBehavior [ RunTime:0.000010s ]
INFO: [ app_init ] --END-- [ RunTime:0.000054s ]
INFO: [ app_begin ] --START--
INFO: Run Behavior\ReadHtmlCacheBehavior [ RunTime:0.001224s ]
INFO: [ app_begin ] --END-- [ RunTime:0.001249s ]
SQL: SHOW COLUMNS FROM `user` [ RunTime:0.0096s ]
SQL: SHOW COLUMNS FROM `goods` [ RunTime:0.0066s ]
SQL: SELECT COUNT(*) AS tp_count FROM `user` LIMIT 1   [ RunTime:0.0002s ]
SQL: SELECT `user_nickname` FROM `user` WHERE `id` = 2 AND `user_rank` = 1 LIMIT 1   [ RunTime:0.0002s ]
SQL: SELECT COUNT(*) AS tp_count FROM `goods` LIMIT 1   [ RunTime:0.0001s ]
SQL: SELECT `good_name` FROM `goods` WHERE `id` = 1 LIMIT 1   [ RunTime:0.0002s ]

[ 2018-01-19T14:52:32+08:00 ] ::1 /Database/Home/Index/get_reward
INFO: [ app_init ] --START--
INFO: Run Behavior\BuildLiteBehavior [ RunTime:0.000006s ]
INFO: [ app_init ] --END-- [ RunTime:0.000032s ]
INFO: [ app_begin ] --START--
INFO: Run Behavior\ReadHtmlCacheBehavior [ RunTime:0.001170s ]
INFO: [ app_begin ] --END-- [ RunTime:0.001187s ]
SQL: SHOW COLUMNS FROM `user` [ RunTime:0.1338s ]
SQL: SHOW COLUMNS FROM `goods` [ RunTime:0.1077s ]
SQL: SELECT COUNT(*) AS tp_count FROM `user` LIMIT 1   [ RunTime:0.0004s ]
SQL: SELECT `user_nickname` FROM `user` WHERE `id` = 2 AND `user_rank` = 1 LIMIT 1   [ RunTime:0.0006s ]
SQL: SELECT COUNT(*) AS tp_count FROM `goods` LIMIT 1   [ RunTime:0.0004s ]
SQL: SELECT `good_name` FROM `goods` WHERE `id` = 1 LIMIT 1   [ RunTime:0.0005s ]

[ 2018-01-19T14:52:44+08:00 ] ::1 /Database/Home/Index/get_reward
INFO: [ app_init ] --START--
INFO: Run Behavior\BuildLiteBehavior [ RunTime:0.000008s ]
INFO: [ app_init ] --END-- [ RunTime:0.000046s ]
INFO: [ app_begin ] --START--
INFO: Run Behavior\ReadHtmlCacheBehavior [ RunTime:0.002034s ]
INFO: [ app_begin ] --END-- [ RunTime:0.002059s ]
SQL: SHOW COLUMNS FROM `user` [ RunTime:0.0086s ]
SQL: SHOW COLUMNS FROM `goods` [ RunTime:0.0063s ]
SQL: SELECT COUNT(*) AS tp_count FROM `user` LIMIT 1   [ RunTime:0.0002s ]
SQL: SELECT `user_nickname` FROM `user` WHERE `id` = 2 AND `user_rank` = 1 LIMIT 1   [ RunTime:0.0003s ]
SQL: SELECT COUNT(*) AS tp_count FROM `goods` LIMIT 1   [ RunTime:0.0003s ]
SQL: SELECT `good_name` FROM `goods` WHERE `id` = 3 LIMIT 1   [ RunTime:0.0003s ]

[ 2018-01-19T14:52:57+08:00 ] ::1 /Database/Home/Index/get_reward
INFO: [ app_init ] --START--
INFO: Run Behavior\BuildLiteBehavior [ RunTime:0.000008s ]
INFO: [ app_init ] --END-- [ RunTime:0.000048s ]
INFO: [ app_begin ] --START--
INFO: Run Behavior\ReadHtmlCacheBehavior [ RunTime:0.002047s ]
INFO: [ app_begin ] --END-- [ RunTime:0.002073s ]
SQL: SHOW COLUMNS FROM `user` [ RunTime:0.0083s ]
SQL: SHOW COLUMNS FROM `goods` [ RunTime:0.0064s ]
SQL: SELECT COUNT(*) AS tp_count FROM `user` LIMIT 1   [ RunTime:0.0002s ]
SQL: SELECT `user_nickname` FROM `user` WHERE `id` = 2 AND `user_rank` = 1 LIMIT 1   [ RunTime:0.0002s ]
SQL: SELECT COUNT(*) AS tp_count FROM `goods` LIMIT 1   [ RunTime:0.0003s ]
SQL: SELECT `good_name` FROM `goods` WHERE `id` = 1 LIMIT 1   [ RunTime:0.0002s ]

[ 2018-01-19T14:53:10+08:00 ] ::1 /Database/Home/Index/get_reward
INFO: [ app_init ] --START--
INFO: Run Behavior\BuildLiteBehavior [ RunTime:0.000010s ]
INFO: [ app_init ] --END-- [ RunTime:0.000053s ]
INFO: [ app_begin ] --START--
INFO: Run Behavior\ReadHtmlCacheBehavior [ RunTime:0.001250s ]
INFO: [ app_begin ] --END-- [ RunTime:0.001271s ]
SQL: SHOW COLUMNS FROM `user` [ RunTime:0.0086s ]
SQL: SHOW COLUMNS FROM `goods` [ RunTime:0.0059s ]
SQL: SELECT COUNT(*) AS tp_count FROM `user` LIMIT 1   [ RunTime:0.0002s ]
SQL: SELECT `user_nickname` FROM `user` WHERE `id` = 2 AND `user_rank` = 1 LIMIT 1   [ RunTime:0.0002s ]
SQL: SELECT COUNT(*) AS tp_count FROM `goods` LIMIT 1   [ RunTime:0.0001s ]
SQL: SELECT `good_name` FROM `goods` WHERE `id` = 1 LIMIT 1   [ RunTime:0.0001s ]

[ 2018-01-19T14:53:23+08:00 ] ::1 /Database/Home/Index/get_reward
INFO: [ app_init ] --START--
INFO: Run Behavior\BuildLiteBehavior [ RunTime:0.000008s ]
INFO: [ app_init ] --END-- [ RunTime:0.000047s ]
INFO: [ app_begin ] --START--
INFO: Run Behavior\ReadHtmlCacheBehavior [ RunTime:0.002186s ]
INFO: [ app_begin ] --END-- [ RunTime:0.002218s ]
SQL: SHOW COLUMNS FROM `user` [ RunTime:0.0084s ]
SQL: SHOW COLUMNS FROM `goods` [ RunTime:0.0065s ]
SQL: SELECT COUNT(*) AS tp_count FROM `user` LIMIT 1   [ RunTime:0.0002s ]
SQL: SELECT `user_nickname` FROM `user` WHERE `id` = 2 AND `user_rank` = 1 LIMIT 1   [ RunTime:0.0002s ]
SQL: SELECT COUNT(*) AS tp_count FROM `goods` LIMIT 1   [ RunTime:0.0002s ]
SQL: SELECT `good_name` FROM `goods` WHERE `id` = 2 LIMIT 1   [ RunTime:0.0002s ]

[ 2018-01-19T14:53:36+08:00 ] ::1 /Database/Home/Index/get_reward
INFO: [ app_init ] --START--
INFO: Run Behavior\BuildLiteBehavior [ RunTime:0.000009s ]
INFO: [ app_init ] --END-- [ RunTime:0.000047s ]
INFO: [ app_begin ] --START--
INFO: Run Behavior\ReadHtmlCacheBehavior [ RunTime:0.001691s ]
INFO: [ app_begin ] --END-- [ RunTime:0.001717s ]
SQL: SHOW COLUMNS FROM `user` [ RunTime:0.0081s ]
SQL: SHOW COLUMNS FROM `goods` [ RunTime:0.0062s ]
SQL: SELECT COUNT(*) AS tp_count FROM `user` LIMIT 1   [ RunTime:0.0002s ]
SQL: SELECT `user_nickname` FROM `user` WHERE `id` = 2 AND `user_rank` = 1 LIMIT 1   [ RunTime:0.0002s ]
SQL: SELECT COUNT(*) AS tp_count FROM `goods` LIMIT 1   [ RunTime:0.0001s ]
SQL: SELECT `good_name` FROM `goods` WHERE `id` = 2 LIMIT 1   [ RunTime:0.0002s ]

[ 2018-01-19T14:53:50+08:00 ] ::1 /Database/Home/Index/get_reward
INFO: [ app_init ] --START--
INFO: Run Behavior\BuildLiteBehavior [ RunTime:0.000009s ]
INFO: [ app_init ] --END-- [ RunTime:0.000047s ]
INFO: [ app_begin ] --START--
INFO: Run Behavior\ReadHtmlCacheBehavior [ RunTime:0.002206s ]
INFO: [ app_begin ] --END-- [ RunTime:0.002239s ]
SQL: SHOW COLUMNS FROM `user` [ RunTime:0.0082s ]
SQL: SHOW COLUMNS FROM `goods` [ RunTime:0.0061s ]
SQL: SELECT COUNT(*) AS tp_count FROM `user` LIMIT 1   [ RunTime:0.0002s ]
SQL: SELECT `user_nickname` FROM `user` WHERE `id` = 2 AND `user_rank` = 1 LIMIT 1   [ RunTime:0.0002s ]
SQL: SELECT COUNT(*) AS tp_count FROM `goods` LIMIT 1   [ RunTime:0.0002s ]
SQL: SELECT `good_name` FROM `goods` WHERE `id` = 4 LIMIT 1   [ RunTime:0.0002s ]

[ 2018-01-19T14:54:03+08:00 ] ::1 /Database/Home/Index/get_reward
INFO: [ app_init ] --START--
INFO: Run Behavior\BuildLiteBehavior [ RunTime:0.000008s ]
INFO: [ app_init ] --END-- [ RunTime:0.000045s ]
INFO: [ app_begin ] --START--
INFO: Run Behavior\ReadHtmlCacheBehavior [ RunTime:0.001742s ]
INFO: [ app_begin ] --END-- [ RunTime:0.001766s ]
SQL: SHOW COLUMNS FROM `user` [ RunTime:0.0086s ]
SQL: SHOW COLUMNS FROM `goods` [ RunTime:0.0063s ]
SQL: SELECT COUNT(*) AS tp_count FROM `user` LIMIT 1   [ RunTime:0.0002s ]
SQL: SELECT `user_nickname` FROM `user` WHERE `id` = 2 AND `user_rank` = 1 LIMIT 1   [ RunTime:0.0002s ]
SQL: SELECT COUNT(*) AS tp_count FROM `goods` LIMIT 1   [ RunTime:0.0002s ]
SQL: SELECT `good_name` FROM `goods` WHERE `id` = 2 LIMIT 1   [ RunTime:0.0002s ]

[ 2018-01-19T14:54:16+08:00 ] ::1 /Database/Home/Index/get_reward
INFO: [ app_init ] --START--
INFO: Run Behavior\BuildLiteBehavior [ RunTime:0.000010s ]
INFO: [ app_init ] --END-- [ RunTime:0.000057s ]
INFO: [ app_begin ] --START--
INFO: Run Behavior\ReadHtmlCacheBehavior [ RunTime:0.001160s ]
INFO: [ app_begin ] --END-- [ RunTime:0.001179s ]
SQL: SHOW COLUMNS FROM `user` [ RunTime:0.0098s ]
SQL: SHOW COLUMNS FROM `goods` [ RunTime:0.0059s ]
SQL: SELECT COUNT(*) AS tp_count FROM `user` LIMIT 1   [ RunTime:0.0002s ]
SQL: SELECT `user_nickname` FROM `user` WHERE `id` = 2 AND `user_rank` = 1 LIMIT 1   [ RunTime:0.0002s ]
SQL: SELECT COUNT(*) AS tp_count FROM `goods` LIMIT 1   [ RunTime:0.0001s ]
SQL: SELECT `good_name` FROM `goods` WHERE `id` = 3 LIMIT 1   [ RunTime:0.0002s ]

[ 2018-01-19T14:54:29+08:00 ] ::1 /Database/Home/Index/get_reward
INFO: [ app_init ] --START--
INFO: Run Behavior\BuildLiteBehavior [ RunTime:0.000008s ]
INFO: [ app_init ] --END-- [ RunTime:0.000048s ]
INFO: [ app_begin ] --START--
INFO: Run Behavior\ReadHtmlCacheBehavior [ RunTime:0.002226s ]
INFO: [ app_begin ] --END-- [ RunTime:0.002266s ]
SQL: SHOW COLUMNS FROM `user` [ RunTime:0.0096s ]
SQL: SHOW COLUMNS FROM `goods` [ RunTime:0.0074s ]
SQL: SELECT COUNT(*) AS tp_count FROM `user` LIMIT 1   [ RunTime:0.0001s ]
SQL: SELECT `user_nickname` FROM `user` WHERE `id` = 2 AND `user_rank` = 1 LIMIT 1   [ RunTime:0.0001s ]
SQL: SELECT COUNT(*) AS tp_count FROM `goods` LIMIT 1   [ RunTime:0.0001s ]
SQL: SELECT `good_name` FROM `goods` WHERE `id` = 4 LIMIT 1   [ RunTime:0.0002s ]

[ 2018-01-19T14:54:42+08:00 ] ::1 /Database/Home/Index/get_reward
INFO: [ app_init ] --START--
INFO: Run Behavior\BuildLiteBehavior [ RunTime:0.000008s ]
INFO: [ app_init ] --END-- [ RunTime:0.000046s ]
INFO: [ app_begin ] --START--
INFO: Run Behavior\ReadHtmlCacheBehavior [ RunTime:0.001814s ]
INFO: [ app_begin ] --END-- [ RunTime:0.001839s ]
SQL: SHOW COLUMNS FROM `user` [ RunTime:0.0090s ]
SQL: SHOW COLUMNS FROM `goods` [ RunTime:0.0070s ]
SQL: SELECT COUNT(*) AS tp_count FROM `user` LIMIT 1   [ RunTime:0.0002s ]
SQL: SELECT `user_nickname` FROM `user` WHERE `id` = 2 AND `user_rank` = 1 LIMIT 1   [ RunTime:0.0002s ]
SQL: SELECT COUNT(*) AS tp_count FROM `goods` LIMIT 1   [ RunTime:0.0002s ]
SQL: SELECT `good_name` FROM `goods` WHERE `id` = 3 LIMIT 1   [ RunTime:0.0002s ]

[ 2018-01-19T14:54:55+08:00 ] ::1 /Database/Home/Index/get_reward
INFO: [ app_init ] --START--
INFO: Run Behavior\BuildLiteBehavior [ RunTime:0.000005s ]
INFO: [ app_init ] --END-- [ RunTime:0.000029s ]
INFO: [ app_begin ] --START--
INFO: Run Behavior\ReadHtmlCacheBehavior [ RunTime:0.001188s ]
INFO: [ app_begin ] --END-- [ RunTime:0.001206s ]
SQL: SHOW COLUMNS FROM `user` [ RunTime:0.0082s ]
SQL: SHOW COLUMNS FROM `goods` [ RunTime:0.0062s ]
SQL: SELECT COUNT(*) AS tp_count FROM `user` LIMIT 1   [ RunTime:0.0002s ]
SQL: SELECT `user_nickname` FROM `user` WHERE `id` = 2 AND `user_rank` = 1 LIMIT 1   [ RunTime:0.0002s ]
SQL: SELECT COUNT(*) AS tp_count FROM `goods` LIMIT 1   [ RunTime:0.0002s ]
SQL: SELECT `good_name` FROM `goods` WHERE `id` = 3 LIMIT 1   [ RunTime:0.0002s ]

[ 2018-01-19T14:55:08+08:00 ] ::1 /Database/Home/Index/get_reward
INFO: [ app_init ] --START--
INFO: Run Behavior\BuildLiteBehavior [ RunTime:0.000009s ]
INFO: [ app_init ] --END-- [ RunTime:0.000051s ]
INFO: [ app_begin ] --START--
INFO: Run Behavior\ReadHtmlCacheBehavior [ RunTime:0.002202s ]
INFO: [ app_begin ] --END-- [ RunTime:0.002227s ]
SQL: SHOW COLUMNS FROM `user` [ RunTime:0.0095s ]
SQL: SHOW COLUMNS FROM `goods` [ RunTime:0.0059s ]
SQL: SELECT COUNT(*) AS tp_count FROM `user` LIMIT 1   [ RunTime:0.0002s ]
SQL: SELECT `user_nickname` FROM `user` WHERE `id` = 2 AND `user_rank` = 1 LIMIT 1   [ RunTime:0.0002s ]
SQL: SELECT COUNT(*) AS tp_count FROM `goods` LIMIT 1   [ RunTime:0.0002s ]
SQL: SELECT `good_name` FROM `goods` WHERE `id` = 4 LIMIT 1   [ RunTime:0.0002s ]

[ 2018-01-19T14:55:21+08:00 ] ::1 /Database/Home/Index/get_reward
INFO: [ app_init ] --START--
INFO: Run Behavior\BuildLiteBehavior [ RunTime:0.000005s ]
INFO: [ app_init ] --END-- [ RunTime:0.000031s ]
INFO: [ app_begin ] --START--
INFO: Run Behavior\ReadHtmlCacheBehavior [ RunTime:0.001277s ]
INFO: [ app_begin ] --END-- [ RunTime:0.001297s ]
SQL: SHOW COLUMNS FROM `user` [ RunTime:0.0084s ]
SQL: SHOW COLUMNS FROM `goods` [ RunTime:0.0066s ]
SQL: SELECT COUNT(*) AS tp_count FROM `user` LIMIT 1   [ RunTime:0.0002s ]
SQL: SELECT `user_nickname` FROM `user` WHERE `id` = 2 AND `user_rank` = 1 LIMIT 1   [ RunTime:0.0002s ]
SQL: SELECT COUNT(*) AS tp_count FROM `goods` LIMIT 1   [ RunTime:0.0002s ]
SQL: SELECT `good_name` FROM `goods` WHERE `id` = 1 LIMIT 1   [ RunTime:0.0002s ]

[ 2018-01-19T14:55:34+08:00 ] ::1 /Database/Home/Index/get_reward
INFO: [ app_init ] --START--
INFO: Run Behavior\BuildLiteBehavior [ RunTime:0.000006s ]
INFO: [ app_init ] --END-- [ RunTime:0.000031s ]
INFO: [ app_begin ] --START--
INFO: Run Behavior\ReadHtmlCacheBehavior [ RunTime:0.001174s ]
INFO: [ app_begin ] --END-- [ RunTime:0.001191s ]
SQL: SHOW COLUMNS FROM `user` [ RunTime:0.0083s ]
SQL: SHOW COLUMNS FROM `goods` [ RunTime:0.0066s ]
SQL: SELECT COUNT(*) AS tp_count FROM `user` LIMIT 1   [ RunTime:0.0002s ]
SQL: SELECT `user_nickname` FROM `user` WHERE `id` = 2 AND `user_rank` = 1 LIMIT 1   [ RunTime:0.0002s ]
SQL: SELECT COUNT(*) AS tp_count FROM `goods` LIMIT 1   [ RunTime:0.0002s ]
SQL: SELECT `good_name` FROM `goods` WHERE `id` = 3 LIMIT 1   [ RunTime:0.0002s ]

[ 2018-01-19T14:55:48+08:00 ] ::1 /Database/Home/Index/get_reward
INFO: [ app_init ] --START--
INFO: Run Behavior\BuildLiteBehavior [ RunTime:0.000010s ]
INFO: [ app_init ] --END-- [ RunTime:0.000066s ]
INFO: [ app_begin ] --START--
INFO: Run Behavior\ReadHtmlCacheBehavior [ RunTime:0.001339s ]
INFO: [ app_begin ] --END-- [ RunTime:0.001358s ]
SQL: SHOW COLUMNS FROM `user` [ RunTime:0.0088s ]
SQL: SHOW COLUMNS FROM `goods` [ RunTime:0.0081s ]
SQL: SELECT COUNT(*) AS tp_count FROM `user` LIMIT 1   [ RunTime:0.0002s ]
SQL: SELECT `user_nickname` FROM `user` WHERE `id` = 2 AND `user_rank` = 1 LIMIT 1   [ RunTime:0.0002s ]
SQL: SELECT COUNT(*) AS tp_count FROM `goods` LIMIT 1   [ RunTime:0.0002s ]
SQL: SELECT `good_name` FROM `goods` WHERE `id` = 1 LIMIT 1   [ RunTime:0.0002s ]

[ 2018-01-19T14:56:00+08:00 ] ::1 /Database/Home/Index/get_reward
INFO: [ app_init ] --START--
INFO: Run Behavior\BuildLiteBehavior [ RunTime:0.000008s ]
INFO: [ app_init ] --END-- [ RunTime:0.000046s ]
INFO: [ app_begin ] --START--
INFO: Run Behavior\ReadHtmlCacheBehavior [ RunTime:0.001614s ]
INFO: [ app_begin ] --END-- [ RunTime:0.001640s ]
SQL: SHOW COLUMNS FROM `user` [ RunTime:0.0094s ]
SQL: SHOW COLUMNS FROM `goods` [ RunTime:0.0062s ]
SQL: SELECT COUNT(*) AS tp_count FROM `user` LIMIT 1   [ RunTime:0.0001s ]
SQL: SELECT `user_nickname` FROM `user` WHERE `id` = 2 AND `user_rank` = 1 LIMIT 1   [ RunTime:0.0001s ]
SQL: SELECT COUNT(*) AS tp_count FROM `goods` LIMIT 1   [ RunTime:0.0001s ]
SQL: SELECT `good_name` FROM `goods` WHERE `id` = 4 LIMIT 1   [ RunTime:0.0001s ]

[ 2018-01-19T14:56:14+08:00 ] ::1 /Database/Home/Index/get_reward
INFO: [ app_init ] --START--
INFO: Run Behavior\BuildLiteBehavior [ RunTime:0.000013s ]
INFO: [ app_init ] --END-- [ RunTime:0.000069s ]
INFO: [ app_begin ] --START--
INFO: Run Behavior\ReadHtmlCacheBehavior [ RunTime:0.002580s ]
INFO: [ app_begin ] --END-- [ RunTime:0.002626s ]
SQL: SHOW COLUMNS FROM `user` [ RunTime:0.0157s ]
SQL: SHOW COLUMNS FROM `goods` [ RunTime:0.0163s ]
SQL: SELECT COUNT(*) AS tp_count FROM `user` LIMIT 1   [ RunTime:0.0003s ]
SQL: SELECT `user_nickname` FROM `user` WHERE `id` = 2 AND `user_rank` = 1 LIMIT 1   [ RunTime:0.0003s ]
SQL: SELECT COUNT(*) AS tp_count FROM `goods` LIMIT 1   [ RunTime:0.0002s ]
SQL: SELECT `good_name` FROM `goods` WHERE `id` = 1 LIMIT 1   [ RunTime:0.0003s ]

[ 2018-01-19T14:56:26+08:00 ] ::1 /Database/Home/Index/get_reward
INFO: [ app_init ] --START--
INFO: Run Behavior\BuildLiteBehavior [ RunTime:0.000009s ]
INFO: [ app_init ] --END-- [ RunTime:0.000048s ]
INFO: [ app_begin ] --START--
INFO: Run Behavior\ReadHtmlCacheBehavior [ RunTime:0.002338s ]
INFO: [ app_begin ] --END-- [ RunTime:0.002379s ]
SQL: SHOW COLUMNS FROM `user` [ RunTime:0.0088s ]
SQL: SHOW COLUMNS FROM `goods` [ RunTime:0.0065s ]
SQL: SELECT COUNT(*) AS tp_count FROM `user` LIMIT 1   [ RunTime:0.0002s ]
SQL: SELECT `user_nickname` FROM `user` WHERE `id` = 2 AND `user_rank` = 1 LIMIT 1   [ RunTime:0.0002s ]
SQL: SELECT COUNT(*) AS tp_count FROM `goods` LIMIT 1   [ RunTime:0.0002s ]
SQL: SELECT `good_name` FROM `goods` WHERE `id` = 2 LIMIT 1   [ RunTime:0.0002s ]

[ 2018-01-19T14:56:39+08:00 ] ::1 /Database/Home/Index/get_reward
INFO: [ app_init ] --START--
INFO: Run Behavior\BuildLiteBehavior [ RunTime:0.000009s ]
INFO: [ app_init ] --END-- [ RunTime:0.000050s ]
INFO: [ app_begin ] --START--
INFO: Run Behavior\ReadHtmlCacheBehavior [ RunTime:0.001550s ]
INFO: [ app_begin ] --END-- [ RunTime:0.001572s ]
SQL: SHOW COLUMNS FROM `user` [ RunTime:0.0094s ]
SQL: SHOW COLUMNS FROM `goods` [ RunTime:0.0065s ]
SQL: SELECT COUNT(*) AS tp_count FROM `user` LIMIT 1   [ RunTime:0.0002s ]
SQL: SELECT `user_nickname` FROM `user` WHERE `id` = 2 AND `user_rank` = 1 LIMIT 1   [ RunTime:0.0002s ]
SQL: SELECT COUNT(*) AS tp_count FROM `goods` LIMIT 1   [ RunTime:0.0001s ]
SQL: SELECT `good_name` FROM `goods` WHERE `id` = 4 LIMIT 1   [ RunTime:0.0002s ]

[ 2018-01-19T14:56:52+08:00 ] ::1 /Database/Home/Index/get_reward
INFO: [ app_init ] --START--
INFO: Run Behavior\BuildLiteBehavior [ RunTime:0.000009s ]
INFO: [ app_init ] --END-- [ RunTime:0.000054s ]
INFO: [ app_begin ] --START--
INFO: Run Behavior\ReadHtmlCacheBehavior [ RunTime:0.001196s ]
INFO: [ app_begin ] --END-- [ RunTime:0.001214s ]
SQL: SHOW COLUMNS FROM `user` [ RunTime:0.0089s ]
SQL: SHOW COLUMNS FROM `goods` [ RunTime:0.0065s ]
SQL: SELECT COUNT(*) AS tp_count FROM `user` LIMIT 1   [ RunTime:0.0002s ]
SQL: SELECT `user_nickname` FROM `user` WHERE `id` = 2 AND `user_rank` = 1 LIMIT 1   [ RunTime:0.0002s ]
SQL: SELECT COUNT(*) AS tp_count FROM `goods` LIMIT 1   [ RunTime:0.0001s ]
SQL: SELECT `good_name` FROM `goods` WHERE `id` = 1 LIMIT 1   [ RunTime:0.0001s ]

[ 2018-01-19T14:57:05+08:00 ] ::1 /Database/Home/Index/get_reward
INFO: [ app_init ] --START--
INFO: Run Behavior\BuildLiteBehavior [ RunTime:0.000009s ]
INFO: [ app_init ] --END-- [ RunTime:0.000046s ]
INFO: [ app_begin ] --START--
INFO: Run Behavior\ReadHtmlCacheBehavior [ RunTime:0.002205s ]
INFO: [ app_begin ] --END-- [ RunTime:0.002239s ]
SQL: SHOW COLUMNS FROM `user` [ RunTime:0.0098s ]
SQL: SHOW COLUMNS FROM `goods` [ RunTime:0.0061s ]
SQL: SELECT COUNT(*) AS tp_count FROM `user` LIMIT 1   [ RunTime:0.0002s ]
SQL: SELECT `user_nickname` FROM `user` WHERE `id` = 2 AND `user_rank` = 1 LIMIT 1   [ RunTime:0.0002s ]
SQL: SELECT COUNT(*) AS tp_count FROM `goods` LIMIT 1   [ RunTime:0.0002s ]
SQL: SELECT `good_name` FROM `goods` WHERE `id` = 3 LIMIT 1   [ RunTime:0.0002s ]

[ 2018-01-19T14:57:18+08:00 ] ::1 /Database/Home/Index/get_reward
INFO: [ app_init ] --START--
INFO: Run Behavior\BuildLiteBehavior [ RunTime:0.000008s ]
INFO: [ app_init ] --END-- [ RunTime:0.000050s ]
INFO: [ app_begin ] --START--
INFO: Run Behavior\ReadHtmlCacheBehavior [ RunTime:0.001497s ]
INFO: [ app_begin ] --END-- [ RunTime:0.001526s ]
SQL: SHOW COLUMNS FROM `user` [ RunTime:0.0087s ]
SQL: SHOW COLUMNS FROM `goods` [ RunTime:0.0065s ]
SQL: SELECT COUNT(*) AS tp_count FROM `user` LIMIT 1   [ RunTime:0.0001s ]
SQL: SELECT `user_nickname` FROM `user` WHERE `id` = 2 AND `user_rank` = 1 LIMIT 1   [ RunTime:0.0002s ]
SQL: SELECT COUNT(*) AS tp_count FROM `goods` LIMIT 1   [ RunTime:0.0001s ]
SQL: SELECT `good_name` FROM `goods` WHERE `id` = 1 LIMIT 1   [ RunTime:0.0001s ]

[ 2018-01-19T14:57:31+08:00 ] ::1 /Database/Home/Index/get_reward
INFO: [ app_init ] --START--
INFO: Run Behavior\BuildLiteBehavior [ RunTime:0.000009s ]
INFO: [ app_init ] --END-- [ RunTime:0.000050s ]
INFO: [ app_begin ] --START--
INFO: Run Behavior\ReadHtmlCacheBehavior [ RunTime:0.001945s ]
INFO: [ app_begin ] --END-- [ RunTime:0.001987s ]
SQL: SHOW COLUMNS FROM `user` [ RunTime:0.0082s ]
SQL: SHOW COLUMNS FROM `goods` [ RunTime:0.0079s ]
SQL: SELECT COUNT(*) AS tp_count FROM `user` LIMIT 1   [ RunTime:0.0001s ]
SQL: SELECT `user_nickname` FROM `user` WHERE `id` = 2 AND `user_rank` = 1 LIMIT 1   [ RunTime:0.0001s ]
SQL: SELECT COUNT(*) AS tp_count FROM `goods` LIMIT 1   [ RunTime:0.0001s ]
SQL: SELECT `good_name` FROM `goods` WHERE `id` = 2 LIMIT 1   [ RunTime:0.0001s ]

[ 2018-01-19T14:57:44+08:00 ] ::1 /Database/Home/Index/get_reward
INFO: [ app_init ] --START--
INFO: Run Behavior\BuildLiteBehavior [ RunTime:0.000008s ]
INFO: [ app_init ] --END-- [ RunTime:0.000044s ]
INFO: [ app_begin ] --START--
INFO: Run Behavior\ReadHtmlCacheBehavior [ RunTime:0.001468s ]
INFO: [ app_begin ] --END-- [ RunTime:0.001500s ]
SQL: SHOW COLUMNS FROM `user` [ RunTime:0.0099s ]
SQL: SHOW COLUMNS FROM `goods` [ RunTime:0.0075s ]
SQL: SELECT COUNT(*) AS tp_count FROM `user` LIMIT 1   [ RunTime:0.0002s ]
SQL: SELECT `user_nickname` FROM `user` WHERE `id` = 2 AND `user_rank` = 1 LIMIT 1   [ RunTime:0.0002s ]
SQL: SELECT COUNT(*) AS tp_count FROM `goods` LIMIT 1   [ RunTime:0.0001s ]
SQL: SELECT `good_name` FROM `goods` WHERE `id` = 1 LIMIT 1   [ RunTime:0.0001s ]

[ 2018-01-19T14:57:57+08:00 ] ::1 /Database/Home/Index/get_reward
INFO: [ app_init ] --START--
INFO: Run Behavior\BuildLiteBehavior [ RunTime:0.000006s ]
INFO: [ app_init ] --END-- [ RunTime:0.000034s ]
INFO: [ app_begin ] --START--
INFO: Run Behavior\ReadHtmlCacheBehavior [ RunTime:0.001246s ]
INFO: [ app_begin ] --END-- [ RunTime:0.001285s ]
SQL: SHOW COLUMNS FROM `user` [ RunTime:0.0094s ]
SQL: SHOW COLUMNS FROM `goods` [ RunTime:0.0061s ]
SQL: SELECT COUNT(*) AS tp_count FROM `user` LIMIT 1   [ RunTime:0.0002s ]
SQL: SELECT `user_nickname` FROM `user` WHERE `id` = 2 AND `user_rank` = 1 LIMIT 1   [ RunTime:0.0002s ]
SQL: SELECT COUNT(*) AS tp_count FROM `goods` LIMIT 1   [ RunTime:0.0001s ]
SQL: SELECT `good_name` FROM `goods` WHERE `id` = 1 LIMIT 1   [ RunTime:0.0001s ]

[ 2018-01-19T14:58:10+08:00 ] ::1 /Database/Home/Index/get_reward
INFO: [ app_init ] --START--
INFO: Run Behavior\BuildLiteBehavior [ RunTime:0.000009s ]
INFO: [ app_init ] --END-- [ RunTime:0.000049s ]
INFO: [ app_begin ] --START--
INFO: Run Behavior\ReadHtmlCacheBehavior [ RunTime:0.002185s ]
INFO: [ app_begin ] --END-- [ RunTime:0.002220s ]
ERR: Class 'Home\Model\UserModel' not found

[ 2018-01-19T14:58:24+08:00 ] ::1 /Database/Home/Index/get_reward
INFO: [ app_init ] --START--
INFO: Run Behavior\BuildLiteBehavior [ RunTime:0.000006s ]
INFO: [ app_init ] --END-- [ RunTime:0.000027s ]
INFO: [ app_begin ] --START--
INFO: Run Behavior\ReadHtmlCacheBehavior [ RunTime:0.001162s ]
INFO: [ app_begin ] --END-- [ RunTime:0.001181s ]
ERR: Class 'Home\Model\UserModel' not found

[ 2018-01-19T14:58:37+08:00 ] ::1 /Database/Home/Index/get_reward
INFO: [ app_init ] --START--
INFO: Run Behavior\BuildLiteBehavior [ RunTime:0.000010s ]
INFO: [ app_init ] --END-- [ RunTime:0.000054s ]
INFO: [ app_begin ] --START--
INFO: Run Behavior\ReadHtmlCacheBehavior [ RunTime:0.002385s ]
INFO: [ app_begin ] --END-- [ RunTime:0.002422s ]
ERR: Class 'Home\Model\UserModel' not found

[ 2018-01-19T14:58:50+08:00 ] ::1 /Database/Home/Index/get_reward
INFO: [ app_init ] --START--
INFO: Run Behavior\BuildLiteBehavior [ RunTime:0.000008s ]
INFO: [ app_init ] --END-- [ RunTime:0.000048s ]
INFO: [ app_begin ] --START--
INFO: Run Behavior\ReadHtmlCacheBehavior [ RunTime:0.002183s ]
INFO: [ app_begin ] --END-- [ RunTime:0.002219s ]
ERR: Class 'Home\Model\UserModel' not found

[ 2018-01-19T14:59:03+08:00 ] ::1 /Database/Home/Index/get_reward
INFO: [ app_init ] --START--
INFO: Run Behavior\BuildLiteBehavior [ RunTime:0.000008s ]
INFO: [ app_init ] --END-- [ RunTime:0.000048s ]
INFO: [ app_begin ] --START--
INFO: Run Behavior\ReadHtmlCacheBehavior [ RunTime:0.002118s ]
INFO: [ app_begin ] --END-- [ RunTime:0.002144s ]
ERR: Class 'Home\Model\UserModel' not found

[ 2018-01-19T14:59:16+08:00 ] ::1 /Database/Home/Index/get_reward
INFO: [ app_init ] --START--
INFO: Run Behavior\BuildLiteBehavior [ RunTime:0.000009s ]
INFO: [ app_init ] --END-- [ RunTime:0.000047s ]
INFO: [ app_begin ] --START--
INFO: Run Behavior\ReadHtmlCacheBehavior [ RunTime:0.002162s ]
INFO: [ app_begin ] --END-- [ RunTime:0.002195s ]
ERR: Class 'Home\Model\UserModel' not found

[ 2018-01-19T14:59:29+08:00 ] ::1 /Database/Home/Index/get_reward
INFO: [ app_init ] --START--
INFO: Run Behavior\BuildLiteBehavior [ RunTime:0.000006s ]
INFO: [ app_init ] --END-- [ RunTime:0.000036s ]
INFO: [ app_begin ] --START--
INFO: Run Behavior\ReadHtmlCacheBehavior [ RunTime:0.001441s ]
INFO: [ app_begin ] --END-- [ RunTime:0.001469s ]
ERR: Class 'Home\Model\UserModel' not found

[ 2018-01-19T14:59:42+08:00 ] ::1 /Database/Home/Index/get_reward
INFO: [ app_init ] --START--
INFO: Run Behavior\BuildLiteBehavior [ RunTime:0.000009s ]
INFO: [ app_init ] --END-- [ RunTime:0.000049s ]
INFO: [ app_begin ] --START--
INFO: Run Behavior\ReadHtmlCacheBehavior [ RunTime:0.001247s ]
INFO: [ app_begin ] --END-- [ RunTime:0.001274s ]
ERR: Class 'Home\Model\UserModel' not found

[ 2018-01-19T14:59:55+08:00 ] ::1 /Database/Home/Index/get_reward
INFO: [ app_init ] --START--
INFO: Run Behavior\BuildLiteBehavior [ RunTime:0.000009s ]
INFO: [ app_init ] --END-- [ RunTime:0.000047s ]
INFO: [ app_begin ] --START--
INFO: Run Behavior\ReadHtmlCacheBehavior [ RunTime:0.002052s ]
INFO: [ app_begin ] --END-- [ RunTime:0.002075s ]
ERR: Class 'Home\Model\UserModel' not found

[ 2018-01-19T15:00:08+08:00 ] ::1 /Database/Home/Index/get_reward
INFO: [ app_init ] --START--
INFO: Run Behavior\BuildLiteBehavior [ RunTime:0.000007s ]
INFO: [ app_init ] --END-- [ RunTime:0.000037s ]
INFO: [ app_begin ] --START--
INFO: Run Behavior\ReadHtmlCacheBehavior [ RunTime:0.001594s ]
INFO: [ app_begin ] --END-- [ RunTime:0.001631s ]
ERR: Class 'Home\Model\UserModel' not found

[ 2018-01-19T15:00:21+08:00 ] ::1 /Database/Home/Index/get_reward
INFO: [ app_init ] --START--
INFO: Run Behavior\BuildLiteBehavior [ RunTime:0.000013s ]
INFO: [ app_init ] --END-- [ RunTime:0.000078s ]
INFO: [ app_begin ] --START--
INFO: Run Behavior\ReadHtmlCacheBehavior [ RunTime:0.003131s ]
INFO: [ app_begin ] --END-- [ RunTime:0.003187s ]
ERR: Class 'Home\Model\UserModel' not found

[ 2018-01-19T15:00:34+08:00 ] ::1 /Database/Home/Index/get_reward
INFO: [ app_init ] --START--
INFO: Run Behavior\BuildLiteBehavior [ RunTime:0.000006s ]
INFO: [ app_init ] --END-- [ RunTime:0.000033s ]
INFO: [ app_begin ] --START--
INFO: Run Behavior\ReadHtmlCacheBehavior [ RunTime:0.001361s ]
INFO: [ app_begin ] --END-- [ RunTime:0.001382s ]
ERR: Class 'Home\Model\UserModel' not found

[ 2018-01-19T15:00:47+08:00 ] ::1 /Database/Home/Index/get_reward
INFO: [ app_init ] --START--
INFO: Run Behavior\BuildLiteBehavior [ RunTime:0.000009s ]
INFO: [ app_init ] --END-- [ RunTime:0.000048s ]
INFO: [ app_begin ] --START--
INFO: Run Behavior\ReadHtmlCacheBehavior [ RunTime:0.001685s ]
INFO: [ app_begin ] --END-- [ RunTime:0.001744s ]
ERR: Class 'Home\Model\UserModel' not found

[ 2018-01-19T15:01:00+08:00 ] ::1 /Database/Home/Index/get_reward
INFO: [ app_init ] --START--
INFO: Run Behavior\BuildLiteBehavior [ RunTime:0.000011s ]
INFO: [ app_init ] --END-- [ RunTime:0.000052s ]
INFO: [ app_begin ] --START--
INFO: Run Behavior\ReadHtmlCacheBehavior [ RunTime:0.001205s ]
INFO: [ app_begin ] --END-- [ RunTime:0.001225s ]
ERR: Class 'Home\Model\UserModel' not found

[ 2018-01-19T15:01:13+08:00 ] ::1 /Database/Home/Index/get_reward
INFO: [ app_init ] --START--
INFO: Run Behavior\BuildLiteBehavior [ RunTime:0.000009s ]
INFO: [ app_init ] --END-- [ RunTime:0.000049s ]
INFO: [ app_begin ] --START--
INFO: Run Behavior\ReadHtmlCacheBehavior [ RunTime:0.002413s ]
INFO: [ app_begin ] --END-- [ RunTime:0.002457s ]
ERR: Class 'Home\Model\UserModel' not found

[ 2018-01-19T15:01:26+08:00 ] ::1 /Database/Home/Index/get_reward
INFO: [ app_init ] --START--
INFO: Run Behavior\BuildLiteBehavior [ RunTime:0.000009s ]
INFO: [ app_init ] --END-- [ RunTime:0.000053s ]
INFO: [ app_begin ] --START--
INFO: Run Behavior\ReadHtmlCacheBehavior [ RunTime:0.002211s ]
INFO: [ app_begin ] --END-- [ RunTime:0.002247s ]
ERR: Class 'Home\Model\UserModel' not found

[ 2018-01-19T15:01:39+08:00 ] ::1 /Database/Home/Index/get_reward
INFO: [ app_init ] --START--
INFO: Run Behavior\BuildLiteBehavior [ RunTime:0.000009s ]
INFO: [ app_init ] --END-- [ RunTime:0.000048s ]
INFO: [ app_begin ] --START--
INFO: Run Behavior\ReadHtmlCacheBehavior [ RunTime:0.002045s ]
INFO: [ app_begin ] --END-- [ RunTime:0.002076s ]
ERR: Class 'Home\Model\UserModel' not found

[ 2018-01-19T15:01:52+08:00 ] ::1 /Database/Home/Index/get_reward
INFO: [ app_init ] --START--
INFO: Run Behavior\BuildLiteBehavior [ RunTime:0.000009s ]
INFO: [ app_init ] --END-- [ RunTime:0.000051s ]
INFO: [ app_begin ] --START--
INFO: Run Behavior\ReadHtmlCacheBehavior [ RunTime:0.002216s ]
INFO: [ app_begin ] --END-- [ RunTime:0.002253s ]
ERR: Class 'Home\Model\UserModel' not found

[ 2018-01-19T15:02:05+08:00 ] ::1 /Database/Home/Index/get_reward
INFO: [ app_init ] --START--
INFO: Run Behavior\BuildLiteBehavior [ RunTime:0.000008s ]
INFO: [ app_init ] --END-- [ RunTime:0.000045s ]
INFO: [ app_begin ] --START--
INFO: Run Behavior\ReadHtmlCacheBehavior [ RunTime:0.001905s ]
INFO: [ app_begin ] --END-- [ RunTime:0.001933s ]
ERR: Class 'Home\Model\UserModel' not found

[ 2018-01-19T15:02:18+08:00 ] ::1 /Database/Home/Index/get_reward
INFO: [ app_init ] --START--
INFO: Run Behavior\BuildLiteBehavior [ RunTime:0.000008s ]
INFO: [ app_init ] --END-- [ RunTime:0.000046s ]
INFO: [ app_begin ] --START--
INFO: Run Behavior\ReadHtmlCacheBehavior [ RunTime:0.001495s ]
INFO: [ app_begin ] --END-- [ RunTime:0.001527s ]
ERR: Class 'Home\Model\UserModel' not found

[ 2018-01-19T15:02:32+08:00 ] ::1 /Database/Home/Index/get_reward
INFO: [ app_init ] --START--
INFO: Run Behavior\BuildLiteBehavior [ RunTime:0.000008s ]
INFO: [ app_init ] --END-- [ RunTime:0.000047s ]
INFO: [ app_begin ] --START--
INFO: Run Behavior\ReadHtmlCacheBehavior [ RunTime:0.002172s ]
INFO: [ app_begin ] --END-- [ RunTime:0.002203s ]
ERR: Class 'Home\Model\UserModel' not found

[ 2018-01-19T15:02:45+08:00 ] ::1 /Database/Home/Index/get_reward
INFO: [ app_init ] --START--
INFO: Run Behavior\BuildLiteBehavior [ RunTime:0.000010s ]
INFO: [ app_init ] --END-- [ RunTime:0.000052s ]
INFO: [ app_begin ] --START--
INFO: Run Behavior\ReadHtmlCacheBehavior [ RunTime:0.002071s ]
INFO: [ app_begin ] --END-- [ RunTime:0.002096s ]
ERR: Class 'Home\Model\UserModel' not found

[ 2018-01-19T15:02:58+08:00 ] ::1 /Database/Home/Index/get_reward
INFO: [ app_init ] --START--
INFO: Run Behavior\BuildLiteBehavior [ RunTime:0.000011s ]
INFO: [ app_init ] --END-- [ RunTime:0.000064s ]
INFO: [ app_begin ] --START--
INFO: Run Behavior\ReadHtmlCacheBehavior [ RunTime:0.001176s ]
INFO: [ app_begin ] --END-- [ RunTime:0.001196s ]
ERR: Class 'Home\Model\UserModel' not found

[ 2018-01-19T15:03:11+08:00 ] ::1 /Database/Home/Index/get_reward
INFO: [ app_init ] --START--
INFO: Run Behavior\BuildLiteBehavior [ RunTime:0.000006s ]
INFO: [ app_init ] --END-- [ RunTime:0.000030s ]
INFO: [ app_begin ] --START--
INFO: Run Behavior\ReadHtmlCacheBehavior [ RunTime:0.001163s ]
INFO: [ app_begin ] --END-- [ RunTime:0.001186s ]
ERR: Class 'Home\Model\UserModel' not found

[ 2018-01-19T15:03:24+08:00 ] ::1 /Database/Home/Index/get_reward
INFO: [ app_init ] --START--
INFO: Run Behavior\BuildLiteBehavior [ RunTime:0.000008s ]
INFO: [ app_init ] --END-- [ RunTime:0.000045s ]
INFO: [ app_begin ] --START--
INFO: Run Behavior\ReadHtmlCacheBehavior [ RunTime:0.001962s ]
INFO: [ app_begin ] --END-- [ RunTime:0.001986s ]
ERR: Class 'Home\Model\UserModel' not found

[ 2018-01-19T15:03:37+08:00 ] ::1 /Database/Home/Index/get_reward
INFO: [ app_init ] --START--
INFO: Run Behavior\BuildLiteBehavior [ RunTime:0.000005s ]
INFO: [ app_init ] --END-- [ RunTime:0.000026s ]
INFO: [ app_begin ] --START--
INFO: Run Behavior\ReadHtmlCacheBehavior [ RunTime:0.001134s ]
INFO: [ app_begin ] --END-- [ RunTime:0.001151s ]
ERR: Class 'Home\Model\UserModel' not found

[ 2018-01-19T15:03:50+08:00 ] ::1 /Database/Home/Index/get_reward
INFO: [ app_init ] --START--
INFO: Run Behavior\BuildLiteBehavior [ RunTime:0.000010s ]
INFO: [ app_init ] --END-- [ RunTime:0.000057s ]
INFO: [ app_begin ] --START--
INFO: Run Behavior\ReadHtmlCacheBehavior [ RunTime:0.001586s ]
INFO: [ app_begin ] --END-- [ RunTime:0.001608s ]
ERR: Class 'Home\Model\UserModel' not found

[ 2018-01-19T15:04:03+08:00 ] ::1 /Database/Home/Index/get_reward
INFO: [ app_init ] --START--
INFO: Run Behavior\BuildLiteBehavior [ RunTime:0.000009s ]
INFO: [ app_init ] --END-- [ RunTime:0.000048s ]
INFO: [ app_begin ] --START--
INFO: Run Behavior\ReadHtmlCacheBehavior [ RunTime:0.001176s ]
INFO: [ app_begin ] --END-- [ RunTime:0.001199s ]
ERR: Class 'Home\Model\UserModel' not found

[ 2018-01-19T15:04:16+08:00 ] ::1 /Database/Home/Index/get_reward
INFO: [ app_init ] --START--
INFO: Run Behavior\BuildLiteBehavior [ RunTime:0.000008s ]
INFO: [ app_init ] --END-- [ RunTime:0.000046s ]
INFO: [ app_begin ] --START--
INFO: Run Behavior\ReadHtmlCacheBehavior [ RunTime:0.002171s ]
INFO: [ app_begin ] --END-- [ RunTime:0.002207s ]
ERR: Class 'Home\Model\UserModel' not found

[ 2018-01-19T15:04:29+08:00 ] ::1 /Database/Home/Index/get_reward
INFO: [ app_init ] --START--
INFO: Run Behavior\BuildLiteBehavior [ RunTime:0.000007s ]
INFO: [ app_init ] --END-- [ RunTime:0.000043s ]
INFO: [ app_begin ] --START--
INFO: Run Behavior\ReadHtmlCacheBehavior [ RunTime:0.001695s ]
INFO: [ app_begin ] --END-- [ RunTime:0.001727s ]
ERR: Class 'Home\Model\UserModel' not found

[ 2018-01-19T15:04:42+08:00 ] ::1 /Database/Home/Index/get_reward
INFO: [ app_init ] --START--
INFO: Run Behavior\BuildLiteBehavior [ RunTime:0.000010s ]
INFO: [ app_init ] --END-- [ RunTime:0.000055s ]
INFO: [ app_begin ] --START--
INFO: Run Behavior\ReadHtmlCacheBehavior [ RunTime:0.001542s ]
INFO: [ app_begin ] --END-- [ RunTime:0.001572s ]
ERR: Class 'Home\Model\UserModel' not found

[ 2018-01-19T15:04:55+08:00 ] ::1 /Database/Home/Index/get_reward
INFO: [ app_init ] --START--
INFO: Run Behavior\BuildLiteBehavior [ RunTime:0.000012s ]
INFO: [ app_init ] --END-- [ RunTime:0.000067s ]
INFO: [ app_begin ] --START--
INFO: Run Behavior\ReadHtmlCacheBehavior [ RunTime:0.003124s ]
INFO: [ app_begin ] --END-- [ RunTime:0.003175s ]
ERR: Class 'Home\Model\UserModel' not found

[ 2018-01-19T15:05:08+08:00 ] ::1 /Database/Home/Index/get_reward
INFO: [ app_init ] --START--
INFO: Run Behavior\BuildLiteBehavior [ RunTime:0.000008s ]
INFO: [ app_init ] --END-- [ RunTime:0.000039s ]
INFO: [ app_begin ] --START--
INFO: Run Behavior\ReadHtmlCacheBehavior [ RunTime:0.001365s ]
INFO: [ app_begin ] --END-- [ RunTime:0.001394s ]
ERR: Class 'Home\Model\UserModel' not found

[ 2018-01-19T15:05:21+08:00 ] ::1 /Database/Home/Index/get_reward
INFO: [ app_init ] --START--
INFO: Run Behavior\BuildLiteBehavior [ RunTime:0.000006s ]
INFO: [ app_init ] --END-- [ RunTime:0.000027s ]
INFO: [ app_begin ] --START--
INFO: Run Behavior\ReadHtmlCacheBehavior [ RunTime:0.001141s ]
INFO: [ app_begin ] --END-- [ RunTime:0.001159s ]
ERR: Class 'Home\Model\UserModel' not found

[ 2018-01-19T15:05:34+08:00 ] ::1 /Database/Home/Index/get_reward
INFO: [ app_init ] --START--
INFO: Run Behavior\BuildLiteBehavior [ RunTime:0.000005s ]
INFO: [ app_init ] --END-- [ RunTime:0.000029s ]
INFO: [ app_begin ] --START--
INFO: Run Behavior\ReadHtmlCacheBehavior [ RunTime:0.001412s ]
INFO: [ app_begin ] --END-- [ RunTime:0.001432s ]
ERR: Class 'Home\Model\UserModel' not found

[ 2018-01-19T15:05:47+08:00 ] ::1 /Database/Home/Index/get_reward
INFO: [ app_init ] --START--
INFO: Run Behavior\BuildLiteBehavior [ RunTime:0.000008s ]
INFO: [ app_init ] --END-- [ RunTime:0.000047s ]
INFO: [ app_begin ] --START--
INFO: Run Behavior\ReadHtmlCacheBehavior [ RunTime:0.002224s ]
INFO: [ app_begin ] --END-- [ RunTime:0.002261s ]
ERR: Class 'Home\Model\UserModel' not found

[ 2018-01-19T15:06:00+08:00 ] ::1 /Database/Home/Index/get_reward
INFO: [ app_init ] --START--
INFO: Run Behavior\BuildLiteBehavior [ RunTime:0.000007s ]
INFO: [ app_init ] --END-- [ RunTime:0.000035s ]
INFO: [ app_begin ] --START--
INFO: Run Behavior\ReadHtmlCacheBehavior [ RunTime:0.001305s ]
INFO: [ app_begin ] --END-- [ RunTime:0.001334s ]
ERR: Class 'Home\Model\UserModel' not found

[ 2018-01-19T15:06:13+08:00 ] ::1 /Database/Home/Index/get_reward
INFO: [ app_init ] --START--
INFO: Run Behavior\BuildLiteBehavior [ RunTime:0.000013s ]
INFO: [ app_init ] --END-- [ RunTime:0.000079s ]
INFO: [ app_begin ] --START--
INFO: Run Behavior\ReadHtmlCacheBehavior [ RunTime:0.001736s ]
INFO: [ app_begin ] --END-- [ RunTime:0.001774s ]
ERR: Class 'Home\Model\UserModel' not found

[ 2018-01-19T15:06:26+08:00 ] ::1 /Database/Home/Index/get_reward
INFO: [ app_init ] --START--
INFO: Run Behavior\BuildLiteBehavior [ RunTime:0.000015s ]
INFO: [ app_init ] --END-- [ RunTime:0.000101s ]
INFO: [ app_begin ] --START--
INFO: Run Behavior\ReadHtmlCacheBehavior [ RunTime:0.001672s ]
INFO: [ app_begin ] --END-- [ RunTime:0.001703s ]
ERR: Class 'Home\Model\UserModel' not found

[ 2018-01-19T15:06:39+08:00 ] ::1 /Database/Home/Index/get_reward
INFO: [ app_init ] --START--
INFO: Run Behavior\BuildLiteBehavior [ RunTime:0.000005s ]
INFO: [ app_init ] --END-- [ RunTime:0.000028s ]
INFO: [ app_begin ] --START--
INFO: Run Behavior\ReadHtmlCacheBehavior [ RunTime:0.001383s ]
INFO: [ app_begin ] --END-- [ RunTime:0.001402s ]
ERR: Class 'Home\Model\UserModel' not found

[ 2018-01-19T15:06:53+08:00 ] ::1 /Database/Home/Index/get_reward
INFO: [ app_init ] --START--
INFO: Run Behavior\BuildLiteBehavior [ RunTime:0.000009s ]
INFO: [ app_init ] --END-- [ RunTime:0.000054s ]
INFO: [ app_begin ] --START--
INFO: Run Behavior\ReadHtmlCacheBehavior [ RunTime:0.002310s ]
INFO: [ app_begin ] --END-- [ RunTime:0.002376s ]
ERR: Class 'Home\Model\UserModel' not found

[ 2018-01-19T15:07:06+08:00 ] ::1 /Database/Home/Index/get_reward
INFO: [ app_init ] --START--
INFO: Run Behavior\BuildLiteBehavior [ RunTime:0.000013s ]
INFO: [ app_init ] --END-- [ RunTime:0.000077s ]
INFO: [ app_begin ] --START--
INFO: Run Behavior\ReadHtmlCacheBehavior [ RunTime:0.001332s ]
INFO: [ app_begin ] --END-- [ RunTime:0.001358s ]
ERR: Class 'Home\Model\UserModel' not found

[ 2018-01-19T15:07:19+08:00 ] ::1 /Database/Home/Index/get_reward
INFO: [ app_init ] --START--
INFO: Run Behavior\BuildLiteBehavior [ RunTime:0.000005s ]
INFO: [ app_init ] --END-- [ RunTime:0.000072s ]
INFO: [ app_begin ] --START--
INFO: Run Behavior\ReadHtmlCacheBehavior [ RunTime:0.001166s ]
INFO: [ app_begin ] --END-- [ RunTime:0.001184s ]
ERR: Class 'Home\Model\UserModel' not found

[ 2018-01-19T15:07:32+08:00 ] ::1 /Database/Home/Index/get_reward
INFO: [ app_init ] --START--
INFO: Run Behavior\BuildLiteBehavior [ RunTime:0.000008s ]
INFO: [ app_init ] --END-- [ RunTime:0.000047s ]
INFO: [ app_begin ] --START--
INFO: Run Behavior\ReadHtmlCacheBehavior [ RunTime:0.002205s ]
INFO: [ app_begin ] --END-- [ RunTime:0.002240s ]
ERR: Class 'Home\Model\UserModel' not found

[ 2018-01-19T15:07:45+08:00 ] ::1 /Database/Home/Index/get_reward
INFO: [ app_init ] --START--
INFO: Run Behavior\BuildLiteBehavior [ RunTime:0.000008s ]
INFO: [ app_init ] --END-- [ RunTime:0.000047s ]
INFO: [ app_begin ] --START--
INFO: Run Behavior\ReadHtmlCacheBehavior [ RunTime:0.001349s ]
INFO: [ app_begin ] --END-- [ RunTime:0.001373s ]
ERR: Class 'Home\Model\UserModel' not found

[ 2018-01-19T15:07:58+08:00 ] ::1 /Database/Home/Index/get_reward
INFO: [ app_init ] --START--
INFO: Run Behavior\BuildLiteBehavior [ RunTime:0.000007s ]
INFO: [ app_init ] --END-- [ RunTime:0.000036s ]
INFO: [ app_begin ] --START--
INFO: Run Behavior\ReadHtmlCacheBehavior [ RunTime:0.001213s ]
INFO: [ app_begin ] --END-- [ RunTime:0.001236s ]
ERR: Class 'Home\Model\UserModel' not found

