[ 2018-01-26T14:08:19+08:00 ] 127.0.0.1 /database/
INFO: [ app_init ] --START--
INFO: Run Behavior\BuildLiteBehavior [ RunTime:0.000005s ]
INFO: [ app_init ] --END-- [ RunTime:0.000027s ]
INFO: [ app_begin ] --START--
INFO: Run Behavior\ReadHtmlCacheBehavior [ RunTime:0.002214s ]
INFO: [ app_begin ] --END-- [ RunTime:0.002245s ]
SQL: SHOW COLUMNS FROM `events` [ RunTime:0.0283s ]
SQL: SELECT e.id,e.amount,e.remain,e.remain_time,g.good_name,g.good_price,g.good_img FROM events e,goods g WHERE ( e.good_id=g.id ) ORDER BY update_time LIMIT 16   [ RunTime:0.0196s ]
NOTIC: [2] Missing argument 1 for Think\Controller::show(), called in E:\UPUPW_AP7.0\htdocs\DataBase\Application\Home\Controller\IndexController.class.php on line 14 and defined E:\UPUPW_AP7.0\htdocs\DataBase\ThinkPHP\Library\Think\Controller.class.php 第 68 行.
NOTIC: [8] Undefined variable: content E:\UPUPW_AP7.0\htdocs\DataBase\ThinkPHP\Library\Think\Controller.class.php 第 69 行.
INFO: [ view_parse ] --START--
INFO: [ template_filter ] --START--
INFO: Run Behavior\ContentReplaceBehavior [ RunTime:0.000086s ]
INFO: [ template_filter ] --END-- [ RunTime:0.000136s ]
NOTIC: [8] Use of undefined constant remain_time - assumed 'remain_time' E:\UPUPW_AP7.0\htdocs\DataBase\Application\Runtime\Cache\Home\2a94b8bda04ff446dcedd42276fc99ee.php 第 24 行.
NOTIC: [8] Use of undefined constant good_img - assumed 'good_img' E:\UPUPW_AP7.0\htdocs\DataBase\Application\Runtime\Cache\Home\2a94b8bda04ff446dcedd42276fc99ee.php 第 27 行.
NOTIC: [8] Use of undefined constant good_img - assumed 'good_img' E:\UPUPW_AP7.0\htdocs\DataBase\Application\Runtime\Cache\Home\2a94b8bda04ff446dcedd42276fc99ee.php 第 29 行.
NOTIC: [8] Use of undefined constant amount - assumed 'amount' E:\UPUPW_AP7.0\htdocs\DataBase\Application\Runtime\Cache\Home\2a94b8bda04ff446dcedd42276fc99ee.php 第 45 行.
NOTIC: [8] Use of undefined constant remain - assumed 'remain' E:\UPUPW_AP7.0\htdocs\DataBase\Application\Runtime\Cache\Home\2a94b8bda04ff446dcedd42276fc99ee.php 第 45 行.
NOTIC: [8] Use of undefined constant amount - assumed 'amount' E:\UPUPW_AP7.0\htdocs\DataBase\Application\Runtime\Cache\Home\2a94b8bda04ff446dcedd42276fc99ee.php 第 45 行.
NOTIC: [8] Use of undefined constant amount - assumed 'amount' E:\UPUPW_AP7.0\htdocs\DataBase\Application\Runtime\Cache\Home\2a94b8bda04ff446dcedd42276fc99ee.php 第 45 行.
NOTIC: [8] Use of undefined constant remain - assumed 'remain' E:\UPUPW_AP7.0\htdocs\DataBase\Application\Runtime\Cache\Home\2a94b8bda04ff446dcedd42276fc99ee.php 第 45 行.
NOTIC: [8] Use of undefined constant amount - assumed 'amount' E:\UPUPW_AP7.0\htdocs\DataBase\Application\Runtime\Cache\Home\2a94b8bda04ff446dcedd42276fc99ee.php 第 45 行.
NOTIC: [8] Use of undefined constant id - assumed 'id' E:\UPUPW_AP7.0\htdocs\DataBase\Application\Runtime\Cache\Home\2a94b8bda04ff446dcedd42276fc99ee.php 第 49 行.
NOTIC: [8] Use of undefined constant user_id - assumed 'user_id' E:\UPUPW_AP7.0\htdocs\DataBase\Application\Runtime\Cache\Home\2a94b8bda04ff446dcedd42276fc99ee.php 第 116 行.
NOTIC: [8] Undefined index: user_id E:\UPUPW_AP7.0\htdocs\DataBase\Application\Runtime\Cache\Home\2a94b8bda04ff446dcedd42276fc99ee.php 第 116 行.
INFO: Run Behavior\ParseTemplateBehavior [ RunTime:0.172117s ]
INFO: [ view_parse ] --END-- [ RunTime:0.172161s ]
INFO: [ view_filter ] --START--
INFO: Run Behavior\WriteHtmlCacheBehavior [ RunTime:0.001905s ]
INFO: [ view_filter ] --END-- [ RunTime:0.001925s ]
INFO: [ app_end ] --START--
INFO: Run Behavior\ShowPageTraceBehavior [ RunTime:0.002293s ]
INFO: [ app_end ] --END-- [ RunTime:0.002314s ]

[ 2018-01-26T14:08:21+08:00 ] 127.0.0.1 /database/index.php/Home/Index/detail/event_id/1.html
INFO: [ app_init ] --START--
INFO: Run Behavior\BuildLiteBehavior [ RunTime:0.000006s ]
INFO: [ app_init ] --END-- [ RunTime:0.000032s ]
INFO: [ app_begin ] --START--
INFO: Run Behavior\ReadHtmlCacheBehavior [ RunTime:0.001284s ]
INFO: [ app_begin ] --END-- [ RunTime:0.001307s ]
SQL: SHOW COLUMNS FROM `events` [ RunTime:0.0093s ]
SQL: SELECT * FROM `events` INNER JOIN goods ON events.good_id = goods.id  WHERE events.id = '1' LIMIT 1   [ RunTime:0.0007s ]
NOTIC: [2] Missing argument 1 for Think\Controller::show(), called in E:\UPUPW_AP7.0\htdocs\DataBase\Application\Home\Controller\IndexController.class.php on line 55 and defined E:\UPUPW_AP7.0\htdocs\DataBase\ThinkPHP\Library\Think\Controller.class.php 第 68 行.
NOTIC: [8] Undefined variable: content E:\UPUPW_AP7.0\htdocs\DataBase\ThinkPHP\Library\Think\Controller.class.php 第 69 行.
INFO: [ view_parse ] --START--
INFO: [ template_filter ] --START--
INFO: Run Behavior\ContentReplaceBehavior [ RunTime:0.000030s ]
INFO: [ template_filter ] --END-- [ RunTime:0.000047s ]
NOTIC: [8] Use of undefined constant good_img - assumed 'good_img' E:\UPUPW_AP7.0\htdocs\DataBase\Application\Runtime\Cache\Home\1223f42a89e823bf89547594651162de.php 第 22 行.
NOTIC: [8] Use of undefined constant good_name - assumed 'good_name' E:\UPUPW_AP7.0\htdocs\DataBase\Application\Runtime\Cache\Home\1223f42a89e823bf89547594651162de.php 第 24 行.
NOTIC: [8] Use of undefined constant good_intro - assumed 'good_intro' E:\UPUPW_AP7.0\htdocs\DataBase\Application\Runtime\Cache\Home\1223f42a89e823bf89547594651162de.php 第 25 行.
NOTIC: [8] Use of undefined constant amount - assumed 'amount' E:\UPUPW_AP7.0\htdocs\DataBase\Application\Runtime\Cache\Home\1223f42a89e823bf89547594651162de.php 第 30 行.
NOTIC: [8] Use of undefined constant remain - assumed 'remain' E:\UPUPW_AP7.0\htdocs\DataBase\Application\Runtime\Cache\Home\1223f42a89e823bf89547594651162de.php 第 30 行.
NOTIC: [8] Use of undefined constant amount - assumed 'amount' E:\UPUPW_AP7.0\htdocs\DataBase\Application\Runtime\Cache\Home\1223f42a89e823bf89547594651162de.php 第 30 行.
NOTIC: [8] Use of undefined constant amount - assumed 'amount' E:\UPUPW_AP7.0\htdocs\DataBase\Application\Runtime\Cache\Home\1223f42a89e823bf89547594651162de.php 第 30 行.
NOTIC: [8] Use of undefined constant remain - assumed 'remain' E:\UPUPW_AP7.0\htdocs\DataBase\Application\Runtime\Cache\Home\1223f42a89e823bf89547594651162de.php 第 30 行.
NOTIC: [8] Use of undefined constant amount - assumed 'amount' E:\UPUPW_AP7.0\htdocs\DataBase\Application\Runtime\Cache\Home\1223f42a89e823bf89547594651162de.php 第 30 行.
NOTIC: [8] Use of undefined constant remain - assumed 'remain' E:\UPUPW_AP7.0\htdocs\DataBase\Application\Runtime\Cache\Home\1223f42a89e823bf89547594651162de.php 第 37 行.
NOTIC: [8] Use of undefined constant good_price - assumed 'good_price' E:\UPUPW_AP7.0\htdocs\DataBase\Application\Runtime\Cache\Home\1223f42a89e823bf89547594651162de.php 第 42 行.
NOTIC: [8] Use of undefined constant user_id - assumed 'user_id' E:\UPUPW_AP7.0\htdocs\DataBase\Application\Runtime\Cache\Home\1223f42a89e823bf89547594651162de.php 第 90 行.
NOTIC: [8] Undefined index: user_id E:\UPUPW_AP7.0\htdocs\DataBase\Application\Runtime\Cache\Home\1223f42a89e823bf89547594651162de.php 第 90 行.
INFO: Run Behavior\ParseTemplateBehavior [ RunTime:0.035502s ]
INFO: [ view_parse ] --END-- [ RunTime:0.035523s ]
INFO: [ view_filter ] --START--
INFO: Run Behavior\WriteHtmlCacheBehavior [ RunTime:0.001124s ]
INFO: [ view_filter ] --END-- [ RunTime:0.001138s ]
INFO: [ app_end ] --START--
INFO: Run Behavior\ShowPageTraceBehavior [ RunTime:0.001214s ]
INFO: [ app_end ] --END-- [ RunTime:0.001255s ]

[ 2018-01-26T14:08:24+08:00 ] 127.0.0.1 /database/index.php/Home/Index/detail/event_id/1.html
INFO: [ app_init ] --START--
INFO: Run Behavior\BuildLiteBehavior [ RunTime:0.000007s ]
INFO: [ app_init ] --END-- [ RunTime:0.000034s ]
INFO: [ app_begin ] --START--
INFO: Run Behavior\ReadHtmlCacheBehavior [ RunTime:0.001266s ]
INFO: [ app_begin ] --END-- [ RunTime:0.001294s ]
SQL: SHOW COLUMNS FROM `events` [ RunTime:0.0258s ]
SQL: SELECT * FROM `events` INNER JOIN goods ON events.good_id = goods.id  WHERE events.id = '1' LIMIT 1   [ RunTime:0.0003s ]
NOTIC: [2] Missing argument 1 for Think\Controller::show(), called in E:\UPUPW_AP7.0\htdocs\DataBase\Application\Home\Controller\IndexController.class.php on line 55 and defined E:\UPUPW_AP7.0\htdocs\DataBase\ThinkPHP\Library\Think\Controller.class.php 第 68 行.
NOTIC: [8] Undefined variable: content E:\UPUPW_AP7.0\htdocs\DataBase\ThinkPHP\Library\Think\Controller.class.php 第 69 行.
INFO: [ view_parse ] --START--
INFO: [ template_filter ] --START--
INFO: Run Behavior\ContentReplaceBehavior [ RunTime:0.000036s ]
INFO: [ template_filter ] --END-- [ RunTime:0.000063s ]
NOTIC: [8] Use of undefined constant good_img - assumed 'good_img' E:\UPUPW_AP7.0\htdocs\DataBase\Application\Runtime\Cache\Home\1223f42a89e823bf89547594651162de.php 第 22 行.
NOTIC: [8] Use of undefined constant good_name - assumed 'good_name' E:\UPUPW_AP7.0\htdocs\DataBase\Application\Runtime\Cache\Home\1223f42a89e823bf89547594651162de.php 第 24 行.
NOTIC: [8] Use of undefined constant good_intro - assumed 'good_intro' E:\UPUPW_AP7.0\htdocs\DataBase\Application\Runtime\Cache\Home\1223f42a89e823bf89547594651162de.php 第 25 行.
NOTIC: [8] Use of undefined constant amount - assumed 'amount' E:\UPUPW_AP7.0\htdocs\DataBase\Application\Runtime\Cache\Home\1223f42a89e823bf89547594651162de.php 第 30 行.
NOTIC: [8] Use of undefined constant remain - assumed 'remain' E:\UPUPW_AP7.0\htdocs\DataBase\Application\Runtime\Cache\Home\1223f42a89e823bf89547594651162de.php 第 30 行.
NOTIC: [8] Use of undefined constant amount - assumed 'amount' E:\UPUPW_AP7.0\htdocs\DataBase\Application\Runtime\Cache\Home\1223f42a89e823bf89547594651162de.php 第 30 行.
NOTIC: [8] Use of undefined constant amount - assumed 'amount' E:\UPUPW_AP7.0\htdocs\DataBase\Application\Runtime\Cache\Home\1223f42a89e823bf89547594651162de.php 第 30 行.
NOTIC: [8] Use of undefined constant remain - assumed 'remain' E:\UPUPW_AP7.0\htdocs\DataBase\Application\Runtime\Cache\Home\1223f42a89e823bf89547594651162de.php 第 30 行.
NOTIC: [8] Use of undefined constant amount - assumed 'amount' E:\UPUPW_AP7.0\htdocs\DataBase\Application\Runtime\Cache\Home\1223f42a89e823bf89547594651162de.php 第 30 行.
NOTIC: [8] Use of undefined constant remain - assumed 'remain' E:\UPUPW_AP7.0\htdocs\DataBase\Application\Runtime\Cache\Home\1223f42a89e823bf89547594651162de.php 第 37 行.
NOTIC: [8] Use of undefined constant good_price - assumed 'good_price' E:\UPUPW_AP7.0\htdocs\DataBase\Application\Runtime\Cache\Home\1223f42a89e823bf89547594651162de.php 第 42 行.
NOTIC: [8] Use of undefined constant user_id - assumed 'user_id' E:\UPUPW_AP7.0\htdocs\DataBase\Application\Runtime\Cache\Home\1223f42a89e823bf89547594651162de.php 第 90 行.
NOTIC: [8] Undefined index: user_id E:\UPUPW_AP7.0\htdocs\DataBase\Application\Runtime\Cache\Home\1223f42a89e823bf89547594651162de.php 第 90 行.
INFO: Run Behavior\ParseTemplateBehavior [ RunTime:0.007290s ]
INFO: [ view_parse ] --END-- [ RunTime:0.007310s ]
INFO: [ view_filter ] --START--
INFO: Run Behavior\WriteHtmlCacheBehavior [ RunTime:0.001230s ]
INFO: [ view_filter ] --END-- [ RunTime:0.001247s ]
INFO: [ app_end ] --START--
INFO: Run Behavior\ShowPageTraceBehavior [ RunTime:0.001267s ]
INFO: [ app_end ] --END-- [ RunTime:0.001290s ]

[ 2018-01-26T14:10:53+08:00 ] 127.0.0.1 /database/index.php/Home/Index/detail/event_id/1.html
INFO: [ app_init ] --START--
INFO: Run Behavior\BuildLiteBehavior [ RunTime:0.000007s ]
INFO: [ app_init ] --END-- [ RunTime:0.000038s ]
INFO: [ app_begin ] --START--
INFO: Run Behavior\ReadHtmlCacheBehavior [ RunTime:0.001410s ]
INFO: [ app_begin ] --END-- [ RunTime:0.001443s ]
SQL: SHOW COLUMNS FROM `events` [ RunTime:0.0095s ]
SQL: SELECT * FROM `events` INNER JOIN goods ON events.good_id = goods.id  WHERE events.id = '1' LIMIT 1   [ RunTime:0.0003s ]
NOTIC: [2] Missing argument 1 for Think\Controller::show(), called in E:\UPUPW_AP7.0\htdocs\DataBase\Application\Home\Controller\IndexController.class.php on line 55 and defined E:\UPUPW_AP7.0\htdocs\DataBase\ThinkPHP\Library\Think\Controller.class.php 第 68 行.
NOTIC: [8] Undefined variable: content E:\UPUPW_AP7.0\htdocs\DataBase\ThinkPHP\Library\Think\Controller.class.php 第 69 行.
INFO: [ view_parse ] --START--
INFO: [ template_filter ] --START--
INFO: Run Behavior\ContentReplaceBehavior [ RunTime:0.000034s ]
INFO: [ template_filter ] --END-- [ RunTime:0.000062s ]
NOTIC: [8] Use of undefined constant good_img - assumed 'good_img' E:\UPUPW_AP7.0\htdocs\DataBase\Application\Runtime\Cache\Home\1223f42a89e823bf89547594651162de.php 第 22 行.
NOTIC: [8] Use of undefined constant good_name - assumed 'good_name' E:\UPUPW_AP7.0\htdocs\DataBase\Application\Runtime\Cache\Home\1223f42a89e823bf89547594651162de.php 第 24 行.
NOTIC: [8] Use of undefined constant good_intro - assumed 'good_intro' E:\UPUPW_AP7.0\htdocs\DataBase\Application\Runtime\Cache\Home\1223f42a89e823bf89547594651162de.php 第 25 行.
NOTIC: [8] Use of undefined constant amount - assumed 'amount' E:\UPUPW_AP7.0\htdocs\DataBase\Application\Runtime\Cache\Home\1223f42a89e823bf89547594651162de.php 第 30 行.
NOTIC: [8] Use of undefined constant remain - assumed 'remain' E:\UPUPW_AP7.0\htdocs\DataBase\Application\Runtime\Cache\Home\1223f42a89e823bf89547594651162de.php 第 30 行.
NOTIC: [8] Use of undefined constant amount - assumed 'amount' E:\UPUPW_AP7.0\htdocs\DataBase\Application\Runtime\Cache\Home\1223f42a89e823bf89547594651162de.php 第 30 行.
NOTIC: [8] Use of undefined constant amount - assumed 'amount' E:\UPUPW_AP7.0\htdocs\DataBase\Application\Runtime\Cache\Home\1223f42a89e823bf89547594651162de.php 第 30 行.
NOTIC: [8] Use of undefined constant remain - assumed 'remain' E:\UPUPW_AP7.0\htdocs\DataBase\Application\Runtime\Cache\Home\1223f42a89e823bf89547594651162de.php 第 30 行.
NOTIC: [8] Use of undefined constant amount - assumed 'amount' E:\UPUPW_AP7.0\htdocs\DataBase\Application\Runtime\Cache\Home\1223f42a89e823bf89547594651162de.php 第 30 行.
NOTIC: [8] Use of undefined constant remain - assumed 'remain' E:\UPUPW_AP7.0\htdocs\DataBase\Application\Runtime\Cache\Home\1223f42a89e823bf89547594651162de.php 第 37 行.
NOTIC: [8] Use of undefined constant good_price - assumed 'good_price' E:\UPUPW_AP7.0\htdocs\DataBase\Application\Runtime\Cache\Home\1223f42a89e823bf89547594651162de.php 第 42 行.
NOTIC: [8] Use of undefined constant user_id - assumed 'user_id' E:\UPUPW_AP7.0\htdocs\DataBase\Application\Runtime\Cache\Home\1223f42a89e823bf89547594651162de.php 第 90 行.
NOTIC: [8] Undefined index: user_id E:\UPUPW_AP7.0\htdocs\DataBase\Application\Runtime\Cache\Home\1223f42a89e823bf89547594651162de.php 第 90 行.
INFO: Run Behavior\ParseTemplateBehavior [ RunTime:0.020803s ]
INFO: [ view_parse ] --END-- [ RunTime:0.020824s ]
INFO: [ view_filter ] --START--
INFO: Run Behavior\WriteHtmlCacheBehavior [ RunTime:0.001238s ]
INFO: [ view_filter ] --END-- [ RunTime:0.001254s ]
INFO: [ app_end ] --START--
INFO: Run Behavior\ShowPageTraceBehavior [ RunTime:0.001516s ]
INFO: [ app_end ] --END-- [ RunTime:0.001548s ]

[ 2018-01-26T14:13:57+08:00 ] 127.0.0.1 /database/index.php/Home/Index/detail/event_id/1.html
INFO: [ app_init ] --START--
INFO: Run Behavior\BuildLiteBehavior [ RunTime:0.000007s ]
INFO: [ app_init ] --END-- [ RunTime:0.000038s ]
INFO: [ app_begin ] --START--
INFO: Run Behavior\ReadHtmlCacheBehavior [ RunTime:0.001326s ]
INFO: [ app_begin ] --END-- [ RunTime:0.001354s ]
SQL: SHOW COLUMNS FROM `events` [ RunTime:0.0115s ]
SQL: SELECT * FROM `events` INNER JOIN goods ON events.good_id = goods.id  WHERE events.id = '1' LIMIT 1   [ RunTime:0.0003s ]
NOTIC: [2] Missing argument 1 for Think\Controller::show(), called in E:\UPUPW_AP7.0\htdocs\DataBase\Application\Home\Controller\IndexController.class.php on line 55 and defined E:\UPUPW_AP7.0\htdocs\DataBase\ThinkPHP\Library\Think\Controller.class.php 第 68 行.
NOTIC: [8] Undefined variable: content E:\UPUPW_AP7.0\htdocs\DataBase\ThinkPHP\Library\Think\Controller.class.php 第 69 行.
INFO: [ view_parse ] --START--
INFO: [ template_filter ] --START--
INFO: Run Behavior\ContentReplaceBehavior [ RunTime:0.000047s ]
INFO: [ template_filter ] --END-- [ RunTime:0.000103s ]
NOTIC: [8] Use of undefined constant good_img - assumed 'good_img' E:\UPUPW_AP7.0\htdocs\DataBase\Application\Runtime\Cache\Home\1223f42a89e823bf89547594651162de.php 第 22 行.
NOTIC: [8] Use of undefined constant good_name - assumed 'good_name' E:\UPUPW_AP7.0\htdocs\DataBase\Application\Runtime\Cache\Home\1223f42a89e823bf89547594651162de.php 第 24 行.
NOTIC: [8] Use of undefined constant good_intro - assumed 'good_intro' E:\UPUPW_AP7.0\htdocs\DataBase\Application\Runtime\Cache\Home\1223f42a89e823bf89547594651162de.php 第 25 行.
NOTIC: [8] Use of undefined constant amount - assumed 'amount' E:\UPUPW_AP7.0\htdocs\DataBase\Application\Runtime\Cache\Home\1223f42a89e823bf89547594651162de.php 第 30 行.
NOTIC: [8] Use of undefined constant remain - assumed 'remain' E:\UPUPW_AP7.0\htdocs\DataBase\Application\Runtime\Cache\Home\1223f42a89e823bf89547594651162de.php 第 30 行.
NOTIC: [8] Use of undefined constant amount - assumed 'amount' E:\UPUPW_AP7.0\htdocs\DataBase\Application\Runtime\Cache\Home\1223f42a89e823bf89547594651162de.php 第 30 行.
NOTIC: [8] Use of undefined constant amount - assumed 'amount' E:\UPUPW_AP7.0\htdocs\DataBase\Application\Runtime\Cache\Home\1223f42a89e823bf89547594651162de.php 第 30 行.
NOTIC: [8] Use of undefined constant remain - assumed 'remain' E:\UPUPW_AP7.0\htdocs\DataBase\Application\Runtime\Cache\Home\1223f42a89e823bf89547594651162de.php 第 30 行.
NOTIC: [8] Use of undefined constant amount - assumed 'amount' E:\UPUPW_AP7.0\htdocs\DataBase\Application\Runtime\Cache\Home\1223f42a89e823bf89547594651162de.php 第 30 行.
NOTIC: [8] Use of undefined constant id - assumed 'id' E:\UPUPW_AP7.0\htdocs\DataBase\Application\Runtime\Cache\Home\1223f42a89e823bf89547594651162de.php 第 35 行.
NOTIC: [8] Use of undefined constant remain - assumed 'remain' E:\UPUPW_AP7.0\htdocs\DataBase\Application\Runtime\Cache\Home\1223f42a89e823bf89547594651162de.php 第 38 行.
NOTIC: [8] Use of undefined constant good_price - assumed 'good_price' E:\UPUPW_AP7.0\htdocs\DataBase\Application\Runtime\Cache\Home\1223f42a89e823bf89547594651162de.php 第 43 行.
NOTIC: [8] Use of undefined constant user_id - assumed 'user_id' E:\UPUPW_AP7.0\htdocs\DataBase\Application\Runtime\Cache\Home\1223f42a89e823bf89547594651162de.php 第 91 行.
NOTIC: [8] Undefined index: user_id E:\UPUPW_AP7.0\htdocs\DataBase\Application\Runtime\Cache\Home\1223f42a89e823bf89547594651162de.php 第 91 行.
INFO: Run Behavior\ParseTemplateBehavior [ RunTime:0.022304s ]
INFO: [ view_parse ] --END-- [ RunTime:0.022328s ]
INFO: [ view_filter ] --START--
INFO: Run Behavior\WriteHtmlCacheBehavior [ RunTime:0.001256s ]
INFO: [ view_filter ] --END-- [ RunTime:0.001272s ]
INFO: [ app_end ] --START--
INFO: Run Behavior\ShowPageTraceBehavior [ RunTime:0.001221s ]
INFO: [ app_end ] --END-- [ RunTime:0.001237s ]

[ 2018-01-26T14:16:25+08:00 ] 127.0.0.1 /database/index.php/Home/Index/detail/event_id/1.html
INFO: [ app_init ] --START--
INFO: Run Behavior\BuildLiteBehavior [ RunTime:0.000006s ]
INFO: [ app_init ] --END-- [ RunTime:0.000034s ]
INFO: [ app_begin ] --START--
INFO: Run Behavior\ReadHtmlCacheBehavior [ RunTime:0.001206s ]
INFO: [ app_begin ] --END-- [ RunTime:0.001225s ]
SQL: SHOW COLUMNS FROM `events` [ RunTime:0.0093s ]
SQL: SELECT * FROM `events` INNER JOIN goods ON events.good_id = goods.id  WHERE events.id = '1' LIMIT 1   [ RunTime:0.0004s ]
NOTIC: [2] Missing argument 1 for Think\Controller::show(), called in E:\UPUPW_AP7.0\htdocs\DataBase\Application\Home\Controller\IndexController.class.php on line 55 and defined E:\UPUPW_AP7.0\htdocs\DataBase\ThinkPHP\Library\Think\Controller.class.php 第 68 行.
NOTIC: [8] Undefined variable: content E:\UPUPW_AP7.0\htdocs\DataBase\ThinkPHP\Library\Think\Controller.class.php 第 69 行.
INFO: [ view_parse ] --START--
INFO: [ template_filter ] --START--
INFO: Run Behavior\ContentReplaceBehavior [ RunTime:0.000033s ]
INFO: [ template_filter ] --END-- [ RunTime:0.000052s ]
NOTIC: [8] Use of undefined constant good_img - assumed 'good_img' E:\UPUPW_AP7.0\htdocs\DataBase\Application\Runtime\Cache\Home\1223f42a89e823bf89547594651162de.php 第 22 行.
NOTIC: [8] Use of undefined constant good_name - assumed 'good_name' E:\UPUPW_AP7.0\htdocs\DataBase\Application\Runtime\Cache\Home\1223f42a89e823bf89547594651162de.php 第 24 行.
NOTIC: [8] Use of undefined constant good_intro - assumed 'good_intro' E:\UPUPW_AP7.0\htdocs\DataBase\Application\Runtime\Cache\Home\1223f42a89e823bf89547594651162de.php 第 25 行.
NOTIC: [8] Use of undefined constant amount - assumed 'amount' E:\UPUPW_AP7.0\htdocs\DataBase\Application\Runtime\Cache\Home\1223f42a89e823bf89547594651162de.php 第 30 行.
NOTIC: [8] Use of undefined constant remain - assumed 'remain' E:\UPUPW_AP7.0\htdocs\DataBase\Application\Runtime\Cache\Home\1223f42a89e823bf89547594651162de.php 第 30 行.
NOTIC: [8] Use of undefined constant amount - assumed 'amount' E:\UPUPW_AP7.0\htdocs\DataBase\Application\Runtime\Cache\Home\1223f42a89e823bf89547594651162de.php 第 30 行.
NOTIC: [8] Use of undefined constant amount - assumed 'amount' E:\UPUPW_AP7.0\htdocs\DataBase\Application\Runtime\Cache\Home\1223f42a89e823bf89547594651162de.php 第 30 行.
NOTIC: [8] Use of undefined constant remain - assumed 'remain' E:\UPUPW_AP7.0\htdocs\DataBase\Application\Runtime\Cache\Home\1223f42a89e823bf89547594651162de.php 第 30 行.
NOTIC: [8] Use of undefined constant amount - assumed 'amount' E:\UPUPW_AP7.0\htdocs\DataBase\Application\Runtime\Cache\Home\1223f42a89e823bf89547594651162de.php 第 30 行.
NOTIC: [8] Undefined index: user_id E:\UPUPW_AP7.0\htdocs\DataBase\Application\Runtime\Cache\Home\1223f42a89e823bf89547594651162de.php 第 35 行.
NOTIC: [8] Use of undefined constant id - assumed 'id' E:\UPUPW_AP7.0\htdocs\DataBase\Application\Runtime\Cache\Home\1223f42a89e823bf89547594651162de.php 第 36 行.
NOTIC: [8] Use of undefined constant remain - assumed 'remain' E:\UPUPW_AP7.0\htdocs\DataBase\Application\Runtime\Cache\Home\1223f42a89e823bf89547594651162de.php 第 39 行.
NOTIC: [8] Use of undefined constant good_price - assumed 'good_price' E:\UPUPW_AP7.0\htdocs\DataBase\Application\Runtime\Cache\Home\1223f42a89e823bf89547594651162de.php 第 44 行.
NOTIC: [8] Use of undefined constant user_id - assumed 'user_id' E:\UPUPW_AP7.0\htdocs\DataBase\Application\Runtime\Cache\Home\1223f42a89e823bf89547594651162de.php 第 92 行.
NOTIC: [8] Undefined index: user_id E:\UPUPW_AP7.0\htdocs\DataBase\Application\Runtime\Cache\Home\1223f42a89e823bf89547594651162de.php 第 92 行.
INFO: Run Behavior\ParseTemplateBehavior [ RunTime:0.022853s ]
INFO: [ view_parse ] --END-- [ RunTime:0.022876s ]
INFO: [ view_filter ] --START--
INFO: Run Behavior\WriteHtmlCacheBehavior [ RunTime:0.001461s ]
INFO: [ view_filter ] --END-- [ RunTime:0.001480s ]
INFO: [ app_end ] --START--
INFO: Run Behavior\ShowPageTraceBehavior [ RunTime:0.001460s ]
INFO: [ app_end ] --END-- [ RunTime:0.001479s ]

[ 2018-01-26T14:19:38+08:00 ] 127.0.0.1 /database/index.php/Home/Index/detail/event_id/1.html
INFO: [ app_init ] --START--
INFO: Run Behavior\BuildLiteBehavior [ RunTime:0.000006s ]
INFO: [ app_init ] --END-- [ RunTime:0.000069s ]
INFO: [ app_begin ] --START--
INFO: Run Behavior\ReadHtmlCacheBehavior [ RunTime:0.001250s ]
INFO: [ app_begin ] --END-- [ RunTime:0.001276s ]
SQL: SHOW COLUMNS FROM `events` [ RunTime:0.0084s ]
SQL: SELECT * FROM `events` INNER JOIN goods ON events.good_id = goods.id  WHERE events.id = '1' LIMIT 1   [ RunTime:0.0004s ]
NOTIC: [2] Missing argument 1 for Think\Controller::show(), called in E:\UPUPW_AP7.0\htdocs\DataBase\Application\Home\Controller\IndexController.class.php on line 55 and defined E:\UPUPW_AP7.0\htdocs\DataBase\ThinkPHP\Library\Think\Controller.class.php 第 68 行.
NOTIC: [8] Undefined variable: content E:\UPUPW_AP7.0\htdocs\DataBase\ThinkPHP\Library\Think\Controller.class.php 第 69 行.
INFO: [ view_parse ] --START--
INFO: [ template_filter ] --START--
INFO: Run Behavior\ContentReplaceBehavior [ RunTime:0.000035s ]
INFO: [ template_filter ] --END-- [ RunTime:0.000057s ]
NOTIC: [8] Use of undefined constant good_img - assumed 'good_img' E:\UPUPW_AP7.0\htdocs\DataBase\Application\Runtime\Cache\Home\1223f42a89e823bf89547594651162de.php 第 22 行.
NOTIC: [8] Use of undefined constant good_name - assumed 'good_name' E:\UPUPW_AP7.0\htdocs\DataBase\Application\Runtime\Cache\Home\1223f42a89e823bf89547594651162de.php 第 24 行.
NOTIC: [8] Use of undefined constant good_intro - assumed 'good_intro' E:\UPUPW_AP7.0\htdocs\DataBase\Application\Runtime\Cache\Home\1223f42a89e823bf89547594651162de.php 第 25 行.
NOTIC: [8] Use of undefined constant amount - assumed 'amount' E:\UPUPW_AP7.0\htdocs\DataBase\Application\Runtime\Cache\Home\1223f42a89e823bf89547594651162de.php 第 30 行.
NOTIC: [8] Use of undefined constant remain - assumed 'remain' E:\UPUPW_AP7.0\htdocs\DataBase\Application\Runtime\Cache\Home\1223f42a89e823bf89547594651162de.php 第 30 行.
NOTIC: [8] Use of undefined constant amount - assumed 'amount' E:\UPUPW_AP7.0\htdocs\DataBase\Application\Runtime\Cache\Home\1223f42a89e823bf89547594651162de.php 第 30 行.
NOTIC: [8] Use of undefined constant amount - assumed 'amount' E:\UPUPW_AP7.0\htdocs\DataBase\Application\Runtime\Cache\Home\1223f42a89e823bf89547594651162de.php 第 30 行.
NOTIC: [8] Use of undefined constant remain - assumed 'remain' E:\UPUPW_AP7.0\htdocs\DataBase\Application\Runtime\Cache\Home\1223f42a89e823bf89547594651162de.php 第 30 行.
NOTIC: [8] Use of undefined constant amount - assumed 'amount' E:\UPUPW_AP7.0\htdocs\DataBase\Application\Runtime\Cache\Home\1223f42a89e823bf89547594651162de.php 第 30 行.
NOTIC: [8] Undefined index: user_id E:\UPUPW_AP7.0\htdocs\DataBase\Application\Runtime\Cache\Home\1223f42a89e823bf89547594651162de.php 第 35 行.
NOTIC: [8] Use of undefined constant id - assumed 'id' E:\UPUPW_AP7.0\htdocs\DataBase\Application\Runtime\Cache\Home\1223f42a89e823bf89547594651162de.php 第 36 行.
NOTIC: [8] Use of undefined constant remain - assumed 'remain' E:\UPUPW_AP7.0\htdocs\DataBase\Application\Runtime\Cache\Home\1223f42a89e823bf89547594651162de.php 第 39 行.
NOTIC: [8] Use of undefined constant good_price - assumed 'good_price' E:\UPUPW_AP7.0\htdocs\DataBase\Application\Runtime\Cache\Home\1223f42a89e823bf89547594651162de.php 第 44 行.
NOTIC: [8] Use of undefined constant user_id - assumed 'user_id' E:\UPUPW_AP7.0\htdocs\DataBase\Application\Runtime\Cache\Home\1223f42a89e823bf89547594651162de.php 第 92 行.
NOTIC: [8] Undefined index: user_id E:\UPUPW_AP7.0\htdocs\DataBase\Application\Runtime\Cache\Home\1223f42a89e823bf89547594651162de.php 第 92 行.
INFO: Run Behavior\ParseTemplateBehavior [ RunTime:0.007631s ]
INFO: [ view_parse ] --END-- [ RunTime:0.007650s ]
INFO: [ view_filter ] --START--
INFO: Run Behavior\WriteHtmlCacheBehavior [ RunTime:0.001340s ]
INFO: [ view_filter ] --END-- [ RunTime:0.001354s ]
INFO: [ app_end ] --START--
INFO: Run Behavior\ShowPageTraceBehavior [ RunTime:0.001324s ]
INFO: [ app_end ] --END-- [ RunTime:0.001340s ]

[ 2018-01-26T14:19:40+08:00 ] 127.0.0.1 /database/index.php/Home/Index/run_buy.html
INFO: [ app_init ] --START--
INFO: Run Behavior\BuildLiteBehavior [ RunTime:0.000006s ]
INFO: [ app_init ] --END-- [ RunTime:0.000029s ]
INFO: [ app_begin ] --START--
INFO: Run Behavior\ReadHtmlCacheBehavior [ RunTime:0.001191s ]
INFO: [ app_begin ] --END-- [ RunTime:0.001215s ]
ERR: 非法操作:run_buy

[ 2018-01-26T14:19:50+08:00 ] 127.0.0.1 /database/index.php/Home/Index/run_buy.html
INFO: [ app_init ] --START--
INFO: Run Behavior\BuildLiteBehavior [ RunTime:0.000007s ]
INFO: [ app_init ] --END-- [ RunTime:0.000068s ]
INFO: [ app_begin ] --START--
INFO: Run Behavior\ReadHtmlCacheBehavior [ RunTime:0.001417s ]
INFO: [ app_begin ] --END-- [ RunTime:0.001459s ]
ERR: 非法操作:run_buy

[ 2018-01-26T14:19:52+08:00 ] 127.0.0.1 /database/index.php/Home/Index/run_buy.html
INFO: [ app_init ] --START--
INFO: Run Behavior\BuildLiteBehavior [ RunTime:0.000006s ]
INFO: [ app_init ] --END-- [ RunTime:0.000031s ]
INFO: [ app_begin ] --START--
INFO: Run Behavior\ReadHtmlCacheBehavior [ RunTime:0.001102s ]
INFO: [ app_begin ] --END-- [ RunTime:0.001124s ]
ERR: 非法操作:run_buy

[ 2018-01-26T14:19:55+08:00 ] 127.0.0.1 /database/index.php/Home/Index/detail/event_id/1.html
INFO: [ app_init ] --START--
INFO: Run Behavior\BuildLiteBehavior [ RunTime:0.000008s ]
INFO: [ app_init ] --END-- [ RunTime:0.000043s ]
INFO: [ app_begin ] --START--
INFO: Run Behavior\ReadHtmlCacheBehavior [ RunTime:0.001235s ]
INFO: [ app_begin ] --END-- [ RunTime:0.001268s ]
SQL: SHOW COLUMNS FROM `events` [ RunTime:0.0108s ]
SQL: SELECT * FROM `events` INNER JOIN goods ON events.good_id = goods.id  WHERE events.id = '1' LIMIT 1   [ RunTime:0.0003s ]
NOTIC: [2] Missing argument 1 for Think\Controller::show(), called in E:\UPUPW_AP7.0\htdocs\DataBase\Application\Home\Controller\IndexController.class.php on line 55 and defined E:\UPUPW_AP7.0\htdocs\DataBase\ThinkPHP\Library\Think\Controller.class.php 第 68 行.
NOTIC: [8] Undefined variable: content E:\UPUPW_AP7.0\htdocs\DataBase\ThinkPHP\Library\Think\Controller.class.php 第 69 行.
INFO: [ view_parse ] --START--
INFO: [ template_filter ] --START--
INFO: Run Behavior\ContentReplaceBehavior [ RunTime:0.000033s ]
INFO: [ template_filter ] --END-- [ RunTime:0.000058s ]
NOTIC: [8] Use of undefined constant good_img - assumed 'good_img' E:\UPUPW_AP7.0\htdocs\DataBase\Application\Runtime\Cache\Home\1223f42a89e823bf89547594651162de.php 第 22 行.
NOTIC: [8] Use of undefined constant good_name - assumed 'good_name' E:\UPUPW_AP7.0\htdocs\DataBase\Application\Runtime\Cache\Home\1223f42a89e823bf89547594651162de.php 第 24 行.
NOTIC: [8] Use of undefined constant good_intro - assumed 'good_intro' E:\UPUPW_AP7.0\htdocs\DataBase\Application\Runtime\Cache\Home\1223f42a89e823bf89547594651162de.php 第 25 行.
NOTIC: [8] Use of undefined constant amount - assumed 'amount' E:\UPUPW_AP7.0\htdocs\DataBase\Application\Runtime\Cache\Home\1223f42a89e823bf89547594651162de.php 第 30 行.
NOTIC: [8] Use of undefined constant remain - assumed 'remain' E:\UPUPW_AP7.0\htdocs\DataBase\Application\Runtime\Cache\Home\1223f42a89e823bf89547594651162de.php 第 30 行.
NOTIC: [8] Use of undefined constant amount - assumed 'amount' E:\UPUPW_AP7.0\htdocs\DataBase\Application\Runtime\Cache\Home\1223f42a89e823bf89547594651162de.php 第 30 行.
NOTIC: [8] Use of undefined constant amount - assumed 'amount' E:\UPUPW_AP7.0\htdocs\DataBase\Application\Runtime\Cache\Home\1223f42a89e823bf89547594651162de.php 第 30 行.
NOTIC: [8] Use of undefined constant remain - assumed 'remain' E:\UPUPW_AP7.0\htdocs\DataBase\Application\Runtime\Cache\Home\1223f42a89e823bf89547594651162de.php 第 30 行.
NOTIC: [8] Use of undefined constant amount - assumed 'amount' E:\UPUPW_AP7.0\htdocs\DataBase\Application\Runtime\Cache\Home\1223f42a89e823bf89547594651162de.php 第 30 行.
NOTIC: [8] Undefined index: user_id E:\UPUPW_AP7.0\htdocs\DataBase\Application\Runtime\Cache\Home\1223f42a89e823bf89547594651162de.php 第 35 行.
NOTIC: [8] Use of undefined constant id - assumed 'id' E:\UPUPW_AP7.0\htdocs\DataBase\Application\Runtime\Cache\Home\1223f42a89e823bf89547594651162de.php 第 36 行.
NOTIC: [8] Use of undefined constant remain - assumed 'remain' E:\UPUPW_AP7.0\htdocs\DataBase\Application\Runtime\Cache\Home\1223f42a89e823bf89547594651162de.php 第 39 行.
NOTIC: [8] Use of undefined constant good_price - assumed 'good_price' E:\UPUPW_AP7.0\htdocs\DataBase\Application\Runtime\Cache\Home\1223f42a89e823bf89547594651162de.php 第 44 行.
NOTIC: [8] Use of undefined constant user_id - assumed 'user_id' E:\UPUPW_AP7.0\htdocs\DataBase\Application\Runtime\Cache\Home\1223f42a89e823bf89547594651162de.php 第 92 行.
NOTIC: [8] Undefined index: user_id E:\UPUPW_AP7.0\htdocs\DataBase\Application\Runtime\Cache\Home\1223f42a89e823bf89547594651162de.php 第 92 行.
INFO: Run Behavior\ParseTemplateBehavior [ RunTime:0.008905s ]
INFO: [ view_parse ] --END-- [ RunTime:0.008932s ]
INFO: [ view_filter ] --START--
INFO: Run Behavior\WriteHtmlCacheBehavior [ RunTime:0.001476s ]
INFO: [ view_filter ] --END-- [ RunTime:0.001498s ]
INFO: [ app_end ] --START--
INFO: Run Behavior\ShowPageTraceBehavior [ RunTime:0.001279s ]
INFO: [ app_end ] --END-- [ RunTime:0.001296s ]

[ 2018-01-26T14:19:56+08:00 ] 127.0.0.1 /database/index.php/Home/Index/detail/event_id/1.html
INFO: [ app_init ] --START--
INFO: Run Behavior\BuildLiteBehavior [ RunTime:0.000007s ]
INFO: [ app_init ] --END-- [ RunTime:0.000041s ]
INFO: [ app_begin ] --START--
INFO: Run Behavior\ReadHtmlCacheBehavior [ RunTime:0.001483s ]
INFO: [ app_begin ] --END-- [ RunTime:0.001535s ]
SQL: SHOW COLUMNS FROM `events` [ RunTime:0.0098s ]
SQL: SELECT * FROM `events` INNER JOIN goods ON events.good_id = goods.id  WHERE events.id = '1' LIMIT 1   [ RunTime:0.0003s ]
NOTIC: [2] Missing argument 1 for Think\Controller::show(), called in E:\UPUPW_AP7.0\htdocs\DataBase\Application\Home\Controller\IndexController.class.php on line 55 and defined E:\UPUPW_AP7.0\htdocs\DataBase\ThinkPHP\Library\Think\Controller.class.php 第 68 行.
NOTIC: [8] Undefined variable: content E:\UPUPW_AP7.0\htdocs\DataBase\ThinkPHP\Library\Think\Controller.class.php 第 69 行.
INFO: [ view_parse ] --START--
INFO: [ template_filter ] --START--
INFO: Run Behavior\ContentReplaceBehavior [ RunTime:0.000060s ]
INFO: [ template_filter ] --END-- [ RunTime:0.000098s ]
NOTIC: [8] Use of undefined constant good_img - assumed 'good_img' E:\UPUPW_AP7.0\htdocs\DataBase\Application\Runtime\Cache\Home\1223f42a89e823bf89547594651162de.php 第 22 行.
NOTIC: [8] Use of undefined constant good_name - assumed 'good_name' E:\UPUPW_AP7.0\htdocs\DataBase\Application\Runtime\Cache\Home\1223f42a89e823bf89547594651162de.php 第 24 行.
NOTIC: [8] Use of undefined constant good_intro - assumed 'good_intro' E:\UPUPW_AP7.0\htdocs\DataBase\Application\Runtime\Cache\Home\1223f42a89e823bf89547594651162de.php 第 25 行.
NOTIC: [8] Use of undefined constant amount - assumed 'amount' E:\UPUPW_AP7.0\htdocs\DataBase\Application\Runtime\Cache\Home\1223f42a89e823bf89547594651162de.php 第 30 行.
NOTIC: [8] Use of undefined constant remain - assumed 'remain' E:\UPUPW_AP7.0\htdocs\DataBase\Application\Runtime\Cache\Home\1223f42a89e823bf89547594651162de.php 第 30 行.
NOTIC: [8] Use of undefined constant amount - assumed 'amount' E:\UPUPW_AP7.0\htdocs\DataBase\Application\Runtime\Cache\Home\1223f42a89e823bf89547594651162de.php 第 30 行.
NOTIC: [8] Use of undefined constant amount - assumed 'amount' E:\UPUPW_AP7.0\htdocs\DataBase\Application\Runtime\Cache\Home\1223f42a89e823bf89547594651162de.php 第 30 行.
NOTIC: [8] Use of undefined constant remain - assumed 'remain' E:\UPUPW_AP7.0\htdocs\DataBase\Application\Runtime\Cache\Home\1223f42a89e823bf89547594651162de.php 第 30 行.
NOTIC: [8] Use of undefined constant amount - assumed 'amount' E:\UPUPW_AP7.0\htdocs\DataBase\Application\Runtime\Cache\Home\1223f42a89e823bf89547594651162de.php 第 30 行.
NOTIC: [8] Undefined index: user_id E:\UPUPW_AP7.0\htdocs\DataBase\Application\Runtime\Cache\Home\1223f42a89e823bf89547594651162de.php 第 35 行.
NOTIC: [8] Use of undefined constant id - assumed 'id' E:\UPUPW_AP7.0\htdocs\DataBase\Application\Runtime\Cache\Home\1223f42a89e823bf89547594651162de.php 第 36 行.
NOTIC: [8] Use of undefined constant remain - assumed 'remain' E:\UPUPW_AP7.0\htdocs\DataBase\Application\Runtime\Cache\Home\1223f42a89e823bf89547594651162de.php 第 39 行.
NOTIC: [8] Use of undefined constant good_price - assumed 'good_price' E:\UPUPW_AP7.0\htdocs\DataBase\Application\Runtime\Cache\Home\1223f42a89e823bf89547594651162de.php 第 44 行.
NOTIC: [8] Use of undefined constant user_id - assumed 'user_id' E:\UPUPW_AP7.0\htdocs\DataBase\Application\Runtime\Cache\Home\1223f42a89e823bf89547594651162de.php 第 92 行.
NOTIC: [8] Undefined index: user_id E:\UPUPW_AP7.0\htdocs\DataBase\Application\Runtime\Cache\Home\1223f42a89e823bf89547594651162de.php 第 92 行.
INFO: Run Behavior\ParseTemplateBehavior [ RunTime:0.008046s ]
INFO: [ view_parse ] --END-- [ RunTime:0.008067s ]
INFO: [ view_filter ] --START--
INFO: Run Behavior\WriteHtmlCacheBehavior [ RunTime:0.001296s ]
INFO: [ view_filter ] --END-- [ RunTime:0.001311s ]
INFO: [ app_end ] --START--
INFO: Run Behavior\ShowPageTraceBehavior [ RunTime:0.001326s ]
INFO: [ app_end ] --END-- [ RunTime:0.001344s ]

[ 2018-01-26T14:20:11+08:00 ] 127.0.0.1 /database/index.php/Home/Index/detail/event_id/1.html
INFO: [ app_init ] --START--
INFO: Run Behavior\BuildLiteBehavior [ RunTime:0.000006s ]
INFO: [ app_init ] --END-- [ RunTime:0.000032s ]
INFO: [ app_begin ] --START--
INFO: Run Behavior\ReadHtmlCacheBehavior [ RunTime:0.001234s ]
INFO: [ app_begin ] --END-- [ RunTime:0.001256s ]
SQL: SHOW COLUMNS FROM `events` [ RunTime:0.0083s ]
SQL: SELECT * FROM `events` INNER JOIN goods ON events.good_id = goods.id  WHERE events.id = '1' LIMIT 1   [ RunTime:0.0003s ]
NOTIC: [2] Missing argument 1 for Think\Controller::show(), called in E:\UPUPW_AP7.0\htdocs\DataBase\Application\Home\Controller\IndexController.class.php on line 55 and defined E:\UPUPW_AP7.0\htdocs\DataBase\ThinkPHP\Library\Think\Controller.class.php 第 68 行.
NOTIC: [8] Undefined variable: content E:\UPUPW_AP7.0\htdocs\DataBase\ThinkPHP\Library\Think\Controller.class.php 第 69 行.
INFO: [ view_parse ] --START--
INFO: [ template_filter ] --START--
INFO: Run Behavior\ContentReplaceBehavior [ RunTime:0.000034s ]
INFO: [ template_filter ] --END-- [ RunTime:0.000060s ]
NOTIC: [8] Use of undefined constant good_img - assumed 'good_img' E:\UPUPW_AP7.0\htdocs\DataBase\Application\Runtime\Cache\Home\1223f42a89e823bf89547594651162de.php 第 22 行.
NOTIC: [8] Use of undefined constant good_name - assumed 'good_name' E:\UPUPW_AP7.0\htdocs\DataBase\Application\Runtime\Cache\Home\1223f42a89e823bf89547594651162de.php 第 24 行.
NOTIC: [8] Use of undefined constant good_intro - assumed 'good_intro' E:\UPUPW_AP7.0\htdocs\DataBase\Application\Runtime\Cache\Home\1223f42a89e823bf89547594651162de.php 第 25 行.
NOTIC: [8] Use of undefined constant amount - assumed 'amount' E:\UPUPW_AP7.0\htdocs\DataBase\Application\Runtime\Cache\Home\1223f42a89e823bf89547594651162de.php 第 30 行.
NOTIC: [8] Use of undefined constant remain - assumed 'remain' E:\UPUPW_AP7.0\htdocs\DataBase\Application\Runtime\Cache\Home\1223f42a89e823bf89547594651162de.php 第 30 行.
NOTIC: [8] Use of undefined constant amount - assumed 'amount' E:\UPUPW_AP7.0\htdocs\DataBase\Application\Runtime\Cache\Home\1223f42a89e823bf89547594651162de.php 第 30 行.
NOTIC: [8] Use of undefined constant amount - assumed 'amount' E:\UPUPW_AP7.0\htdocs\DataBase\Application\Runtime\Cache\Home\1223f42a89e823bf89547594651162de.php 第 30 行.
NOTIC: [8] Use of undefined constant remain - assumed 'remain' E:\UPUPW_AP7.0\htdocs\DataBase\Application\Runtime\Cache\Home\1223f42a89e823bf89547594651162de.php 第 30 行.
NOTIC: [8] Use of undefined constant amount - assumed 'amount' E:\UPUPW_AP7.0\htdocs\DataBase\Application\Runtime\Cache\Home\1223f42a89e823bf89547594651162de.php 第 30 行.
NOTIC: [8] Undefined index: user_id E:\UPUPW_AP7.0\htdocs\DataBase\Application\Runtime\Cache\Home\1223f42a89e823bf89547594651162de.php 第 35 行.
NOTIC: [8] Use of undefined constant id - assumed 'id' E:\UPUPW_AP7.0\htdocs\DataBase\Application\Runtime\Cache\Home\1223f42a89e823bf89547594651162de.php 第 36 行.
NOTIC: [8] Use of undefined constant remain - assumed 'remain' E:\UPUPW_AP7.0\htdocs\DataBase\Application\Runtime\Cache\Home\1223f42a89e823bf89547594651162de.php 第 39 行.
NOTIC: [8] Use of undefined constant good_price - assumed 'good_price' E:\UPUPW_AP7.0\htdocs\DataBase\Application\Runtime\Cache\Home\1223f42a89e823bf89547594651162de.php 第 44 行.
NOTIC: [8] Use of undefined constant user_id - assumed 'user_id' E:\UPUPW_AP7.0\htdocs\DataBase\Application\Runtime\Cache\Home\1223f42a89e823bf89547594651162de.php 第 92 行.
NOTIC: [8] Undefined index: user_id E:\UPUPW_AP7.0\htdocs\DataBase\Application\Runtime\Cache\Home\1223f42a89e823bf89547594651162de.php 第 92 行.
INFO: Run Behavior\ParseTemplateBehavior [ RunTime:0.008890s ]
INFO: [ view_parse ] --END-- [ RunTime:0.008918s ]
INFO: [ view_filter ] --START--
INFO: Run Behavior\WriteHtmlCacheBehavior [ RunTime:0.001432s ]
INFO: [ view_filter ] --END-- [ RunTime:0.001464s ]
INFO: [ app_end ] --START--
INFO: Run Behavior\ShowPageTraceBehavior [ RunTime:0.001234s ]
INFO: [ app_end ] --END-- [ RunTime:0.001250s ]

[ 2018-01-26T14:20:32+08:00 ] 127.0.0.1 /database/index.php/Home/Index/detail/event_id/1.html
INFO: [ app_init ] --START--
INFO: Run Behavior\BuildLiteBehavior [ RunTime:0.000013s ]
INFO: [ app_init ] --END-- [ RunTime:0.000084s ]
INFO: [ app_begin ] --START--
INFO: Run Behavior\ReadHtmlCacheBehavior [ RunTime:0.003353s ]
INFO: [ app_begin ] --END-- [ RunTime:0.003418s ]
SQL: SHOW COLUMNS FROM `events` [ RunTime:0.0124s ]
SQL: SELECT * FROM `events` INNER JOIN goods ON events.good_id = goods.id  WHERE events.id = '1' LIMIT 1   [ RunTime:0.0003s ]
NOTIC: [2] Missing argument 1 for Think\Controller::show(), called in E:\UPUPW_AP7.0\htdocs\DataBase\Application\Home\Controller\IndexController.class.php on line 55 and defined E:\UPUPW_AP7.0\htdocs\DataBase\ThinkPHP\Library\Think\Controller.class.php 第 68 行.
NOTIC: [8] Undefined variable: content E:\UPUPW_AP7.0\htdocs\DataBase\ThinkPHP\Library\Think\Controller.class.php 第 69 行.
INFO: [ view_parse ] --START--
INFO: [ template_filter ] --START--
INFO: Run Behavior\ContentReplaceBehavior [ RunTime:0.000050s ]
INFO: [ template_filter ] --END-- [ RunTime:0.000077s ]
NOTIC: [8] Use of undefined constant good_img - assumed 'good_img' E:\UPUPW_AP7.0\htdocs\DataBase\Application\Runtime\Cache\Home\1223f42a89e823bf89547594651162de.php 第 22 行.
NOTIC: [8] Use of undefined constant good_name - assumed 'good_name' E:\UPUPW_AP7.0\htdocs\DataBase\Application\Runtime\Cache\Home\1223f42a89e823bf89547594651162de.php 第 24 行.
NOTIC: [8] Use of undefined constant good_intro - assumed 'good_intro' E:\UPUPW_AP7.0\htdocs\DataBase\Application\Runtime\Cache\Home\1223f42a89e823bf89547594651162de.php 第 25 行.
NOTIC: [8] Use of undefined constant amount - assumed 'amount' E:\UPUPW_AP7.0\htdocs\DataBase\Application\Runtime\Cache\Home\1223f42a89e823bf89547594651162de.php 第 30 行.
NOTIC: [8] Use of undefined constant remain - assumed 'remain' E:\UPUPW_AP7.0\htdocs\DataBase\Application\Runtime\Cache\Home\1223f42a89e823bf89547594651162de.php 第 30 行.
NOTIC: [8] Use of undefined constant amount - assumed 'amount' E:\UPUPW_AP7.0\htdocs\DataBase\Application\Runtime\Cache\Home\1223f42a89e823bf89547594651162de.php 第 30 行.
NOTIC: [8] Use of undefined constant amount - assumed 'amount' E:\UPUPW_AP7.0\htdocs\DataBase\Application\Runtime\Cache\Home\1223f42a89e823bf89547594651162de.php 第 30 行.
NOTIC: [8] Use of undefined constant remain - assumed 'remain' E:\UPUPW_AP7.0\htdocs\DataBase\Application\Runtime\Cache\Home\1223f42a89e823bf89547594651162de.php 第 30 行.
NOTIC: [8] Use of undefined constant amount - assumed 'amount' E:\UPUPW_AP7.0\htdocs\DataBase\Application\Runtime\Cache\Home\1223f42a89e823bf89547594651162de.php 第 30 行.
NOTIC: [8] Undefined index: user_id E:\UPUPW_AP7.0\htdocs\DataBase\Application\Runtime\Cache\Home\1223f42a89e823bf89547594651162de.php 第 35 行.
NOTIC: [8] Use of undefined constant id - assumed 'id' E:\UPUPW_AP7.0\htdocs\DataBase\Application\Runtime\Cache\Home\1223f42a89e823bf89547594651162de.php 第 36 行.
NOTIC: [8] Use of undefined constant remain - assumed 'remain' E:\UPUPW_AP7.0\htdocs\DataBase\Application\Runtime\Cache\Home\1223f42a89e823bf89547594651162de.php 第 39 行.
NOTIC: [8] Use of undefined constant good_price - assumed 'good_price' E:\UPUPW_AP7.0\htdocs\DataBase\Application\Runtime\Cache\Home\1223f42a89e823bf89547594651162de.php 第 44 行.
NOTIC: [8] Use of undefined constant user_id - assumed 'user_id' E:\UPUPW_AP7.0\htdocs\DataBase\Application\Runtime\Cache\Home\1223f42a89e823bf89547594651162de.php 第 92 行.
NOTIC: [8] Undefined index: user_id E:\UPUPW_AP7.0\htdocs\DataBase\Application\Runtime\Cache\Home\1223f42a89e823bf89547594651162de.php 第 92 行.
INFO: Run Behavior\ParseTemplateBehavior [ RunTime:0.009761s ]
INFO: [ view_parse ] --END-- [ RunTime:0.009784s ]
INFO: [ view_filter ] --START--
INFO: Run Behavior\WriteHtmlCacheBehavior [ RunTime:0.001283s ]
INFO: [ view_filter ] --END-- [ RunTime:0.001298s ]
INFO: [ app_end ] --START--
INFO: Run Behavior\ShowPageTraceBehavior [ RunTime:0.001694s ]
INFO: [ app_end ] --END-- [ RunTime:0.001709s ]

[ 2018-01-26T14:20:35+08:00 ] 127.0.0.1 /database/Home/User/index
INFO: [ app_init ] --START--
INFO: Run Behavior\BuildLiteBehavior [ RunTime:0.000006s ]
INFO: [ app_init ] --END-- [ RunTime:0.000032s ]
INFO: [ app_begin ] --START--
INFO: Run Behavior\ReadHtmlCacheBehavior [ RunTime:0.001230s ]
INFO: [ app_begin ] --END-- [ RunTime:0.001257s ]
NOTIC: [2] Missing argument 1 for Think\Controller::show(), called in E:\UPUPW_AP7.0\htdocs\DataBase\Application\Home\Controller\UserController.class.php on line 6 and defined E:\UPUPW_AP7.0\htdocs\DataBase\ThinkPHP\Library\Think\Controller.class.php 第 68 行.
NOTIC: [8] Undefined variable: content E:\UPUPW_AP7.0\htdocs\DataBase\ThinkPHP\Library\Think\Controller.class.php 第 69 行.
INFO: [ view_parse ] --START--
INFO: [ template_filter ] --START--
INFO: Run Behavior\ContentReplaceBehavior [ RunTime:0.000029s ]
INFO: [ template_filter ] --END-- [ RunTime:0.000059s ]
NOTIC: [8] Use of undefined constant signup - assumed 'signup' E:\UPUPW_AP7.0\htdocs\DataBase\Application\Runtime\Cache\Home\6830cbac89ff06451c77cd8769d6d4ca.php 第 11 行.
NOTIC: [8] Use of undefined constant login - assumed 'login' E:\UPUPW_AP7.0\htdocs\DataBase\Application\Runtime\Cache\Home\6830cbac89ff06451c77cd8769d6d4ca.php 第 30 行.
NOTIC: [8] Use of undefined constant signup - assumed 'signup' E:\UPUPW_AP7.0\htdocs\DataBase\Application\Runtime\Cache\Home\6830cbac89ff06451c77cd8769d6d4ca.php 第 43 行.
INFO: Run Behavior\ParseTemplateBehavior [ RunTime:0.047399s ]
INFO: [ view_parse ] --END-- [ RunTime:0.047425s ]
INFO: [ view_filter ] --START--
INFO: Run Behavior\WriteHtmlCacheBehavior [ RunTime:0.002725s ]
INFO: [ view_filter ] --END-- [ RunTime:0.002765s ]
INFO: [ app_end ] --START--
INFO: Run Behavior\ShowPageTraceBehavior [ RunTime:0.003090s ]
INFO: [ app_end ] --END-- [ RunTime:0.003133s ]

[ 2018-01-26T14:20:35+08:00 ] 127.0.0.1 /DataBase/index.php/Home/User/v_show.html
INFO: [ app_init ] --START--
INFO: Run Behavior\BuildLiteBehavior [ RunTime:0.000006s ]
INFO: [ app_init ] --END-- [ RunTime:0.000038s ]
INFO: [ app_begin ] --START--
INFO: Run Behavior\ReadHtmlCacheBehavior [ RunTime:0.001205s ]
INFO: [ app_begin ] --END-- [ RunTime:0.001251s ]
INFO: [ app_end ] --START--
INFO: Run Behavior\ShowPageTraceBehavior [ RunTime:0.001310s ]
INFO: [ app_end ] --END-- [ RunTime:0.001348s ]

[ 2018-01-26T14:20:37+08:00 ] 127.0.0.1 /DataBase/index.php/Home/User/login.html
INFO: [ app_init ] --START--
INFO: Run Behavior\BuildLiteBehavior [ RunTime:0.000005s ]
INFO: [ app_init ] --END-- [ RunTime:0.000029s ]
INFO: [ app_begin ] --START--
INFO: Run Behavior\ReadHtmlCacheBehavior [ RunTime:0.001244s ]
INFO: [ app_begin ] --END-- [ RunTime:0.001269s ]
SQL: SHOW COLUMNS FROM `user` [ RunTime:0.0346s ]
SQL: SELECT * FROM `user` WHERE `user_name` = 'root' AND `user_pwd` = 'b8f3e55130c68644a9f661207bbff6e2' LIMIT 1   [ RunTime:0.0006s ]

[ 2018-01-26T14:20:37+08:00 ] 127.0.0.1 /DataBase/index.php/Home/User/index.html
INFO: [ app_init ] --START--
INFO: Run Behavior\BuildLiteBehavior [ RunTime:0.000007s ]
INFO: [ app_init ] --END-- [ RunTime:0.000037s ]
INFO: [ app_begin ] --START--
INFO: Run Behavior\ReadHtmlCacheBehavior [ RunTime:0.001674s ]
INFO: [ app_begin ] --END-- [ RunTime:0.001712s ]
NOTIC: [2] Missing argument 1 for Think\Controller::show(), called in E:\UPUPW_AP7.0\htdocs\DataBase\Application\Home\Controller\UserController.class.php on line 6 and defined E:\UPUPW_AP7.0\htdocs\DataBase\ThinkPHP\Library\Think\Controller.class.php 第 68 行.
NOTIC: [8] Undefined variable: content E:\UPUPW_AP7.0\htdocs\DataBase\ThinkPHP\Library\Think\Controller.class.php 第 69 行.
INFO: [ view_parse ] --START--
INFO: [ template_filter ] --START--
INFO: Run Behavior\ContentReplaceBehavior [ RunTime:0.000024s ]
INFO: [ template_filter ] --END-- [ RunTime:0.000047s ]
NOTIC: [8] Use of undefined constant signup - assumed 'signup' E:\UPUPW_AP7.0\htdocs\DataBase\Application\Runtime\Cache\Home\6830cbac89ff06451c77cd8769d6d4ca.php 第 11 行.
NOTIC: [8] Use of undefined constant login - assumed 'login' E:\UPUPW_AP7.0\htdocs\DataBase\Application\Runtime\Cache\Home\6830cbac89ff06451c77cd8769d6d4ca.php 第 30 行.
NOTIC: [8] Use of undefined constant signup - assumed 'signup' E:\UPUPW_AP7.0\htdocs\DataBase\Application\Runtime\Cache\Home\6830cbac89ff06451c77cd8769d6d4ca.php 第 43 行.
INFO: Run Behavior\ParseTemplateBehavior [ RunTime:0.009558s ]
INFO: [ view_parse ] --END-- [ RunTime:0.009581s ]
INFO: [ view_filter ] --START--
INFO: Run Behavior\WriteHtmlCacheBehavior [ RunTime:0.001148s ]
INFO: [ view_filter ] --END-- [ RunTime:0.001164s ]
INFO: [ app_end ] --START--
INFO: Run Behavior\ShowPageTraceBehavior [ RunTime:0.001118s ]
INFO: [ app_end ] --END-- [ RunTime:0.001133s ]

[ 2018-01-26T14:20:37+08:00 ] 127.0.0.1 /DataBase/index.php/Home/User/v_show.html
INFO: [ app_init ] --START--
INFO: Run Behavior\BuildLiteBehavior [ RunTime:0.000005s ]
INFO: [ app_init ] --END-- [ RunTime:0.000035s ]
INFO: [ app_begin ] --START--
INFO: Run Behavior\ReadHtmlCacheBehavior [ RunTime:0.001378s ]
INFO: [ app_begin ] --END-- [ RunTime:0.001408s ]
INFO: [ app_end ] --START--
INFO: Run Behavior\ShowPageTraceBehavior [ RunTime:0.001224s ]
INFO: [ app_end ] --END-- [ RunTime:0.001253s ]

[ 2018-01-26T14:20:47+08:00 ] 127.0.0.1 /DataBase/index.php/Home/User/login.html
INFO: [ app_init ] --START--
INFO: Run Behavior\BuildLiteBehavior [ RunTime:0.000005s ]
INFO: [ app_init ] --END-- [ RunTime:0.000031s ]
INFO: [ app_begin ] --START--
INFO: Run Behavior\ReadHtmlCacheBehavior [ RunTime:0.001355s ]
INFO: [ app_begin ] --END-- [ RunTime:0.001385s ]
SQL: SHOW COLUMNS FROM `user` [ RunTime:0.0136s ]
SQL: SELECT * FROM `user` WHERE `user_name` = 'admin' AND `user_pwd` = '21232f297a57a5a743894a0e4a801fc3' LIMIT 1   [ RunTime:0.0002s ]

[ 2018-01-26T14:20:48+08:00 ] 127.0.0.1 /DataBase/index.php/Home/Index/index.html
INFO: [ app_init ] --START--
INFO: Run Behavior\BuildLiteBehavior [ RunTime:0.000007s ]
INFO: [ app_init ] --END-- [ RunTime:0.000041s ]
INFO: [ app_begin ] --START--
INFO: Run Behavior\ReadHtmlCacheBehavior [ RunTime:0.001605s ]
INFO: [ app_begin ] --END-- [ RunTime:0.001639s ]
SQL: SHOW COLUMNS FROM `events` [ RunTime:0.0065s ]
SQL: SELECT e.id,e.amount,e.remain,e.remain_time,g.good_name,g.good_price,g.good_img FROM events e,goods g WHERE ( e.good_id=g.id ) ORDER BY update_time LIMIT 16   [ RunTime:0.0003s ]
NOTIC: [2] Missing argument 1 for Think\Controller::show(), called in E:\UPUPW_AP7.0\htdocs\DataBase\Application\Home\Controller\IndexController.class.php on line 14 and defined E:\UPUPW_AP7.0\htdocs\DataBase\ThinkPHP\Library\Think\Controller.class.php 第 68 行.
NOTIC: [8] Undefined variable: content E:\UPUPW_AP7.0\htdocs\DataBase\ThinkPHP\Library\Think\Controller.class.php 第 69 行.
INFO: [ view_parse ] --START--
INFO: [ template_filter ] --START--
INFO: Run Behavior\ContentReplaceBehavior [ RunTime:0.000037s ]
INFO: [ template_filter ] --END-- [ RunTime:0.000055s ]
NOTIC: [8] Use of undefined constant remain_time - assumed 'remain_time' E:\UPUPW_AP7.0\htdocs\DataBase\Application\Runtime\Cache\Home\2a94b8bda04ff446dcedd42276fc99ee.php 第 24 行.
NOTIC: [8] Use of undefined constant good_img - assumed 'good_img' E:\UPUPW_AP7.0\htdocs\DataBase\Application\Runtime\Cache\Home\2a94b8bda04ff446dcedd42276fc99ee.php 第 27 行.
NOTIC: [8] Use of undefined constant good_img - assumed 'good_img' E:\UPUPW_AP7.0\htdocs\DataBase\Application\Runtime\Cache\Home\2a94b8bda04ff446dcedd42276fc99ee.php 第 29 行.
NOTIC: [8] Use of undefined constant amount - assumed 'amount' E:\UPUPW_AP7.0\htdocs\DataBase\Application\Runtime\Cache\Home\2a94b8bda04ff446dcedd42276fc99ee.php 第 45 行.
NOTIC: [8] Use of undefined constant remain - assumed 'remain' E:\UPUPW_AP7.0\htdocs\DataBase\Application\Runtime\Cache\Home\2a94b8bda04ff446dcedd42276fc99ee.php 第 45 行.
NOTIC: [8] Use of undefined constant amount - assumed 'amount' E:\UPUPW_AP7.0\htdocs\DataBase\Application\Runtime\Cache\Home\2a94b8bda04ff446dcedd42276fc99ee.php 第 45 行.
NOTIC: [8] Use of undefined constant amount - assumed 'amount' E:\UPUPW_AP7.0\htdocs\DataBase\Application\Runtime\Cache\Home\2a94b8bda04ff446dcedd42276fc99ee.php 第 45 行.
NOTIC: [8] Use of undefined constant remain - assumed 'remain' E:\UPUPW_AP7.0\htdocs\DataBase\Application\Runtime\Cache\Home\2a94b8bda04ff446dcedd42276fc99ee.php 第 45 行.
NOTIC: [8] Use of undefined constant amount - assumed 'amount' E:\UPUPW_AP7.0\htdocs\DataBase\Application\Runtime\Cache\Home\2a94b8bda04ff446dcedd42276fc99ee.php 第 45 行.
NOTIC: [8] Use of undefined constant id - assumed 'id' E:\UPUPW_AP7.0\htdocs\DataBase\Application\Runtime\Cache\Home\2a94b8bda04ff446dcedd42276fc99ee.php 第 49 行.
NOTIC: [8] Use of undefined constant user_id - assumed 'user_id' E:\UPUPW_AP7.0\htdocs\DataBase\Application\Runtime\Cache\Home\2a94b8bda04ff446dcedd42276fc99ee.php 第 116 行.
INFO: Run Behavior\ParseTemplateBehavior [ RunTime:0.040257s ]
INFO: [ view_parse ] --END-- [ RunTime:0.040291s ]
INFO: [ view_filter ] --START--
INFO: Run Behavior\WriteHtmlCacheBehavior [ RunTime:0.002620s ]
INFO: [ view_filter ] --END-- [ RunTime:0.002652s ]
INFO: [ app_end ] --START--
INFO: Run Behavior\ShowPageTraceBehavior [ RunTime:0.002572s ]
INFO: [ app_end ] --END-- [ RunTime:0.002605s ]

[ 2018-01-26T14:20:51+08:00 ] 127.0.0.1 /DataBase/index.php/Home/Index/detail/event_id/1.html
INFO: [ app_init ] --START--
INFO: Run Behavior\BuildLiteBehavior [ RunTime:0.000005s ]
INFO: [ app_init ] --END-- [ RunTime:0.000031s ]
INFO: [ app_begin ] --START--
INFO: Run Behavior\ReadHtmlCacheBehavior [ RunTime:0.001123s ]
INFO: [ app_begin ] --END-- [ RunTime:0.001150s ]
SQL: SHOW COLUMNS FROM `events` [ RunTime:0.0091s ]
SQL: SELECT * FROM `events` INNER JOIN goods ON events.good_id = goods.id  WHERE events.id = '1' LIMIT 1   [ RunTime:0.0003s ]
NOTIC: [2] Missing argument 1 for Think\Controller::show(), called in E:\UPUPW_AP7.0\htdocs\DataBase\Application\Home\Controller\IndexController.class.php on line 55 and defined E:\UPUPW_AP7.0\htdocs\DataBase\ThinkPHP\Library\Think\Controller.class.php 第 68 行.
NOTIC: [8] Undefined variable: content E:\UPUPW_AP7.0\htdocs\DataBase\ThinkPHP\Library\Think\Controller.class.php 第 69 行.
INFO: [ view_parse ] --START--
INFO: [ template_filter ] --START--
INFO: Run Behavior\ContentReplaceBehavior [ RunTime:0.000032s ]
INFO: [ template_filter ] --END-- [ RunTime:0.000050s ]
NOTIC: [8] Use of undefined constant good_img - assumed 'good_img' E:\UPUPW_AP7.0\htdocs\DataBase\Application\Runtime\Cache\Home\1223f42a89e823bf89547594651162de.php 第 22 行.
NOTIC: [8] Use of undefined constant good_name - assumed 'good_name' E:\UPUPW_AP7.0\htdocs\DataBase\Application\Runtime\Cache\Home\1223f42a89e823bf89547594651162de.php 第 24 行.
NOTIC: [8] Use of undefined constant good_intro - assumed 'good_intro' E:\UPUPW_AP7.0\htdocs\DataBase\Application\Runtime\Cache\Home\1223f42a89e823bf89547594651162de.php 第 25 行.
NOTIC: [8] Use of undefined constant amount - assumed 'amount' E:\UPUPW_AP7.0\htdocs\DataBase\Application\Runtime\Cache\Home\1223f42a89e823bf89547594651162de.php 第 30 行.
NOTIC: [8] Use of undefined constant remain - assumed 'remain' E:\UPUPW_AP7.0\htdocs\DataBase\Application\Runtime\Cache\Home\1223f42a89e823bf89547594651162de.php 第 30 行.
NOTIC: [8] Use of undefined constant amount - assumed 'amount' E:\UPUPW_AP7.0\htdocs\DataBase\Application\Runtime\Cache\Home\1223f42a89e823bf89547594651162de.php 第 30 行.
NOTIC: [8] Use of undefined constant amount - assumed 'amount' E:\UPUPW_AP7.0\htdocs\DataBase\Application\Runtime\Cache\Home\1223f42a89e823bf89547594651162de.php 第 30 行.
NOTIC: [8] Use of undefined constant remain - assumed 'remain' E:\UPUPW_AP7.0\htdocs\DataBase\Application\Runtime\Cache\Home\1223f42a89e823bf89547594651162de.php 第 30 行.
NOTIC: [8] Use of undefined constant amount - assumed 'amount' E:\UPUPW_AP7.0\htdocs\DataBase\Application\Runtime\Cache\Home\1223f42a89e823bf89547594651162de.php 第 30 行.
NOTIC: [8] Use of undefined constant id - assumed 'id' E:\UPUPW_AP7.0\htdocs\DataBase\Application\Runtime\Cache\Home\1223f42a89e823bf89547594651162de.php 第 36 行.
NOTIC: [8] Use of undefined constant remain - assumed 'remain' E:\UPUPW_AP7.0\htdocs\DataBase\Application\Runtime\Cache\Home\1223f42a89e823bf89547594651162de.php 第 39 行.
NOTIC: [8] Use of undefined constant good_price - assumed 'good_price' E:\UPUPW_AP7.0\htdocs\DataBase\Application\Runtime\Cache\Home\1223f42a89e823bf89547594651162de.php 第 44 行.
NOTIC: [8] Use of undefined constant user_id - assumed 'user_id' E:\UPUPW_AP7.0\htdocs\DataBase\Application\Runtime\Cache\Home\1223f42a89e823bf89547594651162de.php 第 92 行.
INFO: Run Behavior\ParseTemplateBehavior [ RunTime:0.019809s ]
INFO: [ view_parse ] --END-- [ RunTime:0.019830s ]
INFO: [ view_filter ] --START--
INFO: Run Behavior\WriteHtmlCacheBehavior [ RunTime:0.001192s ]
INFO: [ view_filter ] --END-- [ RunTime:0.001206s ]
INFO: [ app_end ] --START--
INFO: Run Behavior\ShowPageTraceBehavior [ RunTime:0.001236s ]
INFO: [ app_end ] --END-- [ RunTime:0.001254s ]

[ 2018-01-26T14:21:42+08:00 ] 127.0.0.1 /DataBase/index.php/Home/Index/detail/event_id/1.html
INFO: [ app_init ] --START--
INFO: Run Behavior\BuildLiteBehavior [ RunTime:0.000007s ]
INFO: [ app_init ] --END-- [ RunTime:0.000036s ]
INFO: [ app_begin ] --START--
INFO: Run Behavior\ReadHtmlCacheBehavior [ RunTime:0.001700s ]
INFO: [ app_begin ] --END-- [ RunTime:0.001730s ]
SQL: SHOW COLUMNS FROM `events` [ RunTime:0.0085s ]
SQL: SELECT * FROM `events` INNER JOIN goods ON events.good_id = goods.id  WHERE events.id = '1' LIMIT 1   [ RunTime:0.0003s ]
NOTIC: [2] Missing argument 1 for Think\Controller::show(), called in E:\UPUPW_AP7.0\htdocs\DataBase\Application\Home\Controller\IndexController.class.php on line 55 and defined E:\UPUPW_AP7.0\htdocs\DataBase\ThinkPHP\Library\Think\Controller.class.php 第 68 行.
NOTIC: [8] Undefined variable: content E:\UPUPW_AP7.0\htdocs\DataBase\ThinkPHP\Library\Think\Controller.class.php 第 69 行.
INFO: [ view_parse ] --START--
INFO: [ template_filter ] --START--
INFO: Run Behavior\ContentReplaceBehavior [ RunTime:0.000034s ]
INFO: [ template_filter ] --END-- [ RunTime:0.000052s ]
NOTIC: [8] Use of undefined constant good_img - assumed 'good_img' E:\UPUPW_AP7.0\htdocs\DataBase\Application\Runtime\Cache\Home\1223f42a89e823bf89547594651162de.php 第 22 行.
NOTIC: [8] Use of undefined constant good_name - assumed 'good_name' E:\UPUPW_AP7.0\htdocs\DataBase\Application\Runtime\Cache\Home\1223f42a89e823bf89547594651162de.php 第 24 行.
NOTIC: [8] Use of undefined constant good_intro - assumed 'good_intro' E:\UPUPW_AP7.0\htdocs\DataBase\Application\Runtime\Cache\Home\1223f42a89e823bf89547594651162de.php 第 25 行.
NOTIC: [8] Use of undefined constant amount - assumed 'amount' E:\UPUPW_AP7.0\htdocs\DataBase\Application\Runtime\Cache\Home\1223f42a89e823bf89547594651162de.php 第 30 行.
NOTIC: [8] Use of undefined constant remain - assumed 'remain' E:\UPUPW_AP7.0\htdocs\DataBase\Application\Runtime\Cache\Home\1223f42a89e823bf89547594651162de.php 第 30 行.
NOTIC: [8] Use of undefined constant amount - assumed 'amount' E:\UPUPW_AP7.0\htdocs\DataBase\Application\Runtime\Cache\Home\1223f42a89e823bf89547594651162de.php 第 30 行.
NOTIC: [8] Use of undefined constant amount - assumed 'amount' E:\UPUPW_AP7.0\htdocs\DataBase\Application\Runtime\Cache\Home\1223f42a89e823bf89547594651162de.php 第 30 行.
NOTIC: [8] Use of undefined constant remain - assumed 'remain' E:\UPUPW_AP7.0\htdocs\DataBase\Application\Runtime\Cache\Home\1223f42a89e823bf89547594651162de.php 第 30 行.
NOTIC: [8] Use of undefined constant amount - assumed 'amount' E:\UPUPW_AP7.0\htdocs\DataBase\Application\Runtime\Cache\Home\1223f42a89e823bf89547594651162de.php 第 30 行.
NOTIC: [8] Use of undefined constant id - assumed 'id' E:\UPUPW_AP7.0\htdocs\DataBase\Application\Runtime\Cache\Home\1223f42a89e823bf89547594651162de.php 第 36 行.
NOTIC: [8] Use of undefined constant remain - assumed 'remain' E:\UPUPW_AP7.0\htdocs\DataBase\Application\Runtime\Cache\Home\1223f42a89e823bf89547594651162de.php 第 39 行.
NOTIC: [8] Use of undefined constant good_price - assumed 'good_price' E:\UPUPW_AP7.0\htdocs\DataBase\Application\Runtime\Cache\Home\1223f42a89e823bf89547594651162de.php 第 44 行.
NOTIC: [8] Use of undefined constant user_id - assumed 'user_id' E:\UPUPW_AP7.0\htdocs\DataBase\Application\Runtime\Cache\Home\1223f42a89e823bf89547594651162de.php 第 92 行.
INFO: Run Behavior\ParseTemplateBehavior [ RunTime:0.007895s ]
INFO: [ view_parse ] --END-- [ RunTime:0.007915s ]
INFO: [ view_filter ] --START--
INFO: Run Behavior\WriteHtmlCacheBehavior [ RunTime:0.001456s ]
INFO: [ view_filter ] --END-- [ RunTime:0.001472s ]
INFO: [ app_end ] --START--
INFO: Run Behavior\ShowPageTraceBehavior [ RunTime:0.001254s ]
INFO: [ app_end ] --END-- [ RunTime:0.001270s ]

[ 2018-01-26T14:21:43+08:00 ] 127.0.0.1 /DataBase/index.php/Home/Index/run_buy.html
INFO: [ app_init ] --START--
INFO: Run Behavior\BuildLiteBehavior [ RunTime:0.000006s ]
INFO: [ app_init ] --END-- [ RunTime:0.000033s ]
INFO: [ app_begin ] --START--
INFO: Run Behavior\ReadHtmlCacheBehavior [ RunTime:0.001410s ]
INFO: [ app_begin ] --END-- [ RunTime:0.001447s ]
ERR: 非法操作:run_buy

[ 2018-01-26T14:22:18+08:00 ] 127.0.0.1 /DataBase/index.php/Home/Index/run_buy.html
INFO: [ app_init ] --START--
INFO: Run Behavior\BuildLiteBehavior [ RunTime:0.000006s ]
INFO: [ app_init ] --END-- [ RunTime:0.000027s ]
INFO: [ app_begin ] --START--
INFO: Run Behavior\ReadHtmlCacheBehavior [ RunTime:0.001334s ]
INFO: [ app_begin ] --END-- [ RunTime:0.001364s ]
INFO: [ app_end ] --START--
INFO: Run Behavior\ShowPageTraceBehavior [ RunTime:0.001333s ]
INFO: [ app_end ] --END-- [ RunTime:0.001366s ]

[ 2018-01-26T14:42:51+08:00 ] 127.0.0.1 /DataBase/index.php/Home/Index/detail/event_id/1.html
INFO: [ app_init ] --START--
INFO: Run Behavior\BuildLiteBehavior [ RunTime:0.000007s ]
INFO: [ app_init ] --END-- [ RunTime:0.000044s ]
INFO: [ app_begin ] --START--
INFO: Run Behavior\ReadHtmlCacheBehavior [ RunTime:0.001797s ]
INFO: [ app_begin ] --END-- [ RunTime:0.001836s ]
SQL: SHOW COLUMNS FROM `events` [ RunTime:0.0103s ]
SQL: SELECT * FROM `events` INNER JOIN goods ON events.good_id = goods.id  WHERE events.id = '1' LIMIT 1   [ RunTime:0.0003s ]
NOTIC: [2] Missing argument 1 for Think\Controller::show(), called in E:\UPUPW_AP7.0\htdocs\DataBase\Application\Home\Controller\IndexController.class.php on line 56 and defined E:\UPUPW_AP7.0\htdocs\DataBase\ThinkPHP\Library\Think\Controller.class.php 第 68 行.
NOTIC: [8] Undefined variable: content E:\UPUPW_AP7.0\htdocs\DataBase\ThinkPHP\Library\Think\Controller.class.php 第 69 行.
INFO: [ view_parse ] --START--
INFO: [ template_filter ] --START--
INFO: Run Behavior\ContentReplaceBehavior [ RunTime:0.000034s ]
INFO: [ template_filter ] --END-- [ RunTime:0.000060s ]
NOTIC: [8] Use of undefined constant good_img - assumed 'good_img' E:\UPUPW_AP7.0\htdocs\DataBase\Application\Runtime\Cache\Home\1223f42a89e823bf89547594651162de.php 第 22 行.
NOTIC: [8] Use of undefined constant good_name - assumed 'good_name' E:\UPUPW_AP7.0\htdocs\DataBase\Application\Runtime\Cache\Home\1223f42a89e823bf89547594651162de.php 第 24 行.
NOTIC: [8] Use of undefined constant good_intro - assumed 'good_intro' E:\UPUPW_AP7.0\htdocs\DataBase\Application\Runtime\Cache\Home\1223f42a89e823bf89547594651162de.php 第 25 行.
NOTIC: [8] Use of undefined constant amount - assumed 'amount' E:\UPUPW_AP7.0\htdocs\DataBase\Application\Runtime\Cache\Home\1223f42a89e823bf89547594651162de.php 第 30 行.
NOTIC: [8] Use of undefined constant remain - assumed 'remain' E:\UPUPW_AP7.0\htdocs\DataBase\Application\Runtime\Cache\Home\1223f42a89e823bf89547594651162de.php 第 30 行.
NOTIC: [8] Use of undefined constant amount - assumed 'amount' E:\UPUPW_AP7.0\htdocs\DataBase\Application\Runtime\Cache\Home\1223f42a89e823bf89547594651162de.php 第 30 行.
NOTIC: [8] Use of undefined constant amount - assumed 'amount' E:\UPUPW_AP7.0\htdocs\DataBase\Application\Runtime\Cache\Home\1223f42a89e823bf89547594651162de.php 第 30 行.
NOTIC: [8] Use of undefined constant remain - assumed 'remain' E:\UPUPW_AP7.0\htdocs\DataBase\Application\Runtime\Cache\Home\1223f42a89e823bf89547594651162de.php 第 30 行.
NOTIC: [8] Use of undefined constant amount - assumed 'amount' E:\UPUPW_AP7.0\htdocs\DataBase\Application\Runtime\Cache\Home\1223f42a89e823bf89547594651162de.php 第 30 行.
NOTIC: [8] Use of undefined constant id - assumed 'id' E:\UPUPW_AP7.0\htdocs\DataBase\Application\Runtime\Cache\Home\1223f42a89e823bf89547594651162de.php 第 36 行.
NOTIC: [8] Use of undefined constant remain - assumed 'remain' E:\UPUPW_AP7.0\htdocs\DataBase\Application\Runtime\Cache\Home\1223f42a89e823bf89547594651162de.php 第 39 行.
NOTIC: [8] Use of undefined constant good_price - assumed 'good_price' E:\UPUPW_AP7.0\htdocs\DataBase\Application\Runtime\Cache\Home\1223f42a89e823bf89547594651162de.php 第 44 行.
NOTIC: [8] Use of undefined constant user_id - assumed 'user_id' E:\UPUPW_AP7.0\htdocs\DataBase\Application\Runtime\Cache\Home\1223f42a89e823bf89547594651162de.php 第 92 行.
INFO: Run Behavior\ParseTemplateBehavior [ RunTime:0.008269s ]
INFO: [ view_parse ] --END-- [ RunTime:0.008289s ]
INFO: [ view_filter ] --START--
INFO: Run Behavior\WriteHtmlCacheBehavior [ RunTime:0.001473s ]
INFO: [ view_filter ] --END-- [ RunTime:0.001492s ]
INFO: [ app_end ] --START--
INFO: Run Behavior\ShowPageTraceBehavior [ RunTime:0.001654s ]
INFO: [ app_end ] --END-- [ RunTime:0.001680s ]

[ 2018-01-26T14:45:32+08:00 ] 127.0.0.1 /DataBase/index.php/Home/Index/detail/event_id/1.html
INFO: [ app_init ] --START--
INFO: Run Behavior\BuildLiteBehavior [ RunTime:0.000005s ]
INFO: [ app_init ] --END-- [ RunTime:0.000031s ]
INFO: [ app_begin ] --START--
INFO: Run Behavior\ReadHtmlCacheBehavior [ RunTime:0.001304s ]
INFO: [ app_begin ] --END-- [ RunTime:0.001326s ]
SQL: SHOW COLUMNS FROM `events` [ RunTime:0.0090s ]
SQL: SELECT events.id,events.good_id,events.amount,events.remain,goods.good_name,goods.good_price,goods.good_img FROM `events` INNER JOIN goods ON events.good_id = goods.id  WHERE events.id = '1' LIMIT 1   [ RunTime:0.0003s ]
NOTIC: [2] Missing argument 1 for Think\Controller::show(), called in E:\UPUPW_AP7.0\htdocs\DataBase\Application\Home\Controller\IndexController.class.php on line 59 and defined E:\UPUPW_AP7.0\htdocs\DataBase\ThinkPHP\Library\Think\Controller.class.php 第 68 行.
NOTIC: [8] Undefined variable: content E:\UPUPW_AP7.0\htdocs\DataBase\ThinkPHP\Library\Think\Controller.class.php 第 69 行.
INFO: [ view_parse ] --START--
INFO: [ template_filter ] --START--
INFO: Run Behavior\ContentReplaceBehavior [ RunTime:0.000033s ]
INFO: [ template_filter ] --END-- [ RunTime:0.000050s ]
NOTIC: [8] Use of undefined constant good_img - assumed 'good_img' E:\UPUPW_AP7.0\htdocs\DataBase\Application\Runtime\Cache\Home\1223f42a89e823bf89547594651162de.php 第 22 行.
NOTIC: [8] Use of undefined constant good_name - assumed 'good_name' E:\UPUPW_AP7.0\htdocs\DataBase\Application\Runtime\Cache\Home\1223f42a89e823bf89547594651162de.php 第 24 行.
NOTIC: [8] Use of undefined constant good_intro - assumed 'good_intro' E:\UPUPW_AP7.0\htdocs\DataBase\Application\Runtime\Cache\Home\1223f42a89e823bf89547594651162de.php 第 25 行.
NOTIC: [8] Undefined index: good_intro E:\UPUPW_AP7.0\htdocs\DataBase\Application\Runtime\Cache\Home\1223f42a89e823bf89547594651162de.php 第 25 行.
NOTIC: [8] Use of undefined constant amount - assumed 'amount' E:\UPUPW_AP7.0\htdocs\DataBase\Application\Runtime\Cache\Home\1223f42a89e823bf89547594651162de.php 第 30 行.
NOTIC: [8] Use of undefined constant remain - assumed 'remain' E:\UPUPW_AP7.0\htdocs\DataBase\Application\Runtime\Cache\Home\1223f42a89e823bf89547594651162de.php 第 30 行.
NOTIC: [8] Use of undefined constant amount - assumed 'amount' E:\UPUPW_AP7.0\htdocs\DataBase\Application\Runtime\Cache\Home\1223f42a89e823bf89547594651162de.php 第 30 行.
NOTIC: [8] Use of undefined constant amount - assumed 'amount' E:\UPUPW_AP7.0\htdocs\DataBase\Application\Runtime\Cache\Home\1223f42a89e823bf89547594651162de.php 第 30 行.
NOTIC: [8] Use of undefined constant remain - assumed 'remain' E:\UPUPW_AP7.0\htdocs\DataBase\Application\Runtime\Cache\Home\1223f42a89e823bf89547594651162de.php 第 30 行.
NOTIC: [8] Use of undefined constant amount - assumed 'amount' E:\UPUPW_AP7.0\htdocs\DataBase\Application\Runtime\Cache\Home\1223f42a89e823bf89547594651162de.php 第 30 行.
NOTIC: [8] Use of undefined constant id - assumed 'id' E:\UPUPW_AP7.0\htdocs\DataBase\Application\Runtime\Cache\Home\1223f42a89e823bf89547594651162de.php 第 36 行.
NOTIC: [8] Use of undefined constant remain - assumed 'remain' E:\UPUPW_AP7.0\htdocs\DataBase\Application\Runtime\Cache\Home\1223f42a89e823bf89547594651162de.php 第 39 行.
NOTIC: [8] Use of undefined constant good_price - assumed 'good_price' E:\UPUPW_AP7.0\htdocs\DataBase\Application\Runtime\Cache\Home\1223f42a89e823bf89547594651162de.php 第 44 行.
NOTIC: [8] Use of undefined constant user_id - assumed 'user_id' E:\UPUPW_AP7.0\htdocs\DataBase\Application\Runtime\Cache\Home\1223f42a89e823bf89547594651162de.php 第 92 行.
INFO: Run Behavior\ParseTemplateBehavior [ RunTime:0.007272s ]
INFO: [ view_parse ] --END-- [ RunTime:0.007291s ]
INFO: [ view_filter ] --START--
INFO: Run Behavior\WriteHtmlCacheBehavior [ RunTime:0.001256s ]
INFO: [ view_filter ] --END-- [ RunTime:0.001270s ]
INFO: [ app_end ] --START--
INFO: Run Behavior\ShowPageTraceBehavior [ RunTime:0.001444s ]
INFO: [ app_end ] --END-- [ RunTime:0.001471s ]

[ 2018-01-26T14:46:10+08:00 ] 127.0.0.1 /DataBase/index.php/Home/Index/detail/event_id/1.html
INFO: [ app_init ] --START--
INFO: Run Behavior\BuildLiteBehavior [ RunTime:0.000005s ]
INFO: [ app_init ] --END-- [ RunTime:0.000032s ]
INFO: [ app_begin ] --START--
INFO: Run Behavior\ReadHtmlCacheBehavior [ RunTime:0.001293s ]
INFO: [ app_begin ] --END-- [ RunTime:0.001321s ]
SQL: SHOW COLUMNS FROM `events` [ RunTime:0.0086s ]
SQL: SELECT events.id,events.good_id,events.amount,events.remain,goods.good_name,goods.good_intro,goods.good_price,goods.good_img FROM `events` INNER JOIN goods ON events.good_id = goods.id  WHERE events.id = '1' LIMIT 1   [ RunTime:0.0003s ]
NOTIC: [2] Missing argument 1 for Think\Controller::show(), called in E:\UPUPW_AP7.0\htdocs\DataBase\Application\Home\Controller\IndexController.class.php on line 59 and defined E:\UPUPW_AP7.0\htdocs\DataBase\ThinkPHP\Library\Think\Controller.class.php 第 68 行.
NOTIC: [8] Undefined variable: content E:\UPUPW_AP7.0\htdocs\DataBase\ThinkPHP\Library\Think\Controller.class.php 第 69 行.
INFO: [ view_parse ] --START--
INFO: [ template_filter ] --START--
INFO: Run Behavior\ContentReplaceBehavior [ RunTime:0.000032s ]
INFO: [ template_filter ] --END-- [ RunTime:0.000049s ]
NOTIC: [8] Use of undefined constant good_img - assumed 'good_img' E:\UPUPW_AP7.0\htdocs\DataBase\Application\Runtime\Cache\Home\1223f42a89e823bf89547594651162de.php 第 22 行.
NOTIC: [8] Use of undefined constant good_name - assumed 'good_name' E:\UPUPW_AP7.0\htdocs\DataBase\Application\Runtime\Cache\Home\1223f42a89e823bf89547594651162de.php 第 24 行.
NOTIC: [8] Use of undefined constant good_intro - assumed 'good_intro' E:\UPUPW_AP7.0\htdocs\DataBase\Application\Runtime\Cache\Home\1223f42a89e823bf89547594651162de.php 第 25 行.
NOTIC: [8] Use of undefined constant amount - assumed 'amount' E:\UPUPW_AP7.0\htdocs\DataBase\Application\Runtime\Cache\Home\1223f42a89e823bf89547594651162de.php 第 30 行.
NOTIC: [8] Use of undefined constant remain - assumed 'remain' E:\UPUPW_AP7.0\htdocs\DataBase\Application\Runtime\Cache\Home\1223f42a89e823bf89547594651162de.php 第 30 行.
NOTIC: [8] Use of undefined constant amount - assumed 'amount' E:\UPUPW_AP7.0\htdocs\DataBase\Application\Runtime\Cache\Home\1223f42a89e823bf89547594651162de.php 第 30 行.
NOTIC: [8] Use of undefined constant amount - assumed 'amount' E:\UPUPW_AP7.0\htdocs\DataBase\Application\Runtime\Cache\Home\1223f42a89e823bf89547594651162de.php 第 30 行.
NOTIC: [8] Use of undefined constant remain - assumed 'remain' E:\UPUPW_AP7.0\htdocs\DataBase\Application\Runtime\Cache\Home\1223f42a89e823bf89547594651162de.php 第 30 行.
NOTIC: [8] Use of undefined constant amount - assumed 'amount' E:\UPUPW_AP7.0\htdocs\DataBase\Application\Runtime\Cache\Home\1223f42a89e823bf89547594651162de.php 第 30 行.
NOTIC: [8] Use of undefined constant id - assumed 'id' E:\UPUPW_AP7.0\htdocs\DataBase\Application\Runtime\Cache\Home\1223f42a89e823bf89547594651162de.php 第 36 行.
NOTIC: [8] Use of undefined constant remain - assumed 'remain' E:\UPUPW_AP7.0\htdocs\DataBase\Application\Runtime\Cache\Home\1223f42a89e823bf89547594651162de.php 第 39 行.
NOTIC: [8] Use of undefined constant good_price - assumed 'good_price' E:\UPUPW_AP7.0\htdocs\DataBase\Application\Runtime\Cache\Home\1223f42a89e823bf89547594651162de.php 第 44 行.
NOTIC: [8] Use of undefined constant user_id - assumed 'user_id' E:\UPUPW_AP7.0\htdocs\DataBase\Application\Runtime\Cache\Home\1223f42a89e823bf89547594651162de.php 第 92 行.
INFO: Run Behavior\ParseTemplateBehavior [ RunTime:0.007511s ]
INFO: [ view_parse ] --END-- [ RunTime:0.007531s ]
INFO: [ view_filter ] --START--
INFO: Run Behavior\WriteHtmlCacheBehavior [ RunTime:0.001713s ]
INFO: [ view_filter ] --END-- [ RunTime:0.001735s ]
INFO: [ app_end ] --START--
INFO: Run Behavior\ShowPageTraceBehavior [ RunTime:0.001725s ]
INFO: [ app_end ] --END-- [ RunTime:0.001742s ]

[ 2018-01-26T14:48:05+08:00 ] 127.0.0.1 /DataBase/index.php/Home/Index/detail/event_id/1.html
INFO: [ app_init ] --START--
INFO: Run Behavior\BuildLiteBehavior [ RunTime:0.000011s ]
INFO: [ app_init ] --END-- [ RunTime:0.000061s ]
INFO: [ app_begin ] --START--
INFO: Run Behavior\ReadHtmlCacheBehavior [ RunTime:0.001231s ]
INFO: [ app_begin ] --END-- [ RunTime:0.001253s ]
SQL: SHOW COLUMNS FROM `events` [ RunTime:0.0086s ]
SQL: SELECT events.id,events.good_id,events.amount,events.remain,goods.good_name,goods.good_intro,goods.good_price,goods.good_img FROM `events` INNER JOIN goods ON events.good_id = goods.id  WHERE events.id = '1' LIMIT 1   [ RunTime:0.0003s ]
NOTIC: [2] Missing argument 1 for Think\Controller::show(), called in E:\UPUPW_AP7.0\htdocs\DataBase\Application\Home\Controller\IndexController.class.php on line 59 and defined E:\UPUPW_AP7.0\htdocs\DataBase\ThinkPHP\Library\Think\Controller.class.php 第 68 行.
NOTIC: [8] Undefined variable: content E:\UPUPW_AP7.0\htdocs\DataBase\ThinkPHP\Library\Think\Controller.class.php 第 69 行.
INFO: [ view_parse ] --START--
INFO: [ template_filter ] --START--
INFO: Run Behavior\ContentReplaceBehavior [ RunTime:0.000034s ]
INFO: [ template_filter ] --END-- [ RunTime:0.000061s ]
NOTIC: [8] Use of undefined constant good_img - assumed 'good_img' E:\UPUPW_AP7.0\htdocs\DataBase\Application\Runtime\Cache\Home\1223f42a89e823bf89547594651162de.php 第 22 行.
NOTIC: [8] Use of undefined constant good_name - assumed 'good_name' E:\UPUPW_AP7.0\htdocs\DataBase\Application\Runtime\Cache\Home\1223f42a89e823bf89547594651162de.php 第 24 行.
NOTIC: [8] Use of undefined constant good_intro - assumed 'good_intro' E:\UPUPW_AP7.0\htdocs\DataBase\Application\Runtime\Cache\Home\1223f42a89e823bf89547594651162de.php 第 25 行.
NOTIC: [8] Use of undefined constant amount - assumed 'amount' E:\UPUPW_AP7.0\htdocs\DataBase\Application\Runtime\Cache\Home\1223f42a89e823bf89547594651162de.php 第 30 行.
NOTIC: [8] Use of undefined constant remain - assumed 'remain' E:\UPUPW_AP7.0\htdocs\DataBase\Application\Runtime\Cache\Home\1223f42a89e823bf89547594651162de.php 第 30 行.
NOTIC: [8] Use of undefined constant amount - assumed 'amount' E:\UPUPW_AP7.0\htdocs\DataBase\Application\Runtime\Cache\Home\1223f42a89e823bf89547594651162de.php 第 30 行.
NOTIC: [8] Use of undefined constant amount - assumed 'amount' E:\UPUPW_AP7.0\htdocs\DataBase\Application\Runtime\Cache\Home\1223f42a89e823bf89547594651162de.php 第 30 行.
NOTIC: [8] Use of undefined constant remain - assumed 'remain' E:\UPUPW_AP7.0\htdocs\DataBase\Application\Runtime\Cache\Home\1223f42a89e823bf89547594651162de.php 第 30 行.
NOTIC: [8] Use of undefined constant amount - assumed 'amount' E:\UPUPW_AP7.0\htdocs\DataBase\Application\Runtime\Cache\Home\1223f42a89e823bf89547594651162de.php 第 30 行.
NOTIC: [8] Use of undefined constant id - assumed 'id' E:\UPUPW_AP7.0\htdocs\DataBase\Application\Runtime\Cache\Home\1223f42a89e823bf89547594651162de.php 第 36 行.
NOTIC: [8] Use of undefined constant remain - assumed 'remain' E:\UPUPW_AP7.0\htdocs\DataBase\Application\Runtime\Cache\Home\1223f42a89e823bf89547594651162de.php 第 39 行.
NOTIC: [8] Use of undefined constant good_price - assumed 'good_price' E:\UPUPW_AP7.0\htdocs\DataBase\Application\Runtime\Cache\Home\1223f42a89e823bf89547594651162de.php 第 44 行.
NOTIC: [8] Use of undefined constant user_id - assumed 'user_id' E:\UPUPW_AP7.0\htdocs\DataBase\Application\Runtime\Cache\Home\1223f42a89e823bf89547594651162de.php 第 92 行.
INFO: Run Behavior\ParseTemplateBehavior [ RunTime:0.019833s ]
INFO: [ view_parse ] --END-- [ RunTime:0.019855s ]
INFO: [ view_filter ] --START--
INFO: Run Behavior\WriteHtmlCacheBehavior [ RunTime:0.001251s ]
INFO: [ view_filter ] --END-- [ RunTime:0.001267s ]
INFO: [ app_end ] --START--
INFO: Run Behavior\ShowPageTraceBehavior [ RunTime:0.001414s ]
INFO: [ app_end ] --END-- [ RunTime:0.001450s ]

[ 2018-01-26T14:48:12+08:00 ] 127.0.0.1 /DataBase/index.php/Home/Index/run_buy.html
INFO: [ app_init ] --START--
INFO: Run Behavior\BuildLiteBehavior [ RunTime:0.000006s ]
INFO: [ app_init ] --END-- [ RunTime:0.000032s ]
INFO: [ app_begin ] --START--
INFO: Run Behavior\ReadHtmlCacheBehavior [ RunTime:0.001229s ]
INFO: [ app_begin ] --END-- [ RunTime:0.001253s ]
INFO: [ app_end ] --START--
INFO: Run Behavior\ShowPageTraceBehavior [ RunTime:0.001268s ]
INFO: [ app_end ] --END-- [ RunTime:0.001296s ]

[ 2018-01-26T14:58:26+08:00 ] 127.0.0.1 /DataBase/index.php/Home/Index/detail/event_id/1.html
INFO: [ app_init ] --START--
INFO: Run Behavior\BuildLiteBehavior [ RunTime:0.000006s ]
INFO: [ app_init ] --END-- [ RunTime:0.000032s ]
INFO: [ app_begin ] --START--
INFO: Run Behavior\ReadHtmlCacheBehavior [ RunTime:0.001457s ]
INFO: [ app_begin ] --END-- [ RunTime:0.001495s ]
SQL: SHOW COLUMNS FROM `events` [ RunTime:0.0117s ]
SQL: SELECT events.id,events.good_id,events.amount,events.remain,goods.good_name,goods.good_intro,goods.good_price,goods.good_img FROM `events` INNER JOIN goods ON events.good_id = goods.id  WHERE events.id = '1' LIMIT 1   [ RunTime:0.0003s ]
NOTIC: [2] Missing argument 1 for Think\Controller::show(), called in E:\UPUPW_AP7.0\htdocs\DataBase\Application\Home\Controller\IndexController.class.php on line 58 and defined E:\UPUPW_AP7.0\htdocs\DataBase\ThinkPHP\Library\Think\Controller.class.php 第 68 行.
NOTIC: [8] Undefined variable: content E:\UPUPW_AP7.0\htdocs\DataBase\ThinkPHP\Library\Think\Controller.class.php 第 69 行.
INFO: [ view_parse ] --START--
INFO: [ template_filter ] --START--
INFO: Run Behavior\ContentReplaceBehavior [ RunTime:0.000033s ]
INFO: [ template_filter ] --END-- [ RunTime:0.000052s ]
NOTIC: [8] Use of undefined constant good_img - assumed 'good_img' E:\UPUPW_AP7.0\htdocs\DataBase\Application\Runtime\Cache\Home\1223f42a89e823bf89547594651162de.php 第 22 行.
NOTIC: [8] Use of undefined constant good_name - assumed 'good_name' E:\UPUPW_AP7.0\htdocs\DataBase\Application\Runtime\Cache\Home\1223f42a89e823bf89547594651162de.php 第 24 行.
NOTIC: [8] Use of undefined constant good_intro - assumed 'good_intro' E:\UPUPW_AP7.0\htdocs\DataBase\Application\Runtime\Cache\Home\1223f42a89e823bf89547594651162de.php 第 25 行.
NOTIC: [8] Use of undefined constant amount - assumed 'amount' E:\UPUPW_AP7.0\htdocs\DataBase\Application\Runtime\Cache\Home\1223f42a89e823bf89547594651162de.php 第 30 行.
NOTIC: [8] Use of undefined constant remain - assumed 'remain' E:\UPUPW_AP7.0\htdocs\DataBase\Application\Runtime\Cache\Home\1223f42a89e823bf89547594651162de.php 第 30 行.
NOTIC: [8] Use of undefined constant amount - assumed 'amount' E:\UPUPW_AP7.0\htdocs\DataBase\Application\Runtime\Cache\Home\1223f42a89e823bf89547594651162de.php 第 30 行.
NOTIC: [8] Use of undefined constant amount - assumed 'amount' E:\UPUPW_AP7.0\htdocs\DataBase\Application\Runtime\Cache\Home\1223f42a89e823bf89547594651162de.php 第 30 行.
NOTIC: [8] Use of undefined constant remain - assumed 'remain' E:\UPUPW_AP7.0\htdocs\DataBase\Application\Runtime\Cache\Home\1223f42a89e823bf89547594651162de.php 第 30 行.
NOTIC: [8] Use of undefined constant amount - assumed 'amount' E:\UPUPW_AP7.0\htdocs\DataBase\Application\Runtime\Cache\Home\1223f42a89e823bf89547594651162de.php 第 30 行.
NOTIC: [8] Use of undefined constant id - assumed 'id' E:\UPUPW_AP7.0\htdocs\DataBase\Application\Runtime\Cache\Home\1223f42a89e823bf89547594651162de.php 第 36 行.
NOTIC: [8] Use of undefined constant remain - assumed 'remain' E:\UPUPW_AP7.0\htdocs\DataBase\Application\Runtime\Cache\Home\1223f42a89e823bf89547594651162de.php 第 39 行.
NOTIC: [8] Use of undefined constant good_price - assumed 'good_price' E:\UPUPW_AP7.0\htdocs\DataBase\Application\Runtime\Cache\Home\1223f42a89e823bf89547594651162de.php 第 44 行.
NOTIC: [8] Use of undefined constant user_id - assumed 'user_id' E:\UPUPW_AP7.0\htdocs\DataBase\Application\Runtime\Cache\Home\1223f42a89e823bf89547594651162de.php 第 92 行.
INFO: Run Behavior\ParseTemplateBehavior [ RunTime:0.020685s ]
INFO: [ view_parse ] --END-- [ RunTime:0.020708s ]
INFO: [ view_filter ] --START--
INFO: Run Behavior\WriteHtmlCacheBehavior [ RunTime:0.001437s ]
INFO: [ view_filter ] --END-- [ RunTime:0.001452s ]
INFO: [ app_end ] --START--
INFO: Run Behavior\ShowPageTraceBehavior [ RunTime:0.001356s ]
INFO: [ app_end ] --END-- [ RunTime:0.001372s ]

[ 2018-01-26T14:58:28+08:00 ] 127.0.0.1 /DataBase/index.php/Home/Cart/run_buy.html
INFO: [ app_init ] --START--
INFO: Run Behavior\BuildLiteBehavior [ RunTime:0.000007s ]
INFO: [ app_init ] --END-- [ RunTime:0.000040s ]
INFO: [ app_begin ] --START--
INFO: Run Behavior\ReadHtmlCacheBehavior [ RunTime:0.001155s ]
INFO: [ app_begin ] --END-- [ RunTime:0.001183s ]
SQL: SHOW COLUMNS FROM `events` [ RunTime:0.0092s ]
SQL: SELECT events.id,events.good_id,events.amount,events.remain,goods.good_name,goods.good_intro,goods.good_price,goods.good_img FROM `events` INNER JOIN goods ON events.good_id = goods.id  WHERE events.id = '1' LIMIT 1   [ RunTime:0.0002s ]
INFO: [ app_end ] --START--
INFO: Run Behavior\ShowPageTraceBehavior [ RunTime:0.001282s ]
INFO: [ app_end ] --END-- [ RunTime:0.001300s ]

[ 2018-01-26T15:06:19+08:00 ] 127.0.0.1 /DataBase/index.php/Home/Cart/run_buy.html
INFO: [ app_init ] --START--
INFO: Run Behavior\BuildLiteBehavior [ RunTime:0.000011s ]
INFO: [ app_init ] --END-- [ RunTime:0.000058s ]
INFO: [ app_begin ] --START--
INFO: Run Behavior\ReadHtmlCacheBehavior [ RunTime:0.001321s ]
INFO: [ app_begin ] --END-- [ RunTime:0.001344s ]
SQL: SHOW COLUMNS FROM `events` [ RunTime:0.0242s ]
SQL: SELECT events.id,events.good_id,events.amount,events.remain,goods.good_name,goods.good_intro,goods.good_price,goods.good_img FROM `events` INNER JOIN goods ON events.good_id = goods.id  WHERE events.id = '1' LIMIT 1   [ RunTime:0.0003s ]
INFO: [ app_end ] --START--
INFO: Run Behavior\ShowPageTraceBehavior [ RunTime:0.001300s ]
INFO: [ app_end ] --END-- [ RunTime:0.001319s ]

[ 2018-01-26T15:09:36+08:00 ] 127.0.0.1 /DataBase/index.php/Home/Cart/run_buy.html
INFO: [ app_init ] --START--
INFO: Run Behavior\BuildLiteBehavior [ RunTime:0.000017s ]
INFO: [ app_init ] --END-- [ RunTime:0.000100s ]
INFO: [ app_begin ] --START--
INFO: Run Behavior\ReadHtmlCacheBehavior [ RunTime:0.002939s ]
INFO: [ app_begin ] --END-- [ RunTime:0.002990s ]
SQL: SHOW COLUMNS FROM `events` [ RunTime:0.0302s ]
SQL: SELECT events.id,events.good_id,events.amount,events.remain,goods.good_name,goods.good_intro,goods.good_price,goods.good_img FROM `events` INNER JOIN goods ON events.good_id = goods.id  WHERE events.id = '1' LIMIT 1   [ RunTime:0.0004s ]
NOTIC: [2] Invalid argument supplied for foreach() E:\UPUPW_AP7.0\htdocs\DataBase\Application\Home\Controller\CartController.class.php 第 28 行.
INFO: [ app_end ] --START--
INFO: Run Behavior\ShowPageTraceBehavior [ RunTime:0.001666s ]
INFO: [ app_end ] --END-- [ RunTime:0.001687s ]

[ 2018-01-26T15:10:55+08:00 ] 127.0.0.1 /DataBase/index.php/Home/Cart/run_buy.html
INFO: [ app_init ] --START--
INFO: Run Behavior\BuildLiteBehavior [ RunTime:0.000007s ]
INFO: [ app_init ] --END-- [ RunTime:0.000034s ]
INFO: [ app_begin ] --START--
INFO: Run Behavior\ReadHtmlCacheBehavior [ RunTime:0.001771s ]
INFO: [ app_begin ] --END-- [ RunTime:0.001800s ]
SQL: SHOW COLUMNS FROM `events` [ RunTime:0.0271s ]
SQL: SELECT events.id,events.good_id,events.amount,events.remain,goods.good_name,goods.good_intro,goods.good_price,goods.good_img FROM `events` INNER JOIN goods ON events.good_id = goods.id  WHERE events.id = '1' LIMIT 1   [ RunTime:0.0003s ]
ERR: Cannot pass parameter 1 by reference

[ 2018-01-26T15:12:18+08:00 ] 127.0.0.1 /DataBase/index.php/Home/Cart/run_buy.html
INFO: [ app_init ] --START--
INFO: Run Behavior\BuildLiteBehavior [ RunTime:0.000007s ]
INFO: [ app_init ] --END-- [ RunTime:0.000038s ]
INFO: [ app_begin ] --START--
INFO: Run Behavior\ReadHtmlCacheBehavior [ RunTime:0.001653s ]
INFO: [ app_begin ] --END-- [ RunTime:0.001691s ]
SQL: SHOW COLUMNS FROM `events` [ RunTime:0.0099s ]
SQL: SELECT events.id,events.good_id,events.amount,events.remain,goods.good_name,goods.good_intro,goods.good_price,goods.good_img FROM `events` INNER JOIN goods ON events.good_id = goods.id  WHERE events.id = '1' LIMIT 1   [ RunTime:0.0003s ]
INFO: [ app_end ] --START--
INFO: Run Behavior\ShowPageTraceBehavior [ RunTime:0.001813s ]
INFO: [ app_end ] --END-- [ RunTime:0.001834s ]

[ 2018-01-26T15:15:33+08:00 ] 127.0.0.1 /DataBase/index.php/Home/Cart/run_buy.html
INFO: [ app_init ] --START--
INFO: Run Behavior\BuildLiteBehavior [ RunTime:0.000007s ]
INFO: [ app_init ] --END-- [ RunTime:0.000038s ]
INFO: [ app_begin ] --START--
INFO: Run Behavior\ReadHtmlCacheBehavior [ RunTime:0.001413s ]
INFO: [ app_begin ] --END-- [ RunTime:0.001443s ]
ERR: syntax error, unexpected '$str' (T_VARIABLE)

[ 2018-01-26T15:15:39+08:00 ] 127.0.0.1 /DataBase/index.php/Home/Cart/run_buy.html
INFO: [ app_init ] --START--
INFO: Run Behavior\BuildLiteBehavior [ RunTime:0.000008s ]
INFO: [ app_init ] --END-- [ RunTime:0.000036s ]
INFO: [ app_begin ] --START--
INFO: Run Behavior\ReadHtmlCacheBehavior [ RunTime:0.001206s ]
INFO: [ app_begin ] --END-- [ RunTime:0.001235s ]
SQL: SHOW COLUMNS FROM `events` [ RunTime:0.0140s ]
SQL: SELECT events.id,events.good_id,events.amount,events.remain,goods.good_name,goods.good_intro,goods.good_price,goods.good_img FROM `events` INNER JOIN goods ON events.good_id = goods.id  WHERE events.id = '1' LIMIT 1   [ RunTime:0.0003s ]
INFO: [ app_end ] --START--
INFO: Run Behavior\ShowPageTraceBehavior [ RunTime:0.001426s ]
INFO: [ app_end ] --END-- [ RunTime:0.001455s ]

[ 2018-01-26T15:16:45+08:00 ] 127.0.0.1 /DataBase/index.php/Home/Cart/run_buy.html
INFO: [ app_init ] --START--
INFO: Run Behavior\BuildLiteBehavior [ RunTime:0.000007s ]
INFO: [ app_init ] --END-- [ RunTime:0.000037s ]
INFO: [ app_begin ] --START--
INFO: Run Behavior\ReadHtmlCacheBehavior [ RunTime:0.001361s ]
INFO: [ app_begin ] --END-- [ RunTime:0.001390s ]
SQL: SHOW COLUMNS FROM `events` [ RunTime:0.0095s ]
SQL: SELECT events.id,events.good_id,events.amount,events.remain,goods.good_name,goods.good_intro,goods.good_price,goods.good_img FROM `events` INNER JOIN goods ON events.good_id = goods.id  WHERE events.id = '1' LIMIT 1   [ RunTime:0.0003s ]
INFO: [ app_end ] --START--
INFO: Run Behavior\ShowPageTraceBehavior [ RunTime:0.001334s ]
INFO: [ app_end ] --END-- [ RunTime:0.001351s ]

[ 2018-01-26T15:38:32+08:00 ] 127.0.0.1 /DataBase/index.php/Home/Cart/run_buy.html
INFO: [ app_init ] --START--
INFO: Run Behavior\BuildLiteBehavior [ RunTime:0.000006s ]
INFO: [ app_init ] --END-- [ RunTime:0.000036s ]
INFO: [ app_begin ] --START--
INFO: Run Behavior\ReadHtmlCacheBehavior [ RunTime:0.001349s ]
INFO: [ app_begin ] --END-- [ RunTime:0.001377s ]
SQL: SHOW COLUMNS FROM `events` [ RunTime:0.0119s ]
SQL: SELECT events.id,events.good_id,events.amount,events.remain,goods.good_name,goods.good_intro,goods.good_price,goods.good_img FROM `events` INNER JOIN goods ON events.good_id = goods.id  WHERE events.id = '1' LIMIT 1   [ RunTime:0.0003s ]
INFO: [ app_end ] --START--
INFO: Run Behavior\ShowPageTraceBehavior [ RunTime:0.001651s ]
INFO: [ app_end ] --END-- [ RunTime:0.001672s ]

